14:43:36.394 INFO  manager.ApplicationManager - All tests start in 'ChromeDriver'
14:43:37.789 INFO  tests.Methods - Start test --->public void tests.RegistrationTests.regSuccessModel()
14:43:37.790 INFO  manager.MyListener - Start find element--->By.xpath: //*[text()=' Logout ']
14:43:42.842 INFO  manager.MyListener - The element  with locator--->By.xpath: //*[text()=' Logout ']<---was found
14:43:42.852 INFO  tests.Methods - Test start with data: User{email='akdx-586zc@gmail.com', password='Zcvbb2ds2!'}
14:43:42.852 INFO  manager.MyListener - Start find element--->By.xpath: //*[text()=' Log in ']
14:43:42.863 INFO  manager.MyListener - The element  with locator--->By.xpath: //*[text()=' Log in ']<---was found
14:43:42.918 INFO  manager.MyListener - Start find element--->By.xpath: //*[text()='Click here']
14:43:42.931 INFO  manager.MyListener - The element  with locator--->By.xpath: //*[text()='Click here']<---was found
14:43:42.967 INFO  manager.MyListener - Start find element--->By.cssSelector: #name
14:43:42.980 INFO  manager.MyListener - The element  with locator--->By.cssSelector: #name<---was found
14:43:43.559 INFO  manager.MyListener - Start find element--->By.cssSelector: #lastName
14:43:43.568 INFO  manager.MyListener - The element  with locator--->By.cssSelector: #lastName<---was found
14:43:44.139 INFO  manager.MyListener - Start find element--->By.cssSelector: #email
14:43:44.148 INFO  manager.MyListener - The element  with locator--->By.cssSelector: #email<---was found
14:43:44.749 INFO  manager.MyListener - Start find element--->By.cssSelector: #password
14:43:44.759 INFO  manager.MyListener - The element  with locator--->By.cssSelector: #password<---was found
14:43:45.329 INFO  manager.MyListener - Start find element--->By.cssSelector: label[for='terms-of-use']
14:43:45.338 INFO  manager.MyListener - The element  with locator--->By.cssSelector: label[for='terms-of-use']<---was found
14:43:45.674 INFO  manager.MyListener - Start find element--->By.xpath: //button[@type='submit']
14:43:45.685 INFO  manager.MyListener - The element  with locator--->By.xpath: //button[@type='submit']<---was found
14:43:45.722 INFO  manager.MyListener - Start find element--->By.xpath: //button[@type='submit']
14:43:45.729 INFO  manager.MyListener - The element  with locator--->By.xpath: //button[@type='submit']<---was found
14:43:46.759 INFO  manager.MyListener - Start find element--->By.cssSelector: .dialog-container h2
14:43:46.768 INFO  manager.MyListener - The element  with locator--->By.cssSelector: .dialog-container h2<---was found
14:43:46.783 INFO  manager.MyListener - Start find element--->By.cssSelector: .dialog-container h2
14:43:46.789 INFO  manager.MyListener - The element  with locator--->By.cssSelector: .dialog-container h2<---was found
14:43:46.806 INFO  manager.MyListener - Start find element--->By.xpath: //button[text()='Ok']
14:43:46.815 INFO  manager.MyListener - The element  with locator--->By.xpath: //button[text()='Ok']<---was found
14:43:46.816 INFO  manager.MyListener - Start find element--->By.xpath: //button[text()='Ok']
14:43:46.825 INFO  manager.MyListener - The element  with locator--->By.xpath: //button[text()='Ok']<---was found
14:43:46.851 INFO  tests.Methods - Finish test--->public void tests.RegistrationTests.regSuccessModel()
14:43:46.854 INFO  tests.Methods - Start test --->public void tests.AddNewCarTest.addNewCarSuccess()
14:43:46.855 INFO  tests.Methods -  'Car Reg number' 100-2227826
14:43:46.877 INFO  tests.Methods - Add car --->Car(address=Tel Aviv, Israel, make=BMW, model=M5, year=2022, engine=2.5, fuel=Petrol, gear=MT, wD=AWD, doors=5, seats=4, carClass=C, fuelConsumption=6.5, carRegNumber=100-22-27826, price=65, distanceIncluded=500, features=Type of features, about=Very good car)
14:43:47.878 INFO  manager.MyListener - Start find element--->By.id: 1
14:43:47.888 INFO  manager.MyListener - The element  with locator--->By.id: 1<---was found
14:43:47.951 INFO  manager.MyListener - Start find element--->By.id: pickUpPlace
14:43:47.962 INFO  manager.MyListener - The element  with locator--->By.id: pickUpPlace<---was found
14:43:48.558 INFO  manager.MyListener - Start find element--->By.cssSelector: .pac-item
14:43:48.939 INFO  manager.MyListener - The element  with locator--->By.cssSelector: .pac-item<---was found
14:43:49.467 INFO  manager.MyListener - Start find element--->By.id: make
14:43:49.476 INFO  manager.MyListener - The element  with locator--->By.id: make<---was found
14:43:50.051 INFO  manager.MyListener - Start find element--->By.id: model
14:43:50.060 INFO  manager.MyListener - The element  with locator--->By.id: model<---was found
14:43:50.634 INFO  manager.MyListener - Start find element--->By.id: year
14:43:50.642 INFO  manager.MyListener - The element  with locator--->By.id: year<---was found
14:43:51.227 INFO  manager.MyListener - Start find element--->By.id: engine
14:43:51.236 INFO  manager.MyListener - The element  with locator--->By.id: engine<---was found
14:43:51.811 INFO  manager.MyListener - Start find element--->By.id: fuel
14:43:51.821 INFO  manager.MyListener - The element  with locator--->By.id: fuel<---was found
14:43:51.832 INFO  manager.MyListener - Start find element--->By.xpath: .//option[@value = "Petrol"]
14:43:51.843 INFO  manager.MyListener - The element  with locator--->By.xpath: .//option[@value = "Petrol"]<---was found
14:43:51.868 INFO  manager.MyListener - Start find element--->By.id: gear
14:43:51.878 INFO  manager.MyListener - The element  with locator--->By.id: gear<---was found
14:43:51.889 INFO  manager.MyListener - Start find element--->By.xpath: .//option[@value = "MT"]
14:43:51.898 INFO  manager.MyListener - The element  with locator--->By.xpath: .//option[@value = "MT"]<---was found
14:43:51.925 INFO  manager.MyListener - Start find element--->By.id: wheelsDrive
14:43:51.934 INFO  manager.MyListener - The element  with locator--->By.id: wheelsDrive<---was found
14:43:51.947 INFO  manager.MyListener - Start find element--->By.xpath: .//option[@value = "AWD"]
14:43:51.957 INFO  manager.MyListener - The element  with locator--->By.xpath: .//option[@value = "AWD"]<---was found
14:43:51.983 INFO  manager.MyListener - Start find element--->By.id: doors
14:43:51.993 INFO  manager.MyListener - The element  with locator--->By.id: doors<---was found
14:43:52.578 INFO  manager.MyListener - Start find element--->By.id: seats
14:43:52.588 INFO  manager.MyListener - The element  with locator--->By.id: seats<---was found
14:43:53.170 INFO  manager.MyListener - Start find element--->By.id: class
14:43:53.180 INFO  manager.MyListener - The element  with locator--->By.id: class<---was found
14:43:53.758 INFO  manager.MyListener - Start find element--->By.id: fuelConsumption
14:43:53.767 INFO  manager.MyListener - The element  with locator--->By.id: fuelConsumption<---was found
14:43:54.352 INFO  manager.MyListener - Start find element--->By.id: serialNumber
14:43:54.360 INFO  manager.MyListener - The element  with locator--->By.id: serialNumber<---was found
14:43:54.949 INFO  manager.MyListener - Start find element--->By.id: price
14:43:54.959 INFO  manager.MyListener - The element  with locator--->By.id: price<---was found
14:43:55.543 INFO  manager.MyListener - Start find element--->By.id: distance
14:43:55.553 INFO  manager.MyListener - The element  with locator--->By.id: distance<---was found
14:43:56.138 INFO  manager.MyListener - Start find element--->By.id: about
14:43:56.147 INFO  manager.MyListener - The element  with locator--->By.id: about<---was found
14:43:56.729 INFO  manager.MyListener - Start find element--->By.cssSelector: [placeholder='Type feature']
14:43:56.739 INFO  manager.MyListener - The element  with locator--->By.cssSelector: [placeholder='Type feature']<---was found
14:43:57.327 INFO  manager.MyListener - Start find element--->By.xpath: //*[text()='Add feature']
14:43:57.336 INFO  manager.MyListener - The element  with locator--->By.xpath: //*[text()='Add feature']<---was found
14:43:57.358 INFO  manager.MyListener - Start find element--->By.cssSelector: input[type=file]
14:43:57.367 INFO  manager.MyListener - The element  with locator--->By.cssSelector: input[type=file]<---was found
14:43:57.399 INFO  tests.Methods - Attach photo --> D:/download.jpg
14:43:57.400 INFO  manager.MyListener - Start find element--->By.xpath: //button[@type='submit']
14:43:57.407 INFO  manager.MyListener - The element  with locator--->By.xpath: //button[@type='submit']<---was found
14:43:58.963 INFO  manager.MyListener - Start find element--->By.xpath: //button[@type='submit']
14:43:58.969 INFO  manager.MyListener - The element  with locator--->By.xpath: //button[@type='submit']<---was found
14:43:58.998 INFO  manager.MyListener - Start find element--->By.xpath: //*[text()='Show car']
14:44:00.136 INFO  manager.MyListener - The element  with locator--->By.xpath: //*[text()='Show car']<---was found
14:44:00.163 INFO  manager.MyListener - Start find element--->By.cssSelector: div.dialog-container
14:44:00.174 INFO  manager.MyListener - The element  with locator--->By.cssSelector: div.dialog-container<---was found
14:44:00.185 INFO  manager.MyListener - Start find element--->By.cssSelector: div.dialog-container h1
14:44:00.193 INFO  manager.MyListener - The element  with locator--->By.cssSelector: div.dialog-container h1<---was found
14:44:00.204 INFO  tests.Methods - Finish test--->public void tests.AddNewCarTest.addNewCarSuccess()
