14:39:11.960 INFO  manager.ApplicationManager - All tests start in 'ChromeDriver'
14:39:13.352 INFO  tests.Methods - Start test --->public void tests.RegistrationTests.regSuccess()
14:39:13.354 INFO  manager.MyListener - Start find element--->By.xpath: //*[text()=' Logout ']
14:39:18.390 INFO  manager.MyListener - The element  with locator--->By.xpath: //*[text()=' Logout ']<---was found
14:39:18.394 INFO  tests.Methods - Test start with data:  Name:Anna 
14:39:18.395 INFO  manager.MyListener - Start find element--->By.xpath: //*[text()=' Log in ']
14:39:18.406 INFO  manager.MyListener - The element  with locator--->By.xpath: //*[text()=' Log in ']<---was found
14:39:18.456 INFO  manager.MyListener - Start find element--->By.xpath: //*[text()='Click here']
14:39:18.470 INFO  manager.MyListener - The element  with locator--->By.xpath: //*[text()='Click here']<---was found
14:39:18.504 INFO  manager.MyListener - Start find element--->By.cssSelector: #name
14:39:18.515 INFO  manager.MyListener - The element  with locator--->By.cssSelector: #name<---was found
14:39:19.093 INFO  manager.MyListener - Start find element--->By.cssSelector: #lastName
14:39:19.102 INFO  manager.MyListener - The element  with locator--->By.cssSelector: #lastName<---was found
14:39:19.674 INFO  manager.MyListener - Start find element--->By.cssSelector: #email
14:39:19.684 INFO  manager.MyListener - The element  with locator--->By.cssSelector: #email<---was found
14:39:20.287 INFO  manager.MyListener - Start find element--->By.cssSelector: #password
14:39:20.297 INFO  manager.MyListener - The element  with locator--->By.cssSelector: #password<---was found
14:39:20.868 INFO  manager.MyListener - Start find element--->By.cssSelector: label[for='terms-of-use']
14:39:20.877 INFO  manager.MyListener - The element  with locator--->By.cssSelector: label[for='terms-of-use']<---was found
14:39:21.211 INFO  manager.MyListener - Start find element--->By.xpath: //button[@type='submit']
14:39:21.223 INFO  manager.MyListener - The element  with locator--->By.xpath: //button[@type='submit']<---was found
14:39:21.258 INFO  manager.MyListener - Start find element--->By.xpath: //button[@type='submit']
14:39:21.265 INFO  manager.MyListener - The element  with locator--->By.xpath: //button[@type='submit']<---was found
14:39:21.294 INFO  manager.MyListener - Start find element--->By.cssSelector: .dialog-container h2
14:39:22.315 INFO  manager.MyListener - The element  with locator--->By.cssSelector: .dialog-container h2<---was found
14:39:22.336 INFO  manager.MyListener - Start find element--->By.cssSelector: .dialog-container h2
14:39:22.342 INFO  manager.MyListener - The element  with locator--->By.cssSelector: .dialog-container h2<---was found
14:39:22.356 INFO  manager.MyListener - Start find element--->By.xpath: //button[text()='Ok']
14:39:22.365 INFO  manager.MyListener - The element  with locator--->By.xpath: //button[text()='Ok']<---was found
14:39:22.366 INFO  manager.MyListener - Start find element--->By.xpath: //button[text()='Ok']
14:39:22.375 INFO  manager.MyListener - The element  with locator--->By.xpath: //button[text()='Ok']<---was found
14:39:22.401 INFO  tests.Methods - Finish test--->public void tests.RegistrationTests.regSuccess()
14:39:22.403 INFO  tests.Methods - Start test --->public void tests.RegistrationTests.regSuccessModel()
14:39:22.403 INFO  manager.MyListener - Start find element--->By.xpath: //*[text()=' Logout ']
14:39:22.411 INFO  manager.MyListener - The element  with locator--->By.xpath: //*[text()=' Logout ']<---was found
14:39:22.412 INFO  manager.MyListener - Start find element--->By.xpath: //*[text()=' Logout ']
14:39:22.421 INFO  manager.MyListener - The element  with locator--->By.xpath: //*[text()=' Logout ']<---was found
14:39:22.467 INFO  tests.Methods - Test start with data: User{email='akdx-846zc@gmail.com', password='Zcvbb2ds2!'}
14:39:22.467 INFO  manager.MyListener - Start find element--->By.xpath: //*[text()=' Log in ']
14:39:22.474 INFO  manager.MyListener - The element  with locator--->By.xpath: //*[text()=' Log in ']<---was found
14:39:22.519 INFO  manager.MyListener - Start find element--->By.xpath: //*[text()='Click here']
14:39:22.527 INFO  manager.MyListener - The element  with locator--->By.xpath: //*[text()='Click here']<---was found
14:39:22.559 INFO  manager.MyListener - Start find element--->By.cssSelector: #name
14:39:22.567 INFO  manager.MyListener - The element  with locator--->By.cssSelector: #name<---was found
14:39:23.530 INFO  manager.MyListener - This is the link to screen with problem--->src/test/screenshots/screen2362.png
14:39:23.531 INFO  manager.MyListener - Start find element--->By.xpath: //button[text()='Ok']
14:39:28.586 INFO  manager.MyListener - The element  with locator--->By.xpath: //button[text()='Ok']<---was found
14:39:28.587 INFO  tests.Methods - Finish test--->public void tests.RegistrationTests.regSuccessModel()
14:39:28.592 INFO  tests.Methods - Start test --->public void tests.RegistrationTests.regSuccessWithMyData(java.lang.String,java.lang.String,java.lang.String,java.lang.String)
14:39:28.592 INFO  manager.MyListener - Start find element--->By.xpath: //*[text()=' Logout ']
14:39:33.605 INFO  manager.MyListener - The element  with locator--->By.xpath: //*[text()=' Logout ']<---was found
14:39:33.607 INFO  tests.Methods - Test start with data:  Name: Anna
14:39:33.607 INFO  manager.MyListener - Start find element--->By.xpath: //*[text()=' Log in ']
14:39:33.615 INFO  manager.MyListener - The element  with locator--->By.xpath: //*[text()=' Log in ']<---was found
14:39:33.656 INFO  manager.MyListener - Start find element--->By.xpath: //*[text()='Click here']
14:39:33.667 INFO  manager.MyListener - The element  with locator--->By.xpath: //*[text()='Click here']<---was found
14:39:33.694 INFO  manager.MyListener - Start find element--->By.cssSelector: #name
14:39:33.704 INFO  manager.MyListener - The element  with locator--->By.cssSelector: #name<---was found
14:39:34.274 INFO  manager.MyListener - Start find element--->By.cssSelector: #lastName
14:39:34.283 INFO  manager.MyListener - The element  with locator--->By.cssSelector: #lastName<---was found
14:39:34.855 INFO  manager.MyListener - Start find element--->By.cssSelector: #email
14:39:34.863 INFO  manager.MyListener - The element  with locator--->By.cssSelector: #email<---was found
14:39:35.465 INFO  manager.MyListener - Start find element--->By.cssSelector: #password
14:39:35.474 INFO  manager.MyListener - The element  with locator--->By.cssSelector: #password<---was found
14:39:36.046 INFO  manager.MyListener - Start find element--->By.cssSelector: label[for='terms-of-use']
14:39:36.055 INFO  manager.MyListener - The element  with locator--->By.cssSelector: label[for='terms-of-use']<---was found
14:39:36.383 INFO  manager.MyListener - Start find element--->By.xpath: //button[@type='submit']
14:39:36.391 INFO  manager.MyListener - The element  with locator--->By.xpath: //button[@type='submit']<---was found
14:39:36.414 INFO  manager.MyListener - Start find element--->By.xpath: //button[@type='submit']
14:39:36.423 INFO  manager.MyListener - The element  with locator--->By.xpath: //button[@type='submit']<---was found
14:39:36.450 INFO  manager.MyListener - Start find element--->By.cssSelector: .dialog-container h2
14:39:36.834 INFO  manager.MyListener - The element  with locator--->By.cssSelector: .dialog-container h2<---was found
14:39:36.851 INFO  manager.MyListener - Start find element--->By.cssSelector: .dialog-container h2
14:39:36.858 INFO  manager.MyListener - The element  with locator--->By.cssSelector: .dialog-container h2<---was found
14:39:36.869 INFO  manager.MyListener - Start find element--->By.xpath: //button[text()='Ok']
14:39:36.876 INFO  manager.MyListener - The element  with locator--->By.xpath: //button[text()='Ok']<---was found
14:39:36.877 INFO  manager.MyListener - Start find element--->By.xpath: //button[text()='Ok']
14:39:36.886 INFO  manager.MyListener - The element  with locator--->By.xpath: //button[text()='Ok']<---was found
14:39:36.913 INFO  tests.Methods - Finish test--->public void tests.RegistrationTests.regSuccessWithMyData(java.lang.String,java.lang.String,java.lang.String,java.lang.String)
14:39:36.913 INFO  tests.Methods - Start test --->public void tests.RegistrationTests.regSuccessWrongPasswordModel()
14:39:36.914 INFO  manager.MyListener - Start find element--->By.xpath: //*[text()=' Logout ']
14:39:36.920 INFO  manager.MyListener - The element  with locator--->By.xpath: //*[text()=' Logout ']<---was found
14:39:36.920 INFO  manager.MyListener - Start find element--->By.xpath: //*[text()=' Logout ']
14:39:36.929 INFO  manager.MyListener - The element  with locator--->By.xpath: //*[text()=' Logout ']<---was found
14:39:36.975 INFO  tests.Methods - Test start with data: User{email='akdxzc@gmail.com', password='12345'}
14:39:36.975 INFO  manager.MyListener - Start find element--->By.xpath: //*[text()=' Log in ']
14:39:36.983 INFO  manager.MyListener - The element  with locator--->By.xpath: //*[text()=' Log in ']<---was found
14:39:37.023 INFO  manager.MyListener - Start find element--->By.xpath: //*[text()='Click here']
14:39:37.030 INFO  manager.MyListener - The element  with locator--->By.xpath: //*[text()='Click here']<---was found
14:39:37.057 INFO  manager.MyListener - Start find element--->By.cssSelector: #name
14:39:37.064 INFO  manager.MyListener - The element  with locator--->By.cssSelector: #name<---was found
14:39:37.635 INFO  manager.MyListener - Start find element--->By.cssSelector: #lastName
14:39:37.641 INFO  manager.MyListener - The element  with locator--->By.cssSelector: #lastName<---was found
14:39:38.211 INFO  manager.MyListener - Start find element--->By.cssSelector: #email
14:39:38.216 INFO  manager.MyListener - The element  with locator--->By.cssSelector: #email<---was found
14:39:38.811 INFO  manager.MyListener - Start find element--->By.cssSelector: #password
14:39:38.817 INFO  manager.MyListener - The element  with locator--->By.cssSelector: #password<---was found
14:39:39.388 INFO  manager.MyListener - Start find element--->By.cssSelector: label[for='terms-of-use']
14:39:39.395 INFO  manager.MyListener - The element  with locator--->By.cssSelector: label[for='terms-of-use']<---was found
14:39:39.723 INFO  manager.MyListener - Start find element--->By.cssSelector: div.error :first-child
14:39:39.733 INFO  manager.MyListener - The element  with locator--->By.cssSelector: div.error :first-child<---was found
14:39:39.743 INFO  manager.MyListener - Start find element--->By.cssSelector: div.error :last-child
14:39:39.750 INFO  manager.MyListener - The element  with locator--->By.cssSelector: div.error :last-child<---was found
14:39:39.760 INFO  manager.MyListener - Start find element--->By.cssSelector: [type='submit']
14:39:39.768 INFO  manager.MyListener - The element  with locator--->By.cssSelector: [type='submit']<---was found
14:39:39.774 INFO  manager.MyListener - Start find element--->By.cssSelector: button[disabled]
14:39:39.782 INFO  manager.MyListener - The element  with locator--->By.cssSelector: button[disabled]<---was found
14:39:39.783 INFO  manager.MyListener - Start find element--->By.xpath: //button[text()='Ok']
14:39:44.831 INFO  manager.MyListener - The element  with locator--->By.xpath: //button[text()='Ok']<---was found
14:39:44.832 INFO  tests.Methods - Finish test--->public void tests.RegistrationTests.regSuccessWrongPasswordModel()
14:39:44.834 INFO  tests.Methods - Start test --->public void tests.AddNewCarTest.addNewCarSuccess()
14:39:44.835 INFO  manager.MyListener - Start find element--->By.xpath: //*[text()=' Logout ']
14:39:49.888 INFO  manager.MyListener - The element  with locator--->By.xpath: //*[text()=' Logout ']<---was found
14:39:49.889 INFO  manager.MyListener - Start find element--->By.xpath: //*[text()=' Log in ']
14:39:49.895 INFO  manager.MyListener - The element  with locator--->By.xpath: //*[text()=' Log in ']<---was found
14:39:49.920 INFO  manager.MyListener - Start find element--->By.cssSelector: #email
14:39:49.929 INFO  manager.MyListener - The element  with locator--->By.cssSelector: #email<---was found
14:39:50.507 INFO  manager.MyListener - Start find element--->By.cssSelector: #password
14:39:50.513 INFO  manager.MyListener - The element  with locator--->By.cssSelector: #password<---was found
14:39:51.079 INFO  manager.MyListener - Start find element--->By.xpath: //button[@type='submit']
14:39:51.087 INFO  manager.MyListener - The element  with locator--->By.xpath: //button[@type='submit']<---was found
14:40:01.365 INFO  tests.Methods - Finish test--->public void tests.AddNewCarTest.addNewCarSuccess()
14:40:01.367 INFO  tests.Methods - Start test --->public void tests.AddNewCarTest.addNewCarSuccessWithDataProvider(java.lang.String,java.lang.String,java.lang.String,java.lang.String,java.lang.String,java.lang.String,java.lang.String,java.lang.String,java.lang.String,java.lang.String,java.lang.String,java.lang.String,java.lang.String,java.lang.String,java.lang.String,java.lang.String,java.lang.String)
14:40:01.368 INFO  tests.Methods - Finish test--->public void tests.AddNewCarTest.addNewCarSuccessWithDataProvider(java.lang.String,java.lang.String,java.lang.String,java.lang.String,java.lang.String,java.lang.String,java.lang.String,java.lang.String,java.lang.String,java.lang.String,java.lang.String,java.lang.String,java.lang.String,java.lang.String,java.lang.String,java.lang.String,java.lang.String)
