12:42:12.459 INFO  manager.ApplicationManager - All tests start in 'ChromeDriver'
12:42:13.841 INFO  tests.Methods - Start test --->public void tests.AddNewCarTest.addNewCarSuccess()
12:42:13.843 INFO  manager.MyListener - Start find element--->By.xpath: //*[text()=' Logout ']
12:42:18.873 INFO  manager.MyListener - The element  with locator--->By.xpath: //*[text()=' Logout ']<---was found
12:42:18.874 INFO  manager.MyListener - Start find element--->By.xpath: //*[text()=' Log in ']
12:42:18.884 INFO  manager.MyListener - The element  with locator--->By.xpath: //*[text()=' Log in ']<---was found
12:42:18.934 INFO  manager.MyListener - Start find element--->By.cssSelector: #email
12:42:18.948 INFO  manager.MyListener - The element  with locator--->By.cssSelector: #email<---was found
12:42:19.548 INFO  manager.MyListener - Start find element--->By.cssSelector: #password
12:42:19.557 INFO  manager.MyListener - The element  with locator--->By.cssSelector: #password<---was found
12:42:20.127 INFO  manager.MyListener - Start find element--->By.xpath: //button[@type='submit']
12:42:20.136 INFO  manager.MyListener - The element  with locator--->By.xpath: //button[@type='submit']<---was found
12:42:20.173 INFO  manager.MyListener - Start find element--->By.xpath: //button[@type='submit']
12:42:20.179 INFO  manager.MyListener - The element  with locator--->By.xpath: //button[@type='submit']<---was found
12:42:20.206 INFO  manager.MyListener - Start find element--->By.xpath: //button[text()='Ok']
12:42:20.749 INFO  manager.MyListener - The element  with locator--->By.xpath: //button[text()='Ok']<---was found
12:42:20.750 INFO  manager.MyListener - Start find element--->By.xpath: //button[text()='Ok']
12:42:20.761 INFO  manager.MyListener - The element  with locator--->By.xpath: //button[text()='Ok']<---was found
12:42:20.790 INFO  tests.Methods -  'Car Reg number' 100-2220540
12:42:20.818 INFO  tests.Methods - Add car --->Car(address=Tel Aviv, Israel, make=BMW, model=M5, year=2022, engine=2.5, fuel=Petrol, gear=MT, wD=AWD, doors=5, seats=4, carClass=C, fuelConsumption=6.5, carRegNumber=100-22-20540, price=65, distanceIncluded=500, features=Type of features, about=Very good car)
12:42:21.818 INFO  manager.MyListener - Start find element--->By.id: 1
12:42:21.827 INFO  manager.MyListener - The element  with locator--->By.id: 1<---was found
12:42:21.897 INFO  manager.MyListener - Start find element--->By.id: pickUpPlace
12:42:21.908 INFO  manager.MyListener - The element  with locator--->By.id: pickUpPlace<---was found
12:42:22.505 INFO  manager.MyListener - Start find element--->By.cssSelector: .pac-item
12:42:22.834 INFO  manager.MyListener - The element  with locator--->By.cssSelector: .pac-item<---was found
12:42:23.364 INFO  manager.MyListener - Start find element--->By.id: make
12:42:23.374 INFO  manager.MyListener - The element  with locator--->By.id: make<---was found
12:42:23.949 INFO  manager.MyListener - Start find element--->By.id: model
12:42:23.957 INFO  manager.MyListener - The element  with locator--->By.id: model<---was found
12:42:24.530 INFO  manager.MyListener - Start find element--->By.id: year
12:42:24.539 INFO  manager.MyListener - The element  with locator--->By.id: year<---was found
12:42:25.122 INFO  manager.MyListener - Start find element--->By.id: engine
12:42:25.132 INFO  manager.MyListener - The element  with locator--->By.id: engine<---was found
12:42:25.709 INFO  manager.MyListener - Start find element--->By.id: fuel
12:42:25.719 INFO  manager.MyListener - The element  with locator--->By.id: fuel<---was found
12:42:25.730 INFO  manager.MyListener - Start find element--->By.xpath: .//option[@value = "Petrol"]
12:42:25.741 INFO  manager.MyListener - The element  with locator--->By.xpath: .//option[@value = "Petrol"]<---was found
12:42:25.765 INFO  manager.MyListener - Start find element--->By.id: gear
12:42:25.775 INFO  manager.MyListener - The element  with locator--->By.id: gear<---was found
12:42:25.788 INFO  manager.MyListener - Start find element--->By.xpath: .//option[@value = "MT"]
12:42:25.798 INFO  manager.MyListener - The element  with locator--->By.xpath: .//option[@value = "MT"]<---was found
12:42:25.822 INFO  manager.MyListener - Start find element--->By.id: wheelsDrive
12:42:25.832 INFO  manager.MyListener - The element  with locator--->By.id: wheelsDrive<---was found
12:42:25.844 INFO  manager.MyListener - Start find element--->By.xpath: .//option[@value = "AWD"]
12:42:25.854 INFO  manager.MyListener - The element  with locator--->By.xpath: .//option[@value = "AWD"]<---was found
12:42:25.878 INFO  manager.MyListener - Start find element--->By.id: doors
12:42:25.888 INFO  manager.MyListener - The element  with locator--->By.id: doors<---was found
12:42:26.472 INFO  manager.MyListener - Start find element--->By.id: seats
12:42:26.481 INFO  manager.MyListener - The element  with locator--->By.id: seats<---was found
12:42:27.061 INFO  manager.MyListener - Start find element--->By.id: class
12:42:27.071 INFO  manager.MyListener - The element  with locator--->By.id: class<---was found
12:42:27.646 INFO  manager.MyListener - Start find element--->By.id: fuelConsumption
12:42:27.656 INFO  manager.MyListener - The element  with locator--->By.id: fuelConsumption<---was found
12:42:28.239 INFO  manager.MyListener - Start find element--->By.id: serialNumber
12:42:28.248 INFO  manager.MyListener - The element  with locator--->By.id: serialNumber<---was found
12:42:28.842 INFO  manager.MyListener - Start find element--->By.id: price
12:42:28.852 INFO  manager.MyListener - The element  with locator--->By.id: price<---was found
12:42:29.436 INFO  manager.MyListener - Start find element--->By.id: distance
12:42:29.445 INFO  manager.MyListener - The element  with locator--->By.id: distance<---was found
12:42:30.026 INFO  manager.MyListener - Start find element--->By.id: about
12:42:30.036 INFO  manager.MyListener - The element  with locator--->By.id: about<---was found
12:42:30.619 INFO  manager.MyListener - Start find element--->By.cssSelector: [placeholder='Type feature']
12:42:30.628 INFO  manager.MyListener - The element  with locator--->By.cssSelector: [placeholder='Type feature']<---was found
12:42:31.220 INFO  manager.MyListener - Start find element--->By.xpath: //*[text()='Add feature']
12:42:31.230 INFO  manager.MyListener - The element  with locator--->By.xpath: //*[text()='Add feature']<---was found
12:42:31.253 INFO  manager.MyListener - Start find element--->By.cssSelector: input[type=file]
12:42:31.262 INFO  manager.MyListener - The element  with locator--->By.cssSelector: input[type=file]<---was found
12:42:31.295 INFO  tests.Methods - Attach photo --> D:/download.jpg
12:42:31.295 INFO  manager.MyListener - Start find element--->By.xpath: //button[@type='submit']
12:42:31.302 INFO  manager.MyListener - The element  with locator--->By.xpath: //button[@type='submit']<---was found
12:42:32.864 INFO  manager.MyListener - Start find element--->By.xpath: //button[@type='submit']
12:42:32.871 INFO  manager.MyListener - The element  with locator--->By.xpath: //button[@type='submit']<---was found
12:42:32.901 INFO  manager.MyListener - Start find element--->By.xpath: //*[text()='Show car']
12:42:34.465 INFO  manager.MyListener - The element  with locator--->By.xpath: //*[text()='Show car']<---was found
12:42:34.492 INFO  manager.MyListener - Start find element--->By.cssSelector: div.dialog-container
12:42:34.501 INFO  manager.MyListener - The element  with locator--->By.cssSelector: div.dialog-container<---was found
12:42:34.513 INFO  manager.MyListener - Start find element--->By.cssSelector: div.dialog-container h1
12:42:34.522 INFO  manager.MyListener - The element  with locator--->By.cssSelector: div.dialog-container h1<---was found
12:42:34.536 INFO  tests.Methods - Finish test--->public void tests.AddNewCarTest.addNewCarSuccess()
12:42:34.543 INFO  tests.Methods - Start test --->public void tests.AddNewCarTest.addNewCarSuccessWithDataProvider(java.lang.String,java.lang.String,java.lang.String,java.lang.String,java.lang.String,java.lang.String,java.lang.String,java.lang.String,java.lang.String,java.lang.String,java.lang.String,java.lang.String,java.lang.String,java.lang.String,java.lang.String,java.lang.String,java.lang.String)
12:42:34.543 INFO  manager.MyListener - Start find element--->By.xpath: //*[text()=' Logout ']
12:42:34.553 INFO  manager.MyListener - The element  with locator--->By.xpath: //*[text()=' Logout ']<---was found
12:42:35.555 INFO  manager.MyListener - Start find element--->By.id: 1
12:42:35.564 INFO  manager.MyListener - The element  with locator--->By.id: 1<---was found
12:42:35.613 INFO  manager.MyListener - Start find element--->By.id: pickUpPlace
12:42:35.621 INFO  manager.MyListener - The element  with locator--->By.id: pickUpPlace<---was found
12:42:36.210 INFO  manager.MyListener - Start find element--->By.cssSelector: .pac-item
12:42:36.432 INFO  manager.MyListener - The element  with locator--->By.cssSelector: .pac-item<---was found
12:42:36.957 INFO  manager.MyListener - Start find element--->By.id: make
12:42:36.966 INFO  manager.MyListener - The element  with locator--->By.id: make<---was found
12:42:37.541 INFO  manager.MyListener - Start find element--->By.id: model
12:42:37.549 INFO  manager.MyListener - The element  with locator--->By.id: model<---was found
12:42:38.122 INFO  manager.MyListener - Start find element--->By.id: year
12:42:38.131 INFO  manager.MyListener - The element  with locator--->By.id: year<---was found
12:42:38.714 INFO  manager.MyListener - Start find element--->By.id: engine
12:42:38.723 INFO  manager.MyListener - The element  with locator--->By.id: engine<---was found
12:42:39.300 INFO  manager.MyListener - Start find element--->By.id: fuel
12:42:39.306 INFO  manager.MyListener - The element  with locator--->By.id: fuel<---was found
12:42:39.316 INFO  manager.MyListener - Start find element--->By.xpath: .//option[@value = "Petrol"]
12:42:39.324 INFO  manager.MyListener - The element  with locator--->By.xpath: .//option[@value = "Petrol"]<---was found
12:42:39.346 INFO  manager.MyListener - Start find element--->By.id: gear
12:42:39.352 INFO  manager.MyListener - The element  with locator--->By.id: gear<---was found
12:42:39.364 INFO  manager.MyListener - Start find element--->By.xpath: .//option[@value = "AT"]
12:42:39.373 INFO  manager.MyListener - The element  with locator--->By.xpath: .//option[@value = "AT"]<---was found
12:42:39.399 INFO  manager.MyListener - Start find element--->By.id: wheelsDrive
12:42:39.406 INFO  manager.MyListener - The element  with locator--->By.id: wheelsDrive<---was found
12:42:39.416 INFO  manager.MyListener - Start find element--->By.xpath: .//option[@value = "AWD"]
12:42:39.427 INFO  manager.MyListener - The element  with locator--->By.xpath: .//option[@value = "AWD"]<---was found
12:42:39.452 INFO  manager.MyListener - Start find element--->By.id: doors
12:42:39.460 INFO  manager.MyListener - The element  with locator--->By.id: doors<---was found
12:42:40.044 INFO  manager.MyListener - Start find element--->By.id: seats
12:42:40.050 INFO  manager.MyListener - The element  with locator--->By.id: seats<---was found
12:42:40.631 INFO  manager.MyListener - Start find element--->By.id: class
12:42:40.638 INFO  manager.MyListener - The element  with locator--->By.id: class<---was found
12:42:41.214 INFO  manager.MyListener - Start find element--->By.id: fuelConsumption
12:42:41.222 INFO  manager.MyListener - The element  with locator--->By.id: fuelConsumption<---was found
12:42:41.805 INFO  manager.MyListener - Start find element--->By.id: serialNumber
12:42:41.815 INFO  manager.MyListener - The element  with locator--->By.id: serialNumber<---was found
12:42:42.404 INFO  manager.MyListener - Start find element--->By.id: price
12:42:42.410 INFO  manager.MyListener - The element  with locator--->By.id: price<---was found
12:42:42.992 INFO  manager.MyListener - Start find element--->By.id: distance
12:42:42.997 INFO  manager.MyListener - The element  with locator--->By.id: distance<---was found
12:42:43.580 INFO  manager.MyListener - Start find element--->By.id: about
12:42:43.587 INFO  manager.MyListener - The element  with locator--->By.id: about<---was found
12:42:44.162 INFO  manager.MyListener - Start find element--->By.cssSelector: [placeholder='Type feature']
12:42:44.169 INFO  manager.MyListener - The element  with locator--->By.cssSelector: [placeholder='Type feature']<---was found
12:42:44.759 INFO  manager.MyListener - Start find element--->By.xpath: //*[text()='Add feature']
12:42:44.766 INFO  manager.MyListener - The element  with locator--->By.xpath: //*[text()='Add feature']<---was found
12:42:44.787 INFO  manager.MyListener - Start find element--->By.cssSelector: input[type=file]
12:42:44.794 INFO  manager.MyListener - The element  with locator--->By.cssSelector: input[type=file]<---was found
12:42:44.818 INFO  tests.Methods - Attach photo-->D:/download.jpg
12:42:46.818 INFO  manager.MyListener - Start find element--->By.xpath: //button[@type='submit']
12:42:46.823 INFO  manager.MyListener - The element  with locator--->By.xpath: //button[@type='submit']<---was found
12:42:46.840 INFO  manager.MyListener - Start find element--->By.xpath: //button[@type='submit']
12:42:46.847 INFO  manager.MyListener - The element  with locator--->By.xpath: //button[@type='submit']<---was found
12:42:46.879 INFO  manager.MyListener - Start find element--->By.xpath: //*[text()='Show car']
12:42:47.803 INFO  manager.MyListener - The element  with locator--->By.xpath: //*[text()='Show car']<---was found
12:42:47.830 INFO  manager.MyListener - Start find element--->By.cssSelector: div.dialog-container
12:42:47.840 INFO  manager.MyListener - The element  with locator--->By.cssSelector: div.dialog-container<---was found
12:42:47.853 INFO  manager.MyListener - Start find element--->By.cssSelector: div.dialog-container h1
12:42:47.861 INFO  manager.MyListener - The element  with locator--->By.cssSelector: div.dialog-container h1<---was found
12:42:47.871 INFO  tests.Methods - Finish test--->public void tests.AddNewCarTest.addNewCarSuccessWithDataProvider(java.lang.String,java.lang.String,java.lang.String,java.lang.String,java.lang.String,java.lang.String,java.lang.String,java.lang.String,java.lang.String,java.lang.String,java.lang.String,java.lang.String,java.lang.String,java.lang.String,java.lang.String,java.lang.String,java.lang.String)
12:42:47.873 INFO  tests.Methods - Start test --->public void tests.LoginTests.loginSuccess(java.lang.String,java.lang.String)
12:42:47.873 INFO  manager.MyListener - Start find element--->By.xpath: //*[text()=' Logout ']
12:42:47.882 INFO  manager.MyListener - The element  with locator--->By.xpath: //*[text()=' Logout ']<---was found
12:42:47.883 INFO  manager.MyListener - Start find element--->By.xpath: //*[text()=' Logout ']
12:42:47.891 INFO  manager.MyListener - The element  with locator--->By.xpath: //*[text()=' Logout ']<---was found
12:42:48.017 INFO  tests.Methods - Test needs logout
12:42:48.018 INFO  tests.Methods - Start test LoginSuccess
12:42:48.022 INFO  tests.Methods - The test starts with email: qdas1@mail.ruPassword: Qweasd12
12:42:48.022 INFO  manager.MyListener - Start find element--->By.xpath: //*[text()=' Log in ']
12:42:48.032 INFO  manager.MyListener - The element  with locator--->By.xpath: //*[text()=' Log in ']<---was found
12:42:48.068 INFO  manager.MyListener - Start find element--->By.cssSelector: #email
12:42:48.121 INFO  manager.MyListener - The element  with locator--->By.cssSelector: #email<---was found
12:42:48.774 INFO  manager.MyListener - Start find element--->By.cssSelector: #password
12:42:48.782 INFO  manager.MyListener - The element  with locator--->By.cssSelector: #password<---was found
12:42:49.348 INFO  manager.MyListener - Start find element--->By.xpath: //button[@type='submit']
12:42:49.356 INFO  manager.MyListener - The element  with locator--->By.xpath: //button[@type='submit']<---was found
12:42:49.372 INFO  manager.MyListener - Start find element--->By.xpath: //button[@type='submit']
12:42:49.379 INFO  manager.MyListener - The element  with locator--->By.xpath: //button[@type='submit']<---was found
12:42:50.406 INFO  manager.MyListener - Start find element--->By.cssSelector: .dialog-container h2
12:42:50.416 INFO  manager.MyListener - The element  with locator--->By.cssSelector: .dialog-container h2<---was found
12:42:50.427 INFO  manager.MyListener - Start find element--->By.cssSelector: .dialog-container h2
12:42:50.434 INFO  manager.MyListener - The element  with locator--->By.cssSelector: .dialog-container h2<---was found
12:42:50.444 INFO  manager.MyListener - Start find element--->By.xpath: //button[text()='Ok']
12:42:50.458 INFO  manager.MyListener - The element  with locator--->By.xpath: //button[text()='Ok']<---was found
12:42:50.459 INFO  manager.MyListener - Start find element--->By.xpath: //button[text()='Ok']
12:42:50.468 INFO  manager.MyListener - The element  with locator--->By.xpath: //button[text()='Ok']<---was found
12:42:50.491 INFO  tests.Methods - Test passed
12:42:50.492 INFO  manager.MyListener - Start find element--->By.xpath: //button[text()='Ok']
12:42:50.498 INFO  manager.MyListener - The element  with locator--->By.xpath: //button[text()='Ok']<---was found
12:42:50.498 INFO  manager.MyListener - Start find element--->By.xpath: //button[text()='Ok']
12:42:50.505 INFO  manager.MyListener - The element  with locator--->By.xpath: //button[text()='Ok']<---was found
12:42:50.520 INFO  tests.Methods - Finish test--->public void tests.LoginTests.loginSuccess(java.lang.String,java.lang.String)
12:42:50.521 INFO  tests.Methods - Start test --->public void tests.LoginTests.loginSuccess(java.lang.String,java.lang.String)
12:42:50.521 INFO  manager.MyListener - Start find element--->By.xpath: //*[text()=' Logout ']
12:42:50.528 INFO  manager.MyListener - The element  with locator--->By.xpath: //*[text()=' Logout ']<---was found
12:42:50.528 INFO  manager.MyListener - Start find element--->By.xpath: //*[text()=' Logout ']
12:42:50.534 INFO  manager.MyListener - The element  with locator--->By.xpath: //*[text()=' Logout ']<---was found
12:42:50.605 INFO  tests.Methods - Test needs logout
12:42:50.606 INFO  tests.Methods - Start test LoginSuccess
12:42:50.606 INFO  tests.Methods - The test starts with email: qdas1@mail.ruPassword: Qweasd12
12:42:50.606 INFO  manager.MyListener - Start find element--->By.xpath: //*[text()=' Log in ']
12:42:50.613 INFO  manager.MyListener - The element  with locator--->By.xpath: //*[text()=' Log in ']<---was found
12:42:50.646 INFO  manager.MyListener - Start find element--->By.cssSelector: #email
12:42:50.654 INFO  manager.MyListener - The element  with locator--->By.cssSelector: #email<---was found
12:42:51.245 INFO  manager.MyListener - Start find element--->By.cssSelector: #password
12:42:51.252 INFO  manager.MyListener - The element  with locator--->By.cssSelector: #password<---was found
12:42:51.838 INFO  manager.MyListener - Start find element--->By.xpath: //button[@type='submit']
12:42:51.845 INFO  manager.MyListener - The element  with locator--->By.xpath: //button[@type='submit']<---was found
12:42:51.862 INFO  manager.MyListener - Start find element--->By.xpath: //button[@type='submit']
12:42:51.869 INFO  manager.MyListener - The element  with locator--->By.xpath: //button[@type='submit']<---was found
12:42:52.894 INFO  manager.MyListener - Start find element--->By.cssSelector: .dialog-container h2
12:42:52.899 INFO  manager.MyListener - The element  with locator--->By.cssSelector: .dialog-container h2<---was found
12:42:52.911 INFO  manager.MyListener - Start find element--->By.cssSelector: .dialog-container h2
12:42:52.917 INFO  manager.MyListener - The element  with locator--->By.cssSelector: .dialog-container h2<---was found
12:42:52.926 INFO  manager.MyListener - Start find element--->By.xpath: //button[text()='Ok']
12:42:52.931 INFO  manager.MyListener - The element  with locator--->By.xpath: //button[text()='Ok']<---was found
12:42:52.931 INFO  manager.MyListener - Start find element--->By.xpath: //button[text()='Ok']
12:42:52.937 INFO  manager.MyListener - The element  with locator--->By.xpath: //button[text()='Ok']<---was found
12:42:52.968 INFO  tests.Methods - Test passed
12:42:52.969 INFO  manager.MyListener - Start find element--->By.xpath: //button[text()='Ok']
12:42:52.975 INFO  manager.MyListener - The element  with locator--->By.xpath: //button[text()='Ok']<---was found
12:42:52.976 INFO  manager.MyListener - Start find element--->By.xpath: //button[text()='Ok']
12:42:52.981 INFO  manager.MyListener - The element  with locator--->By.xpath: //button[text()='Ok']<---was found
12:42:52.998 INFO  tests.Methods - Finish test--->public void tests.LoginTests.loginSuccess(java.lang.String,java.lang.String)
12:42:52.999 INFO  tests.Methods - Start test --->public void tests.LoginTests.loginSuccess(java.lang.String,java.lang.String)
12:42:52.999 INFO  manager.MyListener - Start find element--->By.xpath: //*[text()=' Logout ']
12:42:53.006 INFO  manager.MyListener - The element  with locator--->By.xpath: //*[text()=' Logout ']<---was found
12:42:53.006 INFO  manager.MyListener - Start find element--->By.xpath: //*[text()=' Logout ']
12:42:53.011 INFO  manager.MyListener - The element  with locator--->By.xpath: //*[text()=' Logout ']<---was found
12:42:53.080 INFO  tests.Methods - Test needs logout
12:42:53.080 INFO  tests.Methods - Start test LoginSuccess
12:42:53.081 INFO  tests.Methods - The test starts with email: qdas1@mail.ruPassword: Qweasd12
12:42:53.081 INFO  manager.MyListener - Start find element--->By.xpath: //*[text()=' Log in ']
12:42:53.088 INFO  manager.MyListener - The element  with locator--->By.xpath: //*[text()=' Log in ']<---was found
12:42:53.122 INFO  manager.MyListener - Start find element--->By.cssSelector: #email
12:42:53.127 INFO  manager.MyListener - The element  with locator--->By.cssSelector: #email<---was found
12:42:53.716 INFO  manager.MyListener - Start find element--->By.cssSelector: #password
12:42:53.722 INFO  manager.MyListener - The element  with locator--->By.cssSelector: #password<---was found
12:42:54.309 INFO  manager.MyListener - Start find element--->By.xpath: //button[@type='submit']
12:42:54.316 INFO  manager.MyListener - The element  with locator--->By.xpath: //button[@type='submit']<---was found
12:42:54.334 INFO  manager.MyListener - Start find element--->By.xpath: //button[@type='submit']
12:42:54.340 INFO  manager.MyListener - The element  with locator--->By.xpath: //button[@type='submit']<---was found
12:42:55.365 INFO  manager.MyListener - Start find element--->By.cssSelector: .dialog-container h2
12:42:55.370 INFO  manager.MyListener - The element  with locator--->By.cssSelector: .dialog-container h2<---was found
12:42:55.383 INFO  manager.MyListener - Start find element--->By.cssSelector: .dialog-container h2
12:42:55.390 INFO  manager.MyListener - The element  with locator--->By.cssSelector: .dialog-container h2<---was found
12:42:55.399 INFO  manager.MyListener - Start find element--->By.xpath: //button[text()='Ok']
12:42:55.404 INFO  manager.MyListener - The element  with locator--->By.xpath: //button[text()='Ok']<---was found
12:42:55.404 INFO  manager.MyListener - Start find element--->By.xpath: //button[text()='Ok']
12:42:55.410 INFO  manager.MyListener - The element  with locator--->By.xpath: //button[text()='Ok']<---was found
12:42:55.433 INFO  tests.Methods - Test passed
12:42:55.434 INFO  manager.MyListener - Start find element--->By.xpath: //button[text()='Ok']
12:42:55.440 INFO  manager.MyListener - The element  with locator--->By.xpath: //button[text()='Ok']<---was found
12:42:55.440 INFO  manager.MyListener - Start find element--->By.xpath: //button[text()='Ok']
12:42:55.446 INFO  manager.MyListener - The element  with locator--->By.xpath: //button[text()='Ok']<---was found
12:42:55.463 INFO  tests.Methods - Finish test--->public void tests.LoginTests.loginSuccess(java.lang.String,java.lang.String)
12:42:55.464 INFO  tests.Methods - Start test --->public void tests.LoginTests.loginSuccessModel()
12:42:55.464 INFO  manager.MyListener - Start find element--->By.xpath: //*[text()=' Logout ']
12:42:55.471 INFO  manager.MyListener - The element  with locator--->By.xpath: //*[text()=' Logout ']<---was found
12:42:55.471 INFO  manager.MyListener - Start find element--->By.xpath: //*[text()=' Logout ']
12:42:55.477 INFO  manager.MyListener - The element  with locator--->By.xpath: //*[text()=' Logout ']<---was found
12:42:55.553 INFO  tests.Methods - Test needs logout
12:42:55.554 INFO  manager.MyListener - Start find element--->By.xpath: //*[text()=' Log in ']
12:42:55.562 INFO  manager.MyListener - The element  with locator--->By.xpath: //*[text()=' Log in ']<---was found
12:42:55.597 INFO  manager.MyListener - Start find element--->By.cssSelector: #email
12:42:55.604 INFO  manager.MyListener - The element  with locator--->By.cssSelector: #email<---was found
12:42:56.200 INFO  manager.MyListener - Start find element--->By.cssSelector: #password
12:42:56.219 INFO  manager.MyListener - The element  with locator--->By.cssSelector: #password<---was found
12:42:56.784 INFO  manager.MyListener - Start find element--->By.xpath: //button[@type='submit']
12:42:56.790 INFO  manager.MyListener - The element  with locator--->By.xpath: //button[@type='submit']<---was found
12:42:56.808 INFO  manager.MyListener - Start find element--->By.xpath: //button[@type='submit']
12:42:56.814 INFO  manager.MyListener - The element  with locator--->By.xpath: //button[@type='submit']<---was found
12:42:57.841 INFO  manager.MyListener - Start find element--->By.cssSelector: .dialog-container h2
12:42:57.848 INFO  manager.MyListener - The element  with locator--->By.cssSelector: .dialog-container h2<---was found
12:42:57.861 INFO  manager.MyListener - Start find element--->By.cssSelector: .dialog-container h2
12:42:57.866 INFO  manager.MyListener - The element  with locator--->By.cssSelector: .dialog-container h2<---was found
12:42:57.875 INFO  manager.MyListener - Start find element--->By.xpath: //button[text()='Ok']
12:42:57.882 INFO  manager.MyListener - The element  with locator--->By.xpath: //button[text()='Ok']<---was found
12:42:57.882 INFO  manager.MyListener - Start find element--->By.xpath: //button[text()='Ok']
12:42:57.887 INFO  manager.MyListener - The element  with locator--->By.xpath: //button[text()='Ok']<---was found
12:42:57.911 INFO  manager.MyListener - Start find element--->By.xpath: //button[text()='Ok']
12:42:57.918 INFO  manager.MyListener - The element  with locator--->By.xpath: //button[text()='Ok']<---was found
12:42:57.918 INFO  manager.MyListener - Start find element--->By.xpath: //button[text()='Ok']
12:42:57.924 INFO  manager.MyListener - The element  with locator--->By.xpath: //button[text()='Ok']<---was found
12:42:57.939 INFO  tests.Methods - Finish test--->public void tests.LoginTests.loginSuccessModel()
12:42:57.940 INFO  tests.Methods - Start test --->public void tests.LoginTests.loginSuccessNew(java.lang.String,java.lang.String)
12:42:57.941 INFO  manager.MyListener - Start find element--->By.xpath: //*[text()=' Logout ']
12:42:57.947 INFO  manager.MyListener - The element  with locator--->By.xpath: //*[text()=' Logout ']<---was found
12:42:57.947 INFO  manager.MyListener - Start find element--->By.xpath: //*[text()=' Logout ']
12:42:57.953 INFO  manager.MyListener - The element  with locator--->By.xpath: //*[text()=' Logout ']<---was found
12:42:58.021 INFO  tests.Methods - Test needs logout
12:42:58.022 INFO  manager.MyListener - Start find element--->By.xpath: //*[text()=' Log in ']
12:42:58.030 INFO  manager.MyListener - The element  with locator--->By.xpath: //*[text()=' Log in ']<---was found
12:42:58.064 INFO  manager.MyListener - Start find element--->By.cssSelector: #email
12:42:58.070 INFO  manager.MyListener - The element  with locator--->By.cssSelector: #email<---was found
12:42:58.664 INFO  manager.MyListener - Start find element--->By.cssSelector: #password
12:42:58.684 INFO  manager.MyListener - The element  with locator--->By.cssSelector: #password<---was found
12:42:59.248 INFO  manager.MyListener - Start find element--->By.xpath: //button[@type='submit']
12:42:59.256 INFO  manager.MyListener - The element  with locator--->By.xpath: //button[@type='submit']<---was found
12:42:59.271 INFO  manager.MyListener - Start find element--->By.xpath: //button[@type='submit']
12:42:59.277 INFO  manager.MyListener - The element  with locator--->By.xpath: //button[@type='submit']<---was found
12:43:00.304 INFO  manager.MyListener - Start find element--->By.cssSelector: .dialog-container h2
12:43:00.310 INFO  manager.MyListener - The element  with locator--->By.cssSelector: .dialog-container h2<---was found
12:43:00.321 INFO  manager.MyListener - Start find element--->By.cssSelector: .dialog-container h2
12:43:00.328 INFO  manager.MyListener - The element  with locator--->By.cssSelector: .dialog-container h2<---was found
12:43:00.336 INFO  manager.MyListener - Start find element--->By.xpath: //button[text()='Ok']
12:43:00.343 INFO  manager.MyListener - The element  with locator--->By.xpath: //button[text()='Ok']<---was found
12:43:00.343 INFO  manager.MyListener - Start find element--->By.xpath: //button[text()='Ok']
12:43:00.348 INFO  manager.MyListener - The element  with locator--->By.xpath: //button[text()='Ok']<---was found
12:43:00.370 INFO  manager.MyListener - Start find element--->By.xpath: //button[text()='Ok']
12:43:00.378 INFO  manager.MyListener - The element  with locator--->By.xpath: //button[text()='Ok']<---was found
12:43:00.378 INFO  manager.MyListener - Start find element--->By.xpath: //button[text()='Ok']
12:43:00.384 INFO  manager.MyListener - The element  with locator--->By.xpath: //button[text()='Ok']<---was found
12:43:00.400 INFO  tests.Methods - Finish test--->public void tests.LoginTests.loginSuccessNew(java.lang.String,java.lang.String)
12:43:00.401 INFO  tests.Methods - Start test --->public void tests.LoginTests.loginSuccessNew(java.lang.String,java.lang.String)
12:43:00.401 INFO  manager.MyListener - Start find element--->By.xpath: //*[text()=' Logout ']
12:43:00.408 INFO  manager.MyListener - The element  with locator--->By.xpath: //*[text()=' Logout ']<---was found
12:43:00.408 INFO  manager.MyListener - Start find element--->By.xpath: //*[text()=' Logout ']
12:43:00.413 INFO  manager.MyListener - The element  with locator--->By.xpath: //*[text()=' Logout ']<---was found
12:43:00.479 INFO  tests.Methods - Test needs logout
12:43:00.480 INFO  manager.MyListener - Start find element--->By.xpath: //*[text()=' Log in ']
12:43:00.487 INFO  manager.MyListener - The element  with locator--->By.xpath: //*[text()=' Log in ']<---was found
12:43:00.519 INFO  manager.MyListener - Start find element--->By.cssSelector: #email
12:43:00.525 INFO  manager.MyListener - The element  with locator--->By.cssSelector: #email<---was found
12:43:01.113 INFO  manager.MyListener - Start find element--->By.cssSelector: #password
12:43:01.120 INFO  manager.MyListener - The element  with locator--->By.cssSelector: #password<---was found
12:43:01.722 INFO  manager.MyListener - Start find element--->By.xpath: //button[@type='submit']
12:43:01.728 INFO  manager.MyListener - The element  with locator--->By.xpath: //button[@type='submit']<---was found
12:43:01.743 INFO  manager.MyListener - Start find element--->By.xpath: //button[@type='submit']
12:43:01.748 INFO  manager.MyListener - The element  with locator--->By.xpath: //button[@type='submit']<---was found
12:43:02.774 INFO  manager.MyListener - Start find element--->By.cssSelector: .dialog-container h2
12:43:02.779 INFO  manager.MyListener - The element  with locator--->By.cssSelector: .dialog-container h2<---was found
12:43:02.789 INFO  manager.MyListener - Start find element--->By.cssSelector: .dialog-container h2
12:43:02.796 INFO  manager.MyListener - The element  with locator--->By.cssSelector: .dialog-container h2<---was found
12:43:02.804 INFO  manager.MyListener - Start find element--->By.xpath: //button[text()='Ok']
12:43:02.810 INFO  manager.MyListener - The element  with locator--->By.xpath: //button[text()='Ok']<---was found
12:43:02.810 INFO  manager.MyListener - Start find element--->By.xpath: //button[text()='Ok']
12:43:02.815 INFO  manager.MyListener - The element  with locator--->By.xpath: //button[text()='Ok']<---was found
12:43:02.838 INFO  manager.MyListener - Start find element--->By.xpath: //button[text()='Ok']
12:43:02.846 INFO  manager.MyListener - The element  with locator--->By.xpath: //button[text()='Ok']<---was found
12:43:02.846 INFO  manager.MyListener - Start find element--->By.xpath: //button[text()='Ok']
12:43:02.851 INFO  manager.MyListener - The element  with locator--->By.xpath: //button[text()='Ok']<---was found
12:43:02.867 INFO  tests.Methods - Finish test--->public void tests.LoginTests.loginSuccessNew(java.lang.String,java.lang.String)
12:43:02.868 INFO  tests.Methods - Start test --->public void tests.LoginTests.loginSuccessNew(java.lang.String,java.lang.String)
12:43:02.868 INFO  manager.MyListener - Start find element--->By.xpath: //*[text()=' Logout ']
12:43:02.874 INFO  manager.MyListener - The element  with locator--->By.xpath: //*[text()=' Logout ']<---was found
12:43:02.874 INFO  manager.MyListener - Start find element--->By.xpath: //*[text()=' Logout ']
12:43:02.879 INFO  manager.MyListener - The element  with locator--->By.xpath: //*[text()=' Logout ']<---was found
12:43:02.946 INFO  tests.Methods - Test needs logout
12:43:02.947 INFO  manager.MyListener - Start find element--->By.xpath: //*[text()=' Log in ']
12:43:02.954 INFO  manager.MyListener - The element  with locator--->By.xpath: //*[text()=' Log in ']<---was found
12:43:02.990 INFO  manager.MyListener - Start find element--->By.cssSelector: #email
12:43:02.998 INFO  manager.MyListener - The element  with locator--->By.cssSelector: #email<---was found
12:43:03.596 INFO  manager.MyListener - Start find element--->By.cssSelector: #password
12:43:03.603 INFO  manager.MyListener - The element  with locator--->By.cssSelector: #password<---was found
12:43:04.167 INFO  manager.MyListener - Start find element--->By.xpath: //button[@type='submit']
12:43:04.172 INFO  manager.MyListener - The element  with locator--->By.xpath: //button[@type='submit']<---was found
12:43:04.188 INFO  manager.MyListener - Start find element--->By.xpath: //button[@type='submit']
12:43:04.195 INFO  manager.MyListener - The element  with locator--->By.xpath: //button[@type='submit']<---was found
12:43:05.221 INFO  manager.MyListener - Start find element--->By.cssSelector: .dialog-container h2
12:43:05.228 INFO  manager.MyListener - The element  with locator--->By.cssSelector: .dialog-container h2<---was found
12:43:05.238 INFO  manager.MyListener - Start find element--->By.cssSelector: .dialog-container h2
12:43:05.245 INFO  manager.MyListener - The element  with locator--->By.cssSelector: .dialog-container h2<---was found
12:43:05.254 INFO  manager.MyListener - Start find element--->By.xpath: //button[text()='Ok']
12:43:05.260 INFO  manager.MyListener - The element  with locator--->By.xpath: //button[text()='Ok']<---was found
12:43:05.260 INFO  manager.MyListener - Start find element--->By.xpath: //button[text()='Ok']
12:43:05.266 INFO  manager.MyListener - The element  with locator--->By.xpath: //button[text()='Ok']<---was found
12:43:05.291 INFO  manager.MyListener - Start find element--->By.xpath: //button[text()='Ok']
12:43:05.299 INFO  manager.MyListener - The element  with locator--->By.xpath: //button[text()='Ok']<---was found
12:43:05.299 INFO  manager.MyListener - Start find element--->By.xpath: //button[text()='Ok']
12:43:05.305 INFO  manager.MyListener - The element  with locator--->By.xpath: //button[text()='Ok']<---was found
12:43:05.323 INFO  tests.Methods - Finish test--->public void tests.LoginTests.loginSuccessNew(java.lang.String,java.lang.String)
12:43:05.323 INFO  tests.Methods - Start test --->public void tests.RegistrationTests.regSuccess()
12:43:05.324 INFO  manager.MyListener - Start find element--->By.xpath: //*[text()=' Logout ']
12:43:05.331 INFO  manager.MyListener - The element  with locator--->By.xpath: //*[text()=' Logout ']<---was found
12:43:05.331 INFO  manager.MyListener - Start find element--->By.xpath: //*[text()=' Logout ']
12:43:05.338 INFO  manager.MyListener - The element  with locator--->By.xpath: //*[text()=' Logout ']<---was found
12:43:05.419 INFO  tests.Methods - Test start with data:  Name:Anna 
12:43:05.421 INFO  manager.MyListener - Start find element--->By.xpath: //*[text()=' Log in ']
12:43:05.428 INFO  manager.MyListener - The element  with locator--->By.xpath: //*[text()=' Log in ']<---was found
12:43:05.467 INFO  manager.MyListener - Start find element--->By.xpath: //*[text()='Click here']
12:43:05.478 INFO  manager.MyListener - The element  with locator--->By.xpath: //*[text()='Click here']<---was found
12:43:05.512 INFO  manager.MyListener - Start find element--->By.cssSelector: #name
12:43:05.537 INFO  manager.MyListener - The element  with locator--->By.cssSelector: #name<---was found
12:43:06.121 INFO  manager.MyListener - Start find element--->By.cssSelector: #lastName
12:43:06.131 INFO  manager.MyListener - The element  with locator--->By.cssSelector: #lastName<---was found
12:43:06.699 INFO  manager.MyListener - Start find element--->By.cssSelector: #email
12:43:06.705 INFO  manager.MyListener - The element  with locator--->By.cssSelector: #email<---was found
12:43:07.306 INFO  manager.MyListener - Start find element--->By.cssSelector: #password
12:43:07.312 INFO  manager.MyListener - The element  with locator--->By.cssSelector: #password<---was found
12:43:07.878 INFO  manager.MyListener - Start find element--->By.cssSelector: label[for='terms-of-use']
12:43:07.888 INFO  manager.MyListener - The element  with locator--->By.cssSelector: label[for='terms-of-use']<---was found
12:43:08.219 INFO  manager.MyListener - Start find element--->By.xpath: //button[@type='submit']
12:43:08.225 INFO  manager.MyListener - The element  with locator--->By.xpath: //button[@type='submit']<---was found
12:43:08.241 INFO  manager.MyListener - Start find element--->By.xpath: //button[@type='submit']
12:43:08.248 INFO  manager.MyListener - The element  with locator--->By.xpath: //button[@type='submit']<---was found
12:43:08.275 INFO  manager.MyListener - Start find element--->By.cssSelector: .dialog-container h2
12:43:08.706 INFO  manager.MyListener - The element  with locator--->By.cssSelector: .dialog-container h2<---was found
12:43:08.718 INFO  manager.MyListener - Start find element--->By.cssSelector: .dialog-container h2
12:43:08.725 INFO  manager.MyListener - The element  with locator--->By.cssSelector: .dialog-container h2<---was found
12:43:08.735 INFO  manager.MyListener - Start find element--->By.xpath: //button[text()='Ok']
12:43:08.740 INFO  manager.MyListener - The element  with locator--->By.xpath: //button[text()='Ok']<---was found
12:43:08.740 INFO  manager.MyListener - Start find element--->By.xpath: //button[text()='Ok']
12:43:08.747 INFO  manager.MyListener - The element  with locator--->By.xpath: //button[text()='Ok']<---was found
12:43:08.772 INFO  tests.Methods - Finish test--->public void tests.RegistrationTests.regSuccess()
12:43:08.772 INFO  tests.Methods - Start test --->public void tests.RegistrationTests.regSuccessModel()
12:43:08.773 INFO  manager.MyListener - Start find element--->By.xpath: //*[text()=' Logout ']
12:43:08.779 INFO  manager.MyListener - The element  with locator--->By.xpath: //*[text()=' Logout ']<---was found
12:43:08.779 INFO  manager.MyListener - Start find element--->By.xpath: //*[text()=' Logout ']
12:43:08.784 INFO  manager.MyListener - The element  with locator--->By.xpath: //*[text()=' Logout ']<---was found
12:43:08.849 INFO  tests.Methods - Test start with data: User{email='akdx-620zc@gmail.com', password='Zcvbb2ds2!'}
12:43:08.849 INFO  manager.MyListener - Start find element--->By.xpath: //*[text()=' Log in ']
12:43:08.860 INFO  manager.MyListener - The element  with locator--->By.xpath: //*[text()=' Log in ']<---was found
12:43:08.895 INFO  manager.MyListener - Start find element--->By.xpath: //*[text()='Click here']
12:43:08.901 INFO  manager.MyListener - The element  with locator--->By.xpath: //*[text()='Click here']<---was found
12:43:08.930 INFO  manager.MyListener - Start find element--->By.cssSelector: #name
12:43:08.945 INFO  manager.MyListener - The element  with locator--->By.cssSelector: #name<---was found
12:43:09.567 INFO  manager.MyListener - Start find element--->By.cssSelector: #lastName
12:43:09.574 INFO  manager.MyListener - The element  with locator--->By.cssSelector: #lastName<---was found
12:43:10.142 INFO  manager.MyListener - Start find element--->By.cssSelector: #email
12:43:10.149 INFO  manager.MyListener - The element  with locator--->By.cssSelector: #email<---was found
12:43:10.750 INFO  manager.MyListener - Start find element--->By.cssSelector: #password
12:43:10.755 INFO  manager.MyListener - The element  with locator--->By.cssSelector: #password<---was found
12:43:11.318 INFO  manager.MyListener - Start find element--->By.cssSelector: label[for='terms-of-use']
12:43:11.325 INFO  manager.MyListener - The element  with locator--->By.cssSelector: label[for='terms-of-use']<---was found
12:43:11.651 INFO  manager.MyListener - Start find element--->By.xpath: //button[@type='submit']
12:43:11.657 INFO  manager.MyListener - The element  with locator--->By.xpath: //button[@type='submit']<---was found
12:43:11.673 INFO  manager.MyListener - Start find element--->By.xpath: //button[@type='submit']
12:43:11.679 INFO  manager.MyListener - The element  with locator--->By.xpath: //button[@type='submit']<---was found
12:43:12.707 INFO  manager.MyListener - Start find element--->By.cssSelector: .dialog-container h2
12:43:12.713 INFO  manager.MyListener - The element  with locator--->By.cssSelector: .dialog-container h2<---was found
12:43:12.724 INFO  manager.MyListener - Start find element--->By.cssSelector: .dialog-container h2
12:43:12.730 INFO  manager.MyListener - The element  with locator--->By.cssSelector: .dialog-container h2<---was found
12:43:12.738 INFO  manager.MyListener - Start find element--->By.xpath: //button[text()='Ok']
12:43:12.745 INFO  manager.MyListener - The element  with locator--->By.xpath: //button[text()='Ok']<---was found
12:43:12.745 INFO  manager.MyListener - Start find element--->By.xpath: //button[text()='Ok']
12:43:12.751 INFO  manager.MyListener - The element  with locator--->By.xpath: //button[text()='Ok']<---was found
12:43:12.774 INFO  tests.Methods - Finish test--->public void tests.RegistrationTests.regSuccessModel()
12:43:12.775 INFO  tests.Methods - Start test --->public void tests.RegistrationTests.regSuccessWithMyData(java.lang.String,java.lang.String,java.lang.String,java.lang.String)
12:43:12.775 INFO  manager.MyListener - Start find element--->By.xpath: //*[text()=' Logout ']
12:43:12.782 INFO  manager.MyListener - The element  with locator--->By.xpath: //*[text()=' Logout ']<---was found
12:43:12.782 INFO  manager.MyListener - Start find element--->By.xpath: //*[text()=' Logout ']
12:43:12.788 INFO  manager.MyListener - The element  with locator--->By.xpath: //*[text()=' Logout ']<---was found
12:43:12.854 INFO  tests.Methods - Test start with data:  Name: Anna
12:43:12.854 INFO  manager.MyListener - Start find element--->By.xpath: //*[text()=' Log in ']
12:43:12.865 INFO  manager.MyListener - The element  with locator--->By.xpath: //*[text()=' Log in ']<---was found
12:43:12.898 INFO  manager.MyListener - Start find element--->By.xpath: //*[text()='Click here']
12:43:12.906 INFO  manager.MyListener - The element  with locator--->By.xpath: //*[text()='Click here']<---was found
12:43:12.935 INFO  manager.MyListener - Start find element--->By.cssSelector: #name
12:43:12.940 INFO  manager.MyListener - The element  with locator--->By.cssSelector: #name<---was found
12:43:13.549 INFO  manager.MyListener - Start find element--->By.cssSelector: #lastName
12:43:13.556 INFO  manager.MyListener - The element  with locator--->By.cssSelector: #lastName<---was found
12:43:14.126 INFO  manager.MyListener - Start find element--->By.cssSelector: #email
12:43:14.132 INFO  manager.MyListener - The element  with locator--->By.cssSelector: #email<---was found
12:43:14.731 INFO  manager.MyListener - Start find element--->By.cssSelector: #password
12:43:14.737 INFO  manager.MyListener - The element  with locator--->By.cssSelector: #password<---was found
12:43:15.305 INFO  manager.MyListener - Start find element--->By.cssSelector: label[for='terms-of-use']
12:43:15.311 INFO  manager.MyListener - The element  with locator--->By.cssSelector: label[for='terms-of-use']<---was found
12:43:15.638 INFO  manager.MyListener - Start find element--->By.xpath: //button[@type='submit']
12:43:15.645 INFO  manager.MyListener - The element  with locator--->By.xpath: //button[@type='submit']<---was found
12:43:15.660 INFO  manager.MyListener - Start find element--->By.xpath: //button[@type='submit']
12:43:15.667 INFO  manager.MyListener - The element  with locator--->By.xpath: //button[@type='submit']<---was found
12:43:15.693 INFO  manager.MyListener - Start find element--->By.cssSelector: .dialog-container h2
12:43:16.019 INFO  manager.MyListener - The element  with locator--->By.cssSelector: .dialog-container h2<---was found
12:43:16.029 INFO  manager.MyListener - Start find element--->By.cssSelector: .dialog-container h2
12:43:16.036 INFO  manager.MyListener - The element  with locator--->By.cssSelector: .dialog-container h2<---was found
12:43:16.046 INFO  manager.MyListener - Start find element--->By.xpath: //button[text()='Ok']
12:43:16.052 INFO  manager.MyListener - The element  with locator--->By.xpath: //button[text()='Ok']<---was found
12:43:16.053 INFO  manager.MyListener - Start find element--->By.xpath: //button[text()='Ok']
12:43:16.058 INFO  manager.MyListener - The element  with locator--->By.xpath: //button[text()='Ok']<---was found
12:43:16.084 INFO  tests.Methods - Finish test--->public void tests.RegistrationTests.regSuccessWithMyData(java.lang.String,java.lang.String,java.lang.String,java.lang.String)
12:43:16.084 INFO  tests.Methods - Start test --->public void tests.RegistrationTests.regSuccessWrongPasswordModel()
12:43:16.085 INFO  manager.MyListener - Start find element--->By.xpath: //*[text()=' Logout ']
12:43:16.091 INFO  manager.MyListener - The element  with locator--->By.xpath: //*[text()=' Logout ']<---was found
12:43:16.091 INFO  manager.MyListener - Start find element--->By.xpath: //*[text()=' Logout ']
12:43:16.097 INFO  manager.MyListener - The element  with locator--->By.xpath: //*[text()=' Logout ']<---was found
12:43:16.162 INFO  tests.Methods - Test start with data: User{email='akdxzc@gmail.com', password='12345'}
12:43:16.162 INFO  manager.MyListener - Start find element--->By.xpath: //*[text()=' Log in ']
12:43:16.172 INFO  manager.MyListener - The element  with locator--->By.xpath: //*[text()=' Log in ']<---was found
12:43:16.206 INFO  manager.MyListener - Start find element--->By.xpath: //*[text()='Click here']
12:43:16.212 INFO  manager.MyListener - The element  with locator--->By.xpath: //*[text()='Click here']<---was found
12:43:16.241 INFO  manager.MyListener - Start find element--->By.cssSelector: #name
12:43:16.247 INFO  manager.MyListener - The element  with locator--->By.cssSelector: #name<---was found
12:43:16.878 INFO  manager.MyListener - Start find element--->By.cssSelector: #lastName
12:43:16.884 INFO  manager.MyListener - The element  with locator--->By.cssSelector: #lastName<---was found
12:43:17.455 INFO  manager.MyListener - Start find element--->By.cssSelector: #email
12:43:17.461 INFO  manager.MyListener - The element  with locator--->By.cssSelector: #email<---was found
12:43:18.055 INFO  manager.MyListener - Start find element--->By.cssSelector: #password
12:43:18.060 INFO  manager.MyListener - The element  with locator--->By.cssSelector: #password<---was found
12:43:18.625 INFO  manager.MyListener - Start find element--->By.cssSelector: label[for='terms-of-use']
12:43:18.630 INFO  manager.MyListener - The element  with locator--->By.cssSelector: label[for='terms-of-use']<---was found
12:43:18.954 INFO  manager.MyListener - Start find element--->By.cssSelector: div.error :first-child
12:43:18.964 INFO  manager.MyListener - The element  with locator--->By.cssSelector: div.error :first-child<---was found
12:43:18.973 INFO  manager.MyListener - Start find element--->By.cssSelector: div.error :last-child
12:43:18.981 INFO  manager.MyListener - The element  with locator--->By.cssSelector: div.error :last-child<---was found
12:43:18.990 INFO  manager.MyListener - Start find element--->By.cssSelector: [type='submit']
12:43:18.997 INFO  manager.MyListener - The element  with locator--->By.cssSelector: [type='submit']<---was found
12:43:19.002 INFO  manager.MyListener - Start find element--->By.cssSelector: button[disabled]
12:43:19.011 INFO  manager.MyListener - The element  with locator--->By.cssSelector: button[disabled]<---was found
12:43:19.012 INFO  manager.MyListener - Start find element--->By.xpath: //button[text()='Ok']
12:43:24.017 INFO  manager.MyListener - The element  with locator--->By.xpath: //button[text()='Ok']<---was found
12:43:24.018 INFO  tests.Methods - Finish test--->public void tests.RegistrationTests.regSuccessWrongPasswordModel()
12:43:24.019 INFO  tests.Methods - Start test --->public void tests.SearchTests.searchAnyPeriod()
12:43:24.019 INFO  manager.MyListener - Start find element--->By.cssSelector: [alt='logo']
12:43:24.027 INFO  manager.MyListener - The element  with locator--->By.cssSelector: [alt='logo']<---was found
12:43:24.247 INFO  manager.MyListener - Start find element--->By.id: city
12:43:24.256 INFO  manager.MyListener - The element  with locator--->By.id: city<---was found
12:43:24.834 INFO  manager.MyListener - Start find element--->By.cssSelector: .pac-item
12:43:25.162 INFO  manager.MyListener - The element  with locator--->By.cssSelector: .pac-item<---was found
12:43:26.192 INFO  manager.MyListener - Start find element--->By.id: dates
12:43:26.202 INFO  manager.MyListener - The element  with locator--->By.id: dates<---was found
12:43:26.273 INFO  manager.MyListener - Start find element--->By.xpath: //div[text()=' 5 ']
12:43:26.284 INFO  manager.MyListener - The element  with locator--->By.xpath: //div[text()=' 5 ']<---was found
12:43:26.325 INFO  manager.MyListener - Start find element--->By.xpath: //button[@aria-label='Next month']
12:43:26.335 INFO  manager.MyListener - The element  with locator--->By.xpath: //button[@aria-label='Next month']<---was found
12:43:26.374 INFO  manager.MyListener - Start find element--->By.xpath: //button[@aria-label='Next month']
12:43:26.382 INFO  manager.MyListener - The element  with locator--->By.xpath: //button[@aria-label='Next month']<---was found
12:43:26.420 INFO  manager.MyListener - Start find element--->By.xpath: //button[@aria-label='Next month']
12:43:26.425 INFO  manager.MyListener - The element  with locator--->By.xpath: //button[@aria-label='Next month']<---was found
12:43:26.458 INFO  manager.MyListener - Start find element--->By.xpath: //button[@aria-label='Next month']
12:43:26.464 INFO  manager.MyListener - The element  with locator--->By.xpath: //button[@aria-label='Next month']<---was found
12:43:26.496 INFO  manager.MyListener - Start find element--->By.xpath: //button[@aria-label='Next month']
12:43:26.505 INFO  manager.MyListener - The element  with locator--->By.xpath: //button[@aria-label='Next month']<---was found
12:43:26.535 INFO  manager.MyListener - Start find element--->By.xpath: //button[@aria-label='Next month']
12:43:26.543 INFO  manager.MyListener - The element  with locator--->By.xpath: //button[@aria-label='Next month']<---was found
12:43:26.576 INFO  manager.MyListener - Start find element--->By.xpath: //button[@aria-label='Next month']
12:43:26.582 INFO  manager.MyListener - The element  with locator--->By.xpath: //button[@aria-label='Next month']<---was found
12:43:26.610 INFO  manager.MyListener - Start find element--->By.xpath: //button[@aria-label='Next month']
12:43:26.617 INFO  manager.MyListener - The element  with locator--->By.xpath: //button[@aria-label='Next month']<---was found
12:43:26.646 INFO  manager.MyListener - Start find element--->By.xpath: //button[@aria-label='Next month']
12:43:26.652 INFO  manager.MyListener - The element  with locator--->By.xpath: //button[@aria-label='Next month']<---was found
12:43:26.683 INFO  manager.MyListener - Start find element--->By.xpath: //button[@aria-label='Next month']
12:43:26.702 INFO  manager.MyListener - The element  with locator--->By.xpath: //button[@aria-label='Next month']<---was found
12:43:26.732 INFO  manager.MyListener - Start find element--->By.xpath: //button[@aria-label='Next month']
12:43:26.740 INFO  manager.MyListener - The element  with locator--->By.xpath: //button[@aria-label='Next month']<---was found
12:43:26.771 INFO  manager.MyListener - Start find element--->By.xpath: //div[text()=' 5 ']
12:43:26.779 INFO  manager.MyListener - The element  with locator--->By.xpath: //div[text()=' 5 ']<---was found
12:43:26.820 INFO  manager.MyListener - Start find element--->By.xpath: //button[@type='submit']
12:43:26.832 INFO  manager.MyListener - The element  with locator--->By.xpath: //button[@type='submit']<---was found
12:43:26.853 INFO  manager.MyListener - Start find element--->By.xpath: //button[@type='submit']
12:43:26.860 INFO  manager.MyListener - The element  with locator--->By.xpath: //button[@type='submit']<---was found
12:43:26.927 INFO  tests.Methods - Finish test--->public void tests.SearchTests.searchAnyPeriod()
12:43:26.928 INFO  tests.Methods - Start test --->public void tests.SearchTests.searchAnyPeriodWithMyData(java.lang.String,java.lang.String,java.lang.String)
12:43:26.928 INFO  manager.MyListener - Start find element--->By.cssSelector: [alt='logo']
12:43:26.965 INFO  manager.MyListener - The element  with locator--->By.cssSelector: [alt='logo']<---was found
12:43:27.123 INFO  manager.MyListener - Start find element--->By.id: city
12:43:27.130 INFO  manager.MyListener - The element  with locator--->By.id: city<---was found
12:43:27.728 INFO  manager.MyListener - Start find element--->By.cssSelector: .pac-item
12:43:27.734 INFO  manager.MyListener - The element  with locator--->By.cssSelector: .pac-item<---was found
12:43:28.759 INFO  manager.MyListener - Start find element--->By.id: dates
12:43:28.766 INFO  manager.MyListener - The element  with locator--->By.id: dates<---was found
12:43:28.826 INFO  manager.MyListener - Start find element--->By.xpath: //div[text()=' 5 ']
12:43:28.832 INFO  manager.MyListener - The element  with locator--->By.xpath: //div[text()=' 5 ']<---was found
12:43:28.872 INFO  manager.MyListener - Start find element--->By.xpath: //button[@aria-label='Next month']
12:43:28.877 INFO  manager.MyListener - The element  with locator--->By.xpath: //button[@aria-label='Next month']<---was found
12:43:28.917 INFO  manager.MyListener - Start find element--->By.xpath: //button[@aria-label='Next month']
12:43:28.922 INFO  manager.MyListener - The element  with locator--->By.xpath: //button[@aria-label='Next month']<---was found
12:43:28.957 INFO  manager.MyListener - Start find element--->By.xpath: //button[@aria-label='Next month']
12:43:28.963 INFO  manager.MyListener - The element  with locator--->By.xpath: //button[@aria-label='Next month']<---was found
12:43:28.996 INFO  manager.MyListener - Start find element--->By.xpath: //button[@aria-label='Next month']
12:43:29.004 INFO  manager.MyListener - The element  with locator--->By.xpath: //button[@aria-label='Next month']<---was found
12:43:29.035 INFO  manager.MyListener - Start find element--->By.xpath: //button[@aria-label='Next month']
12:43:29.042 INFO  manager.MyListener - The element  with locator--->By.xpath: //button[@aria-label='Next month']<---was found
12:43:29.075 INFO  manager.MyListener - Start find element--->By.xpath: //button[@aria-label='Next month']
12:43:29.081 INFO  manager.MyListener - The element  with locator--->By.xpath: //button[@aria-label='Next month']<---was found
12:43:29.112 INFO  manager.MyListener - Start find element--->By.xpath: //button[@aria-label='Next month']
12:43:29.119 INFO  manager.MyListener - The element  with locator--->By.xpath: //button[@aria-label='Next month']<---was found
12:43:29.147 INFO  manager.MyListener - Start find element--->By.xpath: //button[@aria-label='Next month']
12:43:29.154 INFO  manager.MyListener - The element  with locator--->By.xpath: //button[@aria-label='Next month']<---was found
12:43:29.185 INFO  manager.MyListener - Start find element--->By.xpath: //button[@aria-label='Next month']
12:43:29.192 INFO  manager.MyListener - The element  with locator--->By.xpath: //button[@aria-label='Next month']<---was found
12:43:29.222 INFO  manager.MyListener - Start find element--->By.xpath: //button[@aria-label='Next month']
12:43:29.239 INFO  manager.MyListener - The element  with locator--->By.xpath: //button[@aria-label='Next month']<---was found
12:43:29.269 INFO  manager.MyListener - Start find element--->By.xpath: //button[@aria-label='Next month']
12:43:29.276 INFO  manager.MyListener - The element  with locator--->By.xpath: //button[@aria-label='Next month']<---was found
12:43:29.307 INFO  manager.MyListener - Start find element--->By.xpath: //div[text()=' 5 ']
12:43:29.313 INFO  manager.MyListener - The element  with locator--->By.xpath: //div[text()=' 5 ']<---was found
12:43:29.353 INFO  manager.MyListener - Start find element--->By.xpath: //button[@type='submit']
12:43:29.361 INFO  manager.MyListener - The element  with locator--->By.xpath: //button[@type='submit']<---was found
12:43:29.381 INFO  manager.MyListener - Start find element--->By.xpath: //button[@type='submit']
12:43:29.388 INFO  manager.MyListener - The element  with locator--->By.xpath: //button[@type='submit']<---was found
12:43:29.448 INFO  tests.Methods - Finish test--->public void tests.SearchTests.searchAnyPeriodWithMyData(java.lang.String,java.lang.String,java.lang.String)
12:43:29.449 INFO  tests.Methods - Start test --->public void tests.SearchTests.searchAnyPeriodWithMyData(java.lang.String,java.lang.String,java.lang.String)
12:43:29.450 INFO  manager.MyListener - Start find element--->By.cssSelector: [alt='logo']
12:43:29.474 INFO  manager.MyListener - The element  with locator--->By.cssSelector: [alt='logo']<---was found
12:43:29.619 INFO  manager.MyListener - Start find element--->By.id: city
12:43:29.626 INFO  manager.MyListener - The element  with locator--->By.id: city<---was found
12:43:30.223 INFO  manager.MyListener - Start find element--->By.cssSelector: .pac-item
12:43:30.230 INFO  manager.MyListener - The element  with locator--->By.cssSelector: .pac-item<---was found
12:43:31.254 INFO  manager.MyListener - Start find element--->By.id: dates
12:43:31.259 INFO  manager.MyListener - The element  with locator--->By.id: dates<---was found
12:43:31.317 INFO  manager.MyListener - Start find element--->By.xpath: //button[@aria-label='Next month']
12:43:31.324 INFO  manager.MyListener - The element  with locator--->By.xpath: //button[@aria-label='Next month']<---was found
12:43:31.363 INFO  manager.MyListener - Start find element--->By.xpath: //div[text()=' 5 ']
12:43:31.370 INFO  manager.MyListener - The element  with locator--->By.xpath: //div[text()=' 5 ']<---was found
12:43:31.411 INFO  manager.MyListener - Start find element--->By.xpath: //button[@aria-label='Next month']
12:43:31.418 INFO  manager.MyListener - The element  with locator--->By.xpath: //button[@aria-label='Next month']<---was found
12:43:31.457 INFO  manager.MyListener - Start find element--->By.xpath: //button[@aria-label='Next month']
12:43:31.463 INFO  manager.MyListener - The element  with locator--->By.xpath: //button[@aria-label='Next month']<---was found
12:43:31.498 INFO  manager.MyListener - Start find element--->By.xpath: //button[@aria-label='Next month']
12:43:31.506 INFO  manager.MyListener - The element  with locator--->By.xpath: //button[@aria-label='Next month']<---was found
12:43:31.537 INFO  manager.MyListener - Start find element--->By.xpath: //button[@aria-label='Next month']
12:43:31.543 INFO  manager.MyListener - The element  with locator--->By.xpath: //button[@aria-label='Next month']<---was found
12:43:31.575 INFO  manager.MyListener - Start find element--->By.xpath: //button[@aria-label='Next month']
12:43:31.581 INFO  manager.MyListener - The element  with locator--->By.xpath: //button[@aria-label='Next month']<---was found
12:43:31.611 INFO  manager.MyListener - Start find element--->By.xpath: //button[@aria-label='Next month']
12:43:31.617 INFO  manager.MyListener - The element  with locator--->By.xpath: //button[@aria-label='Next month']<---was found
12:43:31.646 INFO  manager.MyListener - Start find element--->By.xpath: //button[@aria-label='Next month']
12:43:31.651 INFO  manager.MyListener - The element  with locator--->By.xpath: //button[@aria-label='Next month']<---was found
12:43:31.680 INFO  manager.MyListener - Start find element--->By.xpath: //button[@aria-label='Next month']
12:43:31.686 INFO  manager.MyListener - The element  with locator--->By.xpath: //button[@aria-label='Next month']<---was found
12:43:31.714 INFO  manager.MyListener - Start find element--->By.xpath: //button[@aria-label='Next month']
12:43:31.721 INFO  manager.MyListener - The element  with locator--->By.xpath: //button[@aria-label='Next month']<---was found
12:43:31.750 INFO  manager.MyListener - Start find element--->By.xpath: //div[text()=' 5 ']
12:43:31.755 INFO  manager.MyListener - The element  with locator--->By.xpath: //div[text()=' 5 ']<---was found
12:43:31.803 INFO  manager.MyListener - Start find element--->By.xpath: //button[@type='submit']
12:43:31.817 INFO  manager.MyListener - The element  with locator--->By.xpath: //button[@type='submit']<---was found
12:43:31.834 INFO  manager.MyListener - Start find element--->By.xpath: //button[@type='submit']
12:43:31.840 INFO  manager.MyListener - The element  with locator--->By.xpath: //button[@type='submit']<---was found
12:43:31.905 INFO  tests.Methods - Finish test--->public void tests.SearchTests.searchAnyPeriodWithMyData(java.lang.String,java.lang.String,java.lang.String)
12:43:31.906 INFO  tests.Methods - Start test --->public void tests.SearchTests.searchCurrentMonth()
12:43:31.906 INFO  manager.MyListener - Start find element--->By.cssSelector: [alt='logo']
12:43:31.931 INFO  manager.MyListener - The element  with locator--->By.cssSelector: [alt='logo']<---was found
12:43:32.082 INFO  manager.MyListener - Start find element--->By.id: city
12:43:32.088 INFO  manager.MyListener - The element  with locator--->By.id: city<---was found
12:43:32.689 INFO  manager.MyListener - Start find element--->By.cssSelector: .pac-item
12:43:32.695 INFO  manager.MyListener - The element  with locator--->By.cssSelector: .pac-item<---was found
12:43:33.721 INFO  manager.MyListener - Start find element--->By.id: dates
12:43:33.728 INFO  manager.MyListener - The element  with locator--->By.id: dates<---was found
12:43:33.791 INFO  manager.MyListener - Start find element--->By.xpath: //*[text()=' 10 ']
12:43:33.802 INFO  manager.MyListener - The element  with locator--->By.xpath: //*[text()=' 10 ']<---was found
12:43:33.842 INFO  manager.MyListener - Start find element--->By.xpath: //*[text()=' 20 ']
12:43:33.851 INFO  manager.MyListener - The element  with locator--->By.xpath: //*[text()=' 20 ']<---was found
12:43:33.891 INFO  manager.MyListener - Start find element--->By.xpath: //button[@type='submit']
12:43:33.898 INFO  manager.MyListener - The element  with locator--->By.xpath: //button[@type='submit']<---was found
12:43:33.914 INFO  manager.MyListener - Start find element--->By.xpath: //button[@type='submit']
12:43:33.920 INFO  manager.MyListener - The element  with locator--->By.xpath: //button[@type='submit']<---was found
12:43:33.979 INFO  manager.MyListener - Start find element--->By.xpath: //*[@class='car-container ng-star-inserted']
12:43:34.869 INFO  manager.MyListener - The element  with locator--->By.xpath: //*[@class='car-container ng-star-inserted']<---was found
12:43:34.870 INFO  tests.Methods - Finish test--->public void tests.SearchTests.searchCurrentMonth()
12:43:34.870 INFO  tests.Methods - Start test --->public void tests.SearchTests.searchCurrentMonthInPast()
12:43:34.870 INFO  manager.MyListener - Start find element--->By.cssSelector: [alt='logo']
12:43:34.877 INFO  manager.MyListener - The element  with locator--->By.cssSelector: [alt='logo']<---was found
12:43:35.027 INFO  manager.MyListener - Start find element--->By.id: city
12:43:35.033 INFO  manager.MyListener - The element  with locator--->By.id: city<---was found
12:43:35.626 INFO  manager.MyListener - Start find element--->By.cssSelector: .pac-item
12:43:35.633 INFO  manager.MyListener - The element  with locator--->By.cssSelector: .pac-item<---was found
12:43:36.656 INFO  manager.MyListener - Start find element--->By.cssSelector: #dates
12:43:36.661 INFO  manager.MyListener - The element  with locator--->By.cssSelector: #dates<---was found
12:43:36.710 INFO  manager.MyListener - Start find element--->By.cssSelector: #dates
12:43:36.717 INFO  manager.MyListener - The element  with locator--->By.cssSelector: #dates<---was found
12:43:38.288 INFO  manager.MyListener - Start find element--->By.cssSelector: button[disabled]
12:43:38.297 INFO  manager.MyListener - The element  with locator--->By.cssSelector: button[disabled]<---was found
12:43:38.297 INFO  manager.MyListener - Start find element--->By.xpath: //div[@class='ng-star-inserted']
12:43:38.306 INFO  manager.MyListener - The element  with locator--->By.xpath: //div[@class='ng-star-inserted']<---was found
12:43:38.315 INFO  tests.Methods - Finish test--->public void tests.SearchTests.searchCurrentMonthInPast()
