14:44:24.940 INFO  manager.ApplicationManager - All tests start in 'ChromeDriver'
14:44:26.299 INFO  tests.Methods - Start test --->public void tests.RegistrationTests.regSuccessWrongPasswordModel()
14:44:26.301 INFO  manager.MyListener - Start find element--->By.xpath: //*[text()=' Logout ']
14:44:31.327 INFO  manager.MyListener - The element  with locator--->By.xpath: //*[text()=' Logout ']<---was found
14:44:31.333 INFO  tests.Methods - Test start with data: User{email='akdxzc@gmail.com', password='12345'}
14:44:31.334 INFO  manager.MyListener - Start find element--->By.xpath: //*[text()=' Log in ']
14:44:31.345 INFO  manager.MyListener - The element  with locator--->By.xpath: //*[text()=' Log in ']<---was found
14:44:31.397 INFO  manager.MyListener - Start find element--->By.xpath: //*[text()='Click here']
14:44:31.409 INFO  manager.MyListener - The element  with locator--->By.xpath: //*[text()='Click here']<---was found
14:44:31.445 INFO  manager.MyListener - Start find element--->By.cssSelector: #name
14:44:31.460 INFO  manager.MyListener - The element  with locator--->By.cssSelector: #name<---was found
14:44:32.041 INFO  manager.MyListener - Start find element--->By.cssSelector: #lastName
14:44:32.050 INFO  manager.MyListener - The element  with locator--->By.cssSelector: #lastName<---was found
14:44:32.622 INFO  manager.MyListener - Start find element--->By.cssSelector: #email
14:44:32.632 INFO  manager.MyListener - The element  with locator--->By.cssSelector: #email<---was found
14:44:33.225 INFO  manager.MyListener - Start find element--->By.cssSelector: #password
14:44:33.234 INFO  manager.MyListener - The element  with locator--->By.cssSelector: #password<---was found
14:44:33.802 INFO  manager.MyListener - Start find element--->By.cssSelector: label[for='terms-of-use']
14:44:33.812 INFO  manager.MyListener - The element  with locator--->By.cssSelector: label[for='terms-of-use']<---was found
14:44:34.147 INFO  manager.MyListener - Start find element--->By.cssSelector: div.error :first-child
14:44:34.157 INFO  manager.MyListener - The element  with locator--->By.cssSelector: div.error :first-child<---was found
14:44:34.170 INFO  manager.MyListener - Start find element--->By.cssSelector: div.error :last-child
14:44:34.179 INFO  manager.MyListener - The element  with locator--->By.cssSelector: div.error :last-child<---was found
14:44:34.189 INFO  manager.MyListener - Start find element--->By.cssSelector: [type='submit']
14:44:34.197 INFO  manager.MyListener - The element  with locator--->By.cssSelector: [type='submit']<---was found
14:44:34.203 INFO  manager.MyListener - Start find element--->By.cssSelector: button[disabled]
14:44:34.212 INFO  manager.MyListener - The element  with locator--->By.cssSelector: button[disabled]<---was found
14:44:34.214 INFO  manager.MyListener - Start find element--->By.xpath: //button[text()='Ok']
14:44:39.230 INFO  manager.MyListener - The element  with locator--->By.xpath: //button[text()='Ok']<---was found
14:44:39.231 INFO  tests.Methods - Finish test--->public void tests.RegistrationTests.regSuccessWrongPasswordModel()
14:44:39.234 INFO  tests.Methods - Start test --->public void tests.AddNewCarTest.addNewCarSuccess()
14:44:39.237 INFO  tests.Methods -  'Car Reg number' 100-2227879
14:44:39.259 INFO  tests.Methods - Add car --->Car(address=Tel Aviv, Israel, make=BMW, model=M5, year=2022, engine=2.5, fuel=Petrol, gear=MT, wD=AWD, doors=5, seats=4, carClass=C, fuelConsumption=6.5, carRegNumber=100-22-27879, price=65, distanceIncluded=500, features=Type of features, about=Very good car)
14:44:40.260 INFO  manager.MyListener - Start find element--->By.id: 1
14:44:40.269 INFO  manager.MyListener - The element  with locator--->By.id: 1<---was found
14:44:40.355 INFO  manager.MyListener - Start find element--->By.id: pickUpPlace
14:44:40.367 INFO  manager.MyListener - The element  with locator--->By.id: pickUpPlace<---was found
14:44:40.973 INFO  manager.MyListener - Start find element--->By.cssSelector: .pac-item
14:44:41.301 INFO  manager.MyListener - The element  with locator--->By.cssSelector: .pac-item<---was found
14:44:41.828 INFO  manager.MyListener - Start find element--->By.id: make
14:44:41.838 INFO  manager.MyListener - The element  with locator--->By.id: make<---was found
14:44:42.412 INFO  manager.MyListener - Start find element--->By.id: model
14:44:42.422 INFO  manager.MyListener - The element  with locator--->By.id: model<---was found
14:44:42.997 INFO  manager.MyListener - Start find element--->By.id: year
14:44:43.007 INFO  manager.MyListener - The element  with locator--->By.id: year<---was found
14:44:43.594 INFO  manager.MyListener - Start find element--->By.id: engine
14:44:43.605 INFO  manager.MyListener - The element  with locator--->By.id: engine<---was found
14:44:44.181 INFO  manager.MyListener - Start find element--->By.id: fuel
14:44:44.190 INFO  manager.MyListener - The element  with locator--->By.id: fuel<---was found
14:44:44.200 INFO  manager.MyListener - Start find element--->By.xpath: .//option[@value = "Petrol"]
14:44:44.210 INFO  manager.MyListener - The element  with locator--->By.xpath: .//option[@value = "Petrol"]<---was found
14:44:44.235 INFO  manager.MyListener - Start find element--->By.id: gear
14:44:44.244 INFO  manager.MyListener - The element  with locator--->By.id: gear<---was found
14:44:44.254 INFO  manager.MyListener - Start find element--->By.xpath: .//option[@value = "MT"]
14:44:44.264 INFO  manager.MyListener - The element  with locator--->By.xpath: .//option[@value = "MT"]<---was found
14:44:44.288 INFO  manager.MyListener - Start find element--->By.id: wheelsDrive
14:44:44.298 INFO  manager.MyListener - The element  with locator--->By.id: wheelsDrive<---was found
14:44:44.309 INFO  manager.MyListener - Start find element--->By.xpath: .//option[@value = "AWD"]
14:44:44.320 INFO  manager.MyListener - The element  with locator--->By.xpath: .//option[@value = "AWD"]<---was found
14:44:44.346 INFO  manager.MyListener - Start find element--->By.id: doors
14:44:44.359 INFO  manager.MyListener - The element  with locator--->By.id: doors<---was found
14:44:44.943 INFO  manager.MyListener - Start find element--->By.id: seats
14:44:44.953 INFO  manager.MyListener - The element  with locator--->By.id: seats<---was found
14:44:45.531 INFO  manager.MyListener - Start find element--->By.id: class
14:44:45.540 INFO  manager.MyListener - The element  with locator--->By.id: class<---was found
14:44:46.117 INFO  manager.MyListener - Start find element--->By.id: fuelConsumption
14:44:46.126 INFO  manager.MyListener - The element  with locator--->By.id: fuelConsumption<---was found
14:44:46.708 INFO  manager.MyListener - Start find element--->By.id: serialNumber
14:44:46.717 INFO  manager.MyListener - The element  with locator--->By.id: serialNumber<---was found
14:44:47.305 INFO  manager.MyListener - Start find element--->By.id: price
14:44:47.314 INFO  manager.MyListener - The element  with locator--->By.id: price<---was found
14:44:47.898 INFO  manager.MyListener - Start find element--->By.id: distance
14:44:47.907 INFO  manager.MyListener - The element  with locator--->By.id: distance<---was found
14:44:48.491 INFO  manager.MyListener - Start find element--->By.id: about
14:44:48.501 INFO  manager.MyListener - The element  with locator--->By.id: about<---was found
14:44:49.086 INFO  manager.MyListener - Start find element--->By.cssSelector: [placeholder='Type feature']
14:44:49.094 INFO  manager.MyListener - The element  with locator--->By.cssSelector: [placeholder='Type feature']<---was found
14:44:49.685 INFO  manager.MyListener - Start find element--->By.xpath: //*[text()='Add feature']
14:44:49.695 INFO  manager.MyListener - The element  with locator--->By.xpath: //*[text()='Add feature']<---was found
14:44:49.717 INFO  manager.MyListener - Start find element--->By.cssSelector: input[type=file]
14:44:49.726 INFO  manager.MyListener - The element  with locator--->By.cssSelector: input[type=file]<---was found
14:44:49.759 INFO  tests.Methods - Attach photo --> D:/download.jpg
14:44:49.759 INFO  manager.MyListener - Start find element--->By.xpath: //button[@type='submit']
14:44:49.769 INFO  manager.MyListener - The element  with locator--->By.xpath: //button[@type='submit']<---was found
14:44:51.332 INFO  manager.MyListener - Start find element--->By.xpath: //button[@type='submit']
14:44:51.337 INFO  manager.MyListener - The element  with locator--->By.xpath: //button[@type='submit']<---was found
14:44:51.367 INFO  manager.MyListener - Start find element--->By.xpath: //*[text()='Show car']
14:44:56.621 INFO  manager.MyListener - This is the link to screen with problem--->src/test/screenshots/screen2696.png
14:44:56.622 INFO  tests.Methods - Finish test--->public void tests.AddNewCarTest.addNewCarSuccess()
