12:34:37.259 INFO  manager.ApplicationManager - All tests start in 'ChromeDriver'
12:34:38.838 INFO  tests.Methods - Start test --->public void tests.AddNewCarTest.addNewCarSuccessWithDataProvider(java.lang.String,java.lang.String,java.lang.String,java.lang.String,java.lang.String,java.lang.String,java.lang.String,java.lang.String,java.lang.String,java.lang.String,java.lang.String,java.lang.String,java.lang.String,java.lang.String,java.lang.String,java.lang.String,java.lang.String)
12:34:38.840 INFO  manager.MyListener - Start find element--->By.xpath: //*[text()=' Logout ']
12:34:43.884 INFO  manager.MyListener - The element  with locator--->By.xpath: //*[text()=' Logout ']<---was found
12:34:43.884 INFO  manager.MyListener - Start find element--->By.xpath: //*[text()=' Log in ']
12:34:43.895 INFO  manager.MyListener - The element  with locator--->By.xpath: //*[text()=' Log in ']<---was found
12:34:43.949 INFO  manager.MyListener - Start find element--->By.cssSelector: #email
12:34:43.962 INFO  manager.MyListener - The element  with locator--->By.cssSelector: #email<---was found
12:34:44.558 INFO  manager.MyListener - Start find element--->By.cssSelector: #password
12:34:44.567 INFO  manager.MyListener - The element  with locator--->By.cssSelector: #password<---was found
12:34:45.138 INFO  manager.MyListener - Start find element--->By.xpath: //button[@type='submit']
12:34:45.149 INFO  manager.MyListener - The element  with locator--->By.xpath: //button[@type='submit']<---was found
12:34:45.181 INFO  manager.MyListener - Start find element--->By.xpath: //button[@type='submit']
12:34:45.188 INFO  manager.MyListener - The element  with locator--->By.xpath: //button[@type='submit']<---was found
12:34:45.217 INFO  manager.MyListener - Start find element--->By.xpath: //button[text()='Ok']
12:34:45.763 INFO  manager.MyListener - The element  with locator--->By.xpath: //button[text()='Ok']<---was found
12:34:45.764 INFO  manager.MyListener - Start find element--->By.xpath: //button[text()='Ok']
12:34:45.774 INFO  manager.MyListener - The element  with locator--->By.xpath: //button[text()='Ok']<---was found
12:34:46.803 INFO  manager.MyListener - Start find element--->By.id: 1
12:34:46.812 INFO  manager.MyListener - The element  with locator--->By.id: 1<---was found
12:34:46.883 INFO  manager.MyListener - Start find element--->By.id: pickUpPlace
12:34:46.893 INFO  manager.MyListener - The element  with locator--->By.id: pickUpPlace<---was found
12:34:47.477 INFO  manager.MyListener - Start find element--->By.cssSelector: .pac-item
12:34:47.804 INFO  manager.MyListener - The element  with locator--->By.cssSelector: .pac-item<---was found
12:34:48.335 INFO  manager.MyListener - Start find element--->By.id: make
12:34:48.344 INFO  manager.MyListener - The element  with locator--->By.id: make<---was found
12:34:48.917 INFO  manager.MyListener - Start find element--->By.id: model
12:34:48.927 INFO  manager.MyListener - The element  with locator--->By.id: model<---was found
12:34:49.501 INFO  manager.MyListener - Start find element--->By.id: year
12:34:49.510 INFO  manager.MyListener - The element  with locator--->By.id: year<---was found
12:34:50.096 INFO  manager.MyListener - Start find element--->By.id: engine
12:34:50.105 INFO  manager.MyListener - The element  with locator--->By.id: engine<---was found
12:34:50.683 INFO  manager.MyListener - Start find element--->By.id: fuel
12:34:50.693 INFO  manager.MyListener - The element  with locator--->By.id: fuel<---was found
12:34:50.703 INFO  manager.MyListener - Start find element--->By.xpath: .//option[@value = "Petrol"]
12:34:50.713 INFO  manager.MyListener - The element  with locator--->By.xpath: .//option[@value = "Petrol"]<---was found
12:34:50.737 INFO  manager.MyListener - Start find element--->By.id: gear
12:34:50.748 INFO  manager.MyListener - The element  with locator--->By.id: gear<---was found
12:34:50.759 INFO  manager.MyListener - Start find element--->By.xpath: .//option[@value = "AT"]
12:34:50.770 INFO  manager.MyListener - The element  with locator--->By.xpath: .//option[@value = "AT"]<---was found
12:34:50.794 INFO  manager.MyListener - Start find element--->By.id: wheelsDrive
12:34:50.808 INFO  manager.MyListener - The element  with locator--->By.id: wheelsDrive<---was found
12:34:50.820 INFO  manager.MyListener - Start find element--->By.xpath: .//option[@value = "AWD"]
12:34:50.828 INFO  manager.MyListener - The element  with locator--->By.xpath: .//option[@value = "AWD"]<---was found
12:34:50.853 INFO  manager.MyListener - Start find element--->By.id: doors
12:34:50.863 INFO  manager.MyListener - The element  with locator--->By.id: doors<---was found
12:34:51.446 INFO  manager.MyListener - Start find element--->By.id: seats
12:34:51.456 INFO  manager.MyListener - The element  with locator--->By.id: seats<---was found
12:34:52.039 INFO  manager.MyListener - Start find element--->By.id: class
12:34:52.048 INFO  manager.MyListener - The element  with locator--->By.id: class<---was found
12:34:52.623 INFO  manager.MyListener - Start find element--->By.id: fuelConsumption
12:34:52.634 INFO  manager.MyListener - The element  with locator--->By.id: fuelConsumption<---was found
12:34:53.219 INFO  manager.MyListener - Start find element--->By.id: serialNumber
12:34:53.229 INFO  manager.MyListener - The element  with locator--->By.id: serialNumber<---was found
12:34:53.819 INFO  manager.MyListener - Start find element--->By.id: price
12:34:53.828 INFO  manager.MyListener - The element  with locator--->By.id: price<---was found
12:34:54.415 INFO  manager.MyListener - Start find element--->By.id: distance
12:34:54.424 INFO  manager.MyListener - The element  with locator--->By.id: distance<---was found
12:34:55.009 INFO  manager.MyListener - Start find element--->By.id: about
12:34:55.019 INFO  manager.MyListener - The element  with locator--->By.id: about<---was found
12:34:55.596 INFO  manager.MyListener - Start find element--->By.cssSelector: [placeholder='Type feature']
12:34:55.604 INFO  manager.MyListener - The element  with locator--->By.cssSelector: [placeholder='Type feature']<---was found
12:34:56.195 INFO  manager.MyListener - Start find element--->By.xpath: //*[text()='Add feature']
12:34:56.203 INFO  manager.MyListener - The element  with locator--->By.xpath: //*[text()='Add feature']<---was found
12:34:56.225 INFO  manager.MyListener - Start find element--->By.cssSelector: input[type=file]
12:34:56.234 INFO  manager.MyListener - The element  with locator--->By.cssSelector: input[type=file]<---was found
12:34:56.268 INFO  tests.Methods - Attach photo-->D:/download.jpg
12:34:58.268 INFO  manager.MyListener - Start find element--->By.xpath: //button[@type='submit']
12:34:58.275 INFO  manager.MyListener - The element  with locator--->By.xpath: //button[@type='submit']<---was found
12:34:58.291 INFO  manager.MyListener - Start find element--->By.xpath: //button[@type='submit']
12:34:58.298 INFO  manager.MyListener - The element  with locator--->By.xpath: //button[@type='submit']<---was found
12:34:58.328 INFO  manager.MyListener - Start find element--->By.xpath: //*[text()='Show car']
12:34:59.359 INFO  manager.MyListener - The element  with locator--->By.xpath: //*[text()='Show car']<---was found
12:34:59.387 INFO  manager.MyListener - Start find element--->By.cssSelector: div.dialog-container
12:34:59.399 INFO  manager.MyListener - The element  with locator--->By.cssSelector: div.dialog-container<---was found
12:34:59.417 INFO  manager.MyListener - Start find element--->By.cssSelector: div.dialog-container h1
12:34:59.425 INFO  manager.MyListener - The element  with locator--->By.cssSelector: div.dialog-container h1<---was found
12:34:59.439 INFO  tests.Methods - Finish test--->public void tests.AddNewCarTest.addNewCarSuccessWithDataProvider(java.lang.String,java.lang.String,java.lang.String,java.lang.String,java.lang.String,java.lang.String,java.lang.String,java.lang.String,java.lang.String,java.lang.String,java.lang.String,java.lang.String,java.lang.String,java.lang.String,java.lang.String,java.lang.String,java.lang.String)
12:34:59.442 INFO  tests.Methods - Start test --->public void tests.AddNewCarTest.addNewCarSuccess()
12:34:59.443 INFO  manager.MyListener - Start find element--->By.xpath: //*[text()=' Logout ']
12:34:59.451 INFO  manager.MyListener - The element  with locator--->By.xpath: //*[text()=' Logout ']<---was found
12:34:59.452 INFO  tests.Methods -  'Car Reg number' 100-2220099
12:34:59.480 INFO  tests.Methods - Add car --->Car(address=Tel Aviv, Israel, make=BMW, model=M5, year=2022, engine=2.5, fuel=Petrol, gear=MT, wD=AWD, doors=5, seats=4, carClass=C, fuelConsumption=6.5, carRegNumber=100-22-20099, price=65, distanceIncluded=500, features=Type of features, about=Very good car)
12:35:00.480 INFO  manager.MyListener - Start find element--->By.id: 1
12:35:00.494 INFO  manager.MyListener - The element  with locator--->By.id: 1<---was found
12:35:00.546 INFO  manager.MyListener - Start find element--->By.id: pickUpPlace
12:35:00.555 INFO  manager.MyListener - The element  with locator--->By.id: pickUpPlace<---was found
12:35:01.152 INFO  manager.MyListener - Start find element--->By.cssSelector: .pac-item
12:35:01.374 INFO  manager.MyListener - The element  with locator--->By.cssSelector: .pac-item<---was found
12:35:01.901 INFO  manager.MyListener - Start find element--->By.id: make
12:35:01.910 INFO  manager.MyListener - The element  with locator--->By.id: make<---was found
12:35:02.487 INFO  manager.MyListener - Start find element--->By.id: model
12:35:02.496 INFO  manager.MyListener - The element  with locator--->By.id: model<---was found
12:35:03.071 INFO  manager.MyListener - Start find element--->By.id: year
12:35:03.080 INFO  manager.MyListener - The element  with locator--->By.id: year<---was found
12:35:03.667 INFO  manager.MyListener - Start find element--->By.id: engine
12:35:03.677 INFO  manager.MyListener - The element  with locator--->By.id: engine<---was found
12:35:04.252 INFO  manager.MyListener - Start find element--->By.id: fuel
12:35:04.262 INFO  manager.MyListener - The element  with locator--->By.id: fuel<---was found
12:35:04.271 INFO  manager.MyListener - Start find element--->By.xpath: .//option[@value = "Petrol"]
12:35:04.279 INFO  manager.MyListener - The element  with locator--->By.xpath: .//option[@value = "Petrol"]<---was found
12:35:04.302 INFO  manager.MyListener - Start find element--->By.id: gear
12:35:04.312 INFO  manager.MyListener - The element  with locator--->By.id: gear<---was found
12:35:04.322 INFO  manager.MyListener - Start find element--->By.xpath: .//option[@value = "MT"]
12:35:04.332 INFO  manager.MyListener - The element  with locator--->By.xpath: .//option[@value = "MT"]<---was found
12:35:04.358 INFO  manager.MyListener - Start find element--->By.id: wheelsDrive
12:35:04.367 INFO  manager.MyListener - The element  with locator--->By.id: wheelsDrive<---was found
12:35:04.376 INFO  manager.MyListener - Start find element--->By.xpath: .//option[@value = "AWD"]
12:35:04.385 INFO  manager.MyListener - The element  with locator--->By.xpath: .//option[@value = "AWD"]<---was found
12:35:04.411 INFO  manager.MyListener - Start find element--->By.id: doors
12:35:04.420 INFO  manager.MyListener - The element  with locator--->By.id: doors<---was found
12:35:05.008 INFO  manager.MyListener - Start find element--->By.id: seats
12:35:05.018 INFO  manager.MyListener - The element  with locator--->By.id: seats<---was found
12:35:05.599 INFO  manager.MyListener - Start find element--->By.id: class
12:35:05.609 INFO  manager.MyListener - The element  with locator--->By.id: class<---was found
12:35:06.184 INFO  manager.MyListener - Start find element--->By.id: fuelConsumption
12:35:06.193 INFO  manager.MyListener - The element  with locator--->By.id: fuelConsumption<---was found
12:35:06.779 INFO  manager.MyListener - Start find element--->By.id: serialNumber
12:35:06.787 INFO  manager.MyListener - The element  with locator--->By.id: serialNumber<---was found
12:35:07.373 INFO  manager.MyListener - Start find element--->By.id: price
12:35:07.383 INFO  manager.MyListener - The element  with locator--->By.id: price<---was found
12:35:07.965 INFO  manager.MyListener - Start find element--->By.id: distance
12:35:07.974 INFO  manager.MyListener - The element  with locator--->By.id: distance<---was found
12:35:08.559 INFO  manager.MyListener - Start find element--->By.id: about
12:35:08.569 INFO  manager.MyListener - The element  with locator--->By.id: about<---was found
12:35:09.160 INFO  manager.MyListener - Start find element--->By.cssSelector: [placeholder='Type feature']
12:35:09.169 INFO  manager.MyListener - The element  with locator--->By.cssSelector: [placeholder='Type feature']<---was found
12:35:09.759 INFO  manager.MyListener - Start find element--->By.xpath: //*[text()='Add feature']
12:35:09.768 INFO  manager.MyListener - The element  with locator--->By.xpath: //*[text()='Add feature']<---was found
12:35:09.790 INFO  manager.MyListener - Start find element--->By.cssSelector: input[type=file]
12:35:09.798 INFO  manager.MyListener - The element  with locator--->By.cssSelector: input[type=file]<---was found
12:35:09.823 INFO  tests.Methods - Attach photo --> D:/download.jpg
12:35:09.824 INFO  manager.MyListener - Start find element--->By.xpath: //button[@type='submit']
12:35:09.833 INFO  manager.MyListener - The element  with locator--->By.xpath: //button[@type='submit']<---was found
12:35:10.881 INFO  manager.MyListener - Start find element--->By.xpath: //button[@type='submit']
12:35:10.888 INFO  manager.MyListener - The element  with locator--->By.xpath: //button[@type='submit']<---was found
12:35:10.918 INFO  manager.MyListener - Start find element--->By.xpath: //*[text()='Show car']
12:35:11.849 INFO  manager.MyListener - The element  with locator--->By.xpath: //*[text()='Show car']<---was found
12:35:11.876 INFO  manager.MyListener - Start find element--->By.cssSelector: div.dialog-container
12:35:11.884 INFO  manager.MyListener - The element  with locator--->By.cssSelector: div.dialog-container<---was found
12:35:11.895 INFO  manager.MyListener - Start find element--->By.cssSelector: div.dialog-container h1
12:35:11.905 INFO  manager.MyListener - The element  with locator--->By.cssSelector: div.dialog-container h1<---was found
12:35:11.915 INFO  tests.Methods - Finish test--->public void tests.AddNewCarTest.addNewCarSuccess()
12:35:11.916 INFO  tests.Methods - Start test --->public void tests.RegistrationTests.regSuccess()
12:35:11.917 INFO  manager.MyListener - Start find element--->By.xpath: //*[text()=' Logout ']
12:35:11.926 INFO  manager.MyListener - The element  with locator--->By.xpath: //*[text()=' Logout ']<---was found
12:35:11.926 INFO  manager.MyListener - Start find element--->By.xpath: //*[text()=' Logout ']
12:35:11.934 INFO  manager.MyListener - The element  with locator--->By.xpath: //*[text()=' Logout ']<---was found
12:35:12.058 INFO  tests.Methods - Test start with data:  Name:Anna 
12:35:12.060 INFO  manager.MyListener - Start find element--->By.xpath: //*[text()=' Log in ']
12:35:12.069 INFO  manager.MyListener - The element  with locator--->By.xpath: //*[text()=' Log in ']<---was found
12:35:12.151 INFO  manager.MyListener - Start find element--->By.xpath: //*[text()='Click here']
12:35:12.164 INFO  manager.MyListener - The element  with locator--->By.xpath: //*[text()='Click here']<---was found
12:35:12.202 INFO  manager.MyListener - Start find element--->By.cssSelector: #name
12:35:12.220 INFO  manager.MyListener - The element  with locator--->By.cssSelector: #name<---was found
12:35:12.829 INFO  manager.MyListener - Start find element--->By.cssSelector: #lastName
12:35:12.837 INFO  manager.MyListener - The element  with locator--->By.cssSelector: #lastName<---was found
12:35:13.409 INFO  manager.MyListener - Start find element--->By.cssSelector: #email
12:35:13.417 INFO  manager.MyListener - The element  with locator--->By.cssSelector: #email<---was found
12:35:14.021 INFO  manager.MyListener - Start find element--->By.cssSelector: #password
12:35:14.030 INFO  manager.MyListener - The element  with locator--->By.cssSelector: #password<---was found
12:35:14.599 INFO  manager.MyListener - Start find element--->By.cssSelector: label[for='terms-of-use']
12:35:14.609 INFO  manager.MyListener - The element  with locator--->By.cssSelector: label[for='terms-of-use']<---was found
12:35:14.941 INFO  manager.MyListener - Start find element--->By.xpath: //button[@type='submit']
12:35:14.948 INFO  manager.MyListener - The element  with locator--->By.xpath: //button[@type='submit']<---was found
12:35:14.968 INFO  manager.MyListener - Start find element--->By.xpath: //button[@type='submit']
12:35:14.973 INFO  manager.MyListener - The element  with locator--->By.xpath: //button[@type='submit']<---was found
12:35:15.004 INFO  manager.MyListener - Start find element--->By.cssSelector: .dialog-container h2
12:35:15.387 INFO  manager.MyListener - The element  with locator--->By.cssSelector: .dialog-container h2<---was found
12:35:15.399 INFO  manager.MyListener - Start find element--->By.cssSelector: .dialog-container h2
12:35:15.405 INFO  manager.MyListener - The element  with locator--->By.cssSelector: .dialog-container h2<---was found
12:35:15.415 INFO  manager.MyListener - Start find element--->By.xpath: //button[text()='Ok']
12:35:15.425 INFO  manager.MyListener - The element  with locator--->By.xpath: //button[text()='Ok']<---was found
12:35:15.425 INFO  manager.MyListener - Start find element--->By.xpath: //button[text()='Ok']
12:35:15.435 INFO  manager.MyListener - The element  with locator--->By.xpath: //button[text()='Ok']<---was found
12:35:15.461 INFO  tests.Methods - Finish test--->public void tests.RegistrationTests.regSuccess()
12:35:15.461 INFO  tests.Methods - Start test --->public void tests.RegistrationTests.regSuccessModel()
12:35:15.462 INFO  manager.MyListener - Start find element--->By.xpath: //*[text()=' Logout ']
12:35:15.470 INFO  manager.MyListener - The element  with locator--->By.xpath: //*[text()=' Logout ']<---was found
12:35:15.471 INFO  manager.MyListener - Start find element--->By.xpath: //*[text()=' Logout ']
12:35:15.478 INFO  manager.MyListener - The element  with locator--->By.xpath: //*[text()=' Logout ']<---was found
12:35:15.548 INFO  tests.Methods - Test start with data: User{email='akdx-1093zc@gmail.com', password='Zcvbb2ds2!'}
12:35:15.548 INFO  manager.MyListener - Start find element--->By.xpath: //*[text()=' Log in ']
12:35:15.557 INFO  manager.MyListener - The element  with locator--->By.xpath: //*[text()=' Log in ']<---was found
12:35:15.590 INFO  manager.MyListener - Start find element--->By.xpath: //*[text()='Click here']
12:35:15.597 INFO  manager.MyListener - The element  with locator--->By.xpath: //*[text()='Click here']<---was found
12:35:15.625 INFO  manager.MyListener - Start find element--->By.cssSelector: #name
12:35:15.632 INFO  manager.MyListener - The element  with locator--->By.cssSelector: #name<---was found
12:35:16.241 INFO  manager.MyListener - Start find element--->By.cssSelector: #lastName
12:35:16.247 INFO  manager.MyListener - The element  with locator--->By.cssSelector: #lastName<---was found
12:35:16.817 INFO  manager.MyListener - Start find element--->By.cssSelector: #email
12:35:16.824 INFO  manager.MyListener - The element  with locator--->By.cssSelector: #email<---was found
12:35:17.434 INFO  manager.MyListener - Start find element--->By.cssSelector: #password
12:35:17.440 INFO  manager.MyListener - The element  with locator--->By.cssSelector: #password<---was found
12:35:18.007 INFO  manager.MyListener - Start find element--->By.cssSelector: label[for='terms-of-use']
12:35:18.012 INFO  manager.MyListener - The element  with locator--->By.cssSelector: label[for='terms-of-use']<---was found
12:35:18.338 INFO  manager.MyListener - Start find element--->By.xpath: //button[@type='submit']
12:35:18.343 INFO  manager.MyListener - The element  with locator--->By.xpath: //button[@type='submit']<---was found
12:35:18.364 INFO  manager.MyListener - Start find element--->By.xpath: //button[@type='submit']
12:35:18.370 INFO  manager.MyListener - The element  with locator--->By.xpath: //button[@type='submit']<---was found
12:35:19.397 INFO  manager.MyListener - Start find element--->By.cssSelector: .dialog-container h2
12:35:19.403 INFO  manager.MyListener - The element  with locator--->By.cssSelector: .dialog-container h2<---was found
12:35:19.413 INFO  manager.MyListener - Start find element--->By.cssSelector: .dialog-container h2
12:35:19.419 INFO  manager.MyListener - The element  with locator--->By.cssSelector: .dialog-container h2<---was found
12:35:19.428 INFO  manager.MyListener - Start find element--->By.xpath: //button[text()='Ok']
12:35:19.433 INFO  manager.MyListener - The element  with locator--->By.xpath: //button[text()='Ok']<---was found
12:35:19.433 INFO  manager.MyListener - Start find element--->By.xpath: //button[text()='Ok']
12:35:19.439 INFO  manager.MyListener - The element  with locator--->By.xpath: //button[text()='Ok']<---was found
12:35:19.461 INFO  tests.Methods - Finish test--->public void tests.RegistrationTests.regSuccessModel()
12:35:19.463 INFO  tests.Methods - Start test --->public void tests.RegistrationTests.regSuccessWrongPasswordModel()
12:35:19.463 INFO  manager.MyListener - Start find element--->By.xpath: //*[text()=' Logout ']
12:35:19.471 INFO  manager.MyListener - The element  with locator--->By.xpath: //*[text()=' Logout ']<---was found
12:35:19.471 INFO  manager.MyListener - Start find element--->By.xpath: //*[text()=' Logout ']
12:35:19.476 INFO  manager.MyListener - The element  with locator--->By.xpath: //*[text()=' Logout ']<---was found
12:35:19.545 INFO  tests.Methods - Test start with data: User{email='akdxzc@gmail.com', password='12345'}
12:35:19.545 INFO  manager.MyListener - Start find element--->By.xpath: //*[text()=' Log in ']
12:35:19.556 INFO  manager.MyListener - The element  with locator--->By.xpath: //*[text()=' Log in ']<---was found
12:35:19.590 INFO  manager.MyListener - Start find element--->By.xpath: //*[text()='Click here']
12:35:19.597 INFO  manager.MyListener - The element  with locator--->By.xpath: //*[text()='Click here']<---was found
12:35:19.626 INFO  manager.MyListener - Start find element--->By.cssSelector: #name
12:35:19.632 INFO  manager.MyListener - The element  with locator--->By.cssSelector: #name<---was found
12:35:20.217 INFO  manager.MyListener - Start find element--->By.cssSelector: #lastName
12:35:20.241 INFO  manager.MyListener - The element  with locator--->By.cssSelector: #lastName<---was found
12:35:20.812 INFO  manager.MyListener - Start find element--->By.cssSelector: #email
12:35:20.818 INFO  manager.MyListener - The element  with locator--->By.cssSelector: #email<---was found
12:35:21.413 INFO  manager.MyListener - Start find element--->By.cssSelector: #password
12:35:21.418 INFO  manager.MyListener - The element  with locator--->By.cssSelector: #password<---was found
12:35:21.983 INFO  manager.MyListener - Start find element--->By.cssSelector: label[for='terms-of-use']
12:35:21.989 INFO  manager.MyListener - The element  with locator--->By.cssSelector: label[for='terms-of-use']<---was found
12:35:22.319 INFO  manager.MyListener - Start find element--->By.cssSelector: div.error :first-child
12:35:22.329 INFO  manager.MyListener - The element  with locator--->By.cssSelector: div.error :first-child<---was found
12:35:22.339 INFO  manager.MyListener - Start find element--->By.cssSelector: div.error :last-child
12:35:22.346 INFO  manager.MyListener - The element  with locator--->By.cssSelector: div.error :last-child<---was found
12:35:22.355 INFO  manager.MyListener - Start find element--->By.cssSelector: [type='submit']
12:35:22.364 INFO  manager.MyListener - The element  with locator--->By.cssSelector: [type='submit']<---was found
12:35:22.370 INFO  manager.MyListener - Start find element--->By.cssSelector: button[disabled]
12:35:22.379 INFO  manager.MyListener - The element  with locator--->By.cssSelector: button[disabled]<---was found
12:35:22.379 INFO  manager.MyListener - Start find element--->By.xpath: //button[text()='Ok']
12:35:27.386 INFO  manager.MyListener - The element  with locator--->By.xpath: //button[text()='Ok']<---was found
12:35:27.387 INFO  tests.Methods - Finish test--->public void tests.RegistrationTests.regSuccessWrongPasswordModel()
12:35:27.388 INFO  tests.Methods - Start test --->public void tests.RegistrationTests.regSuccessWithMyData(java.lang.String,java.lang.String,java.lang.String,java.lang.String)
12:35:27.388 INFO  manager.MyListener - Start find element--->By.xpath: //*[text()=' Logout ']
12:35:32.401 INFO  manager.MyListener - The element  with locator--->By.xpath: //*[text()=' Logout ']<---was found
12:35:32.402 INFO  tests.Methods - Test start with data:  Name: Anna
12:35:32.402 INFO  manager.MyListener - Start find element--->By.xpath: //*[text()=' Log in ']
12:35:32.409 INFO  manager.MyListener - The element  with locator--->By.xpath: //*[text()=' Log in ']<---was found
12:35:32.433 INFO  manager.MyListener - Start find element--->By.xpath: //*[text()='Click here']
12:35:32.441 INFO  manager.MyListener - The element  with locator--->By.xpath: //*[text()='Click here']<---was found
12:35:32.470 INFO  manager.MyListener - Start find element--->By.cssSelector: #name
12:35:38.714 INFO  manager.MyListener - This is the link to screen with problem--->src/test/screenshots/screen2137.png
12:35:38.715 INFO  manager.MyListener - Start find element--->By.xpath: //button[text()='Ok']
12:35:43.721 INFO  manager.MyListener - The element  with locator--->By.xpath: //button[text()='Ok']<---was found
12:35:43.722 INFO  tests.Methods - Finish test--->public void tests.RegistrationTests.regSuccessWithMyData(java.lang.String,java.lang.String,java.lang.String,java.lang.String)
