13:28:25.122 INFO  manager.ApplicationManager - All tests start in 'ChromeDriver'
13:28:26.428 INFO  tests.Methods - Start test --->public void tests.LoginTests.loginSuccess(java.lang.String,java.lang.String)
13:28:26.430 INFO  manager.MyListener - Start find element--->By.xpath: //*[text()=' Logout ']
13:28:31.447 INFO  manager.MyListener - The element  with locator--->By.xpath: //*[text()=' Logout ']<---was found
13:28:31.448 INFO  tests.Methods - Start test LoginSuccess
13:28:31.453 INFO  tests.Methods - The test starts with email: qdas1@mail.ruPassword: Qweasd12
13:28:31.454 INFO  manager.MyListener - Start find element--->By.xpath: //*[text()=' Log in ']
13:28:31.467 INFO  manager.MyListener - The element  with locator--->By.xpath: //*[text()=' Log in ']<---was found
13:28:31.506 INFO  manager.MyListener - Start find element--->By.xpath: //*[text()=' Log in ']
13:28:31.514 INFO  manager.MyListener - The element  with locator--->By.xpath: //*[text()=' Log in ']<---was found
13:28:31.564 INFO  manager.MyListener - Start find element--->By.cssSelector: #email
13:28:31.575 INFO  manager.MyListener - The element  with locator--->By.cssSelector: #email<---was found
13:28:32.173 INFO  manager.MyListener - Start find element--->By.cssSelector: #password
13:28:32.181 INFO  manager.MyListener - The element  with locator--->By.cssSelector: #password<---was found
13:28:32.749 INFO  manager.MyListener - Start find element--->By.xpath: //button[@type='submit']
13:28:32.758 INFO  manager.MyListener - The element  with locator--->By.xpath: //button[@type='submit']<---was found
13:28:32.779 INFO  manager.MyListener - Start find element--->By.xpath: //button[@type='submit']
13:28:32.785 INFO  manager.MyListener - The element  with locator--->By.xpath: //button[@type='submit']<---was found
13:28:33.813 INFO  manager.MyListener - Start find element--->By.cssSelector: .dialog-container h2
13:28:33.822 INFO  manager.MyListener - The element  with locator--->By.cssSelector: .dialog-container h2<---was found
13:28:33.835 INFO  manager.MyListener - Start find element--->By.cssSelector: .dialog-container h2
13:28:33.842 INFO  manager.MyListener - The element  with locator--->By.cssSelector: .dialog-container h2<---was found
13:28:33.853 INFO  manager.MyListener - Start find element--->By.xpath: //button[text()='Ok']
13:28:33.862 INFO  manager.MyListener - The element  with locator--->By.xpath: //button[text()='Ok']<---was found
13:28:33.862 INFO  manager.MyListener - Start find element--->By.xpath: //button[text()='Ok']
13:28:33.872 INFO  manager.MyListener - The element  with locator--->By.xpath: //button[text()='Ok']<---was found
13:28:33.895 INFO  tests.Methods - Test passed
13:28:33.897 INFO  manager.MyListener - Start find element--->By.xpath: //button[text()='Ok']
13:28:33.905 INFO  manager.MyListener - The element  with locator--->By.xpath: //button[text()='Ok']<---was found
13:28:33.905 INFO  manager.MyListener - Start find element--->By.xpath: //button[text()='Ok']
13:28:33.912 INFO  manager.MyListener - The element  with locator--->By.xpath: //button[text()='Ok']<---was found
13:28:33.928 INFO  tests.Methods - Finish test--->public void tests.LoginTests.loginSuccess(java.lang.String,java.lang.String)
13:28:33.929 INFO  tests.Methods - Start test --->public void tests.LoginTests.loginSuccess(java.lang.String,java.lang.String)
13:28:33.929 INFO  manager.MyListener - Start find element--->By.xpath: //*[text()=' Logout ']
13:28:33.936 INFO  manager.MyListener - The element  with locator--->By.xpath: //*[text()=' Logout ']<---was found
13:28:33.936 INFO  manager.MyListener - Start find element--->By.xpath: //*[text()=' Logout ']
13:28:33.946 INFO  manager.MyListener - The element  with locator--->By.xpath: //*[text()=' Logout ']<---was found
13:28:33.993 INFO  tests.Methods - Test needs logout
13:28:33.994 INFO  tests.Methods - Start test LoginSuccess
13:28:33.994 INFO  tests.Methods - The test starts with email: qdas1@mail.ruPassword: Qweasd12
13:28:33.995 INFO  manager.MyListener - Start find element--->By.xpath: //*[text()=' Log in ']
13:28:34.002 INFO  manager.MyListener - The element  with locator--->By.xpath: //*[text()=' Log in ']<---was found
13:28:34.020 INFO  manager.MyListener - Start find element--->By.xpath: //*[text()=' Log in ']
13:28:34.027 INFO  manager.MyListener - The element  with locator--->By.xpath: //*[text()=' Log in ']<---was found
13:28:34.062 INFO  manager.MyListener - Start find element--->By.cssSelector: #email
13:28:34.070 INFO  manager.MyListener - The element  with locator--->By.cssSelector: #email<---was found
13:28:34.661 INFO  manager.MyListener - Start find element--->By.cssSelector: #password
13:28:34.668 INFO  manager.MyListener - The element  with locator--->By.cssSelector: #password<---was found
13:28:35.236 INFO  manager.MyListener - Start find element--->By.xpath: //button[@type='submit']
13:28:35.245 INFO  manager.MyListener - The element  with locator--->By.xpath: //button[@type='submit']<---was found
13:28:35.261 INFO  manager.MyListener - Start find element--->By.xpath: //button[@type='submit']
13:28:35.267 INFO  manager.MyListener - The element  with locator--->By.xpath: //button[@type='submit']<---was found
13:28:36.294 INFO  manager.MyListener - Start find element--->By.cssSelector: .dialog-container h2
13:28:36.300 INFO  manager.MyListener - The element  with locator--->By.cssSelector: .dialog-container h2<---was found
13:28:36.312 INFO  manager.MyListener - Start find element--->By.cssSelector: .dialog-container h2
13:28:36.318 INFO  manager.MyListener - The element  with locator--->By.cssSelector: .dialog-container h2<---was found
13:28:36.327 INFO  manager.MyListener - Start find element--->By.xpath: //button[text()='Ok']
13:28:36.334 INFO  manager.MyListener - The element  with locator--->By.xpath: //button[text()='Ok']<---was found
13:28:36.335 INFO  manager.MyListener - Start find element--->By.xpath: //button[text()='Ok']
13:28:36.340 INFO  manager.MyListener - The element  with locator--->By.xpath: //button[text()='Ok']<---was found
13:28:36.363 INFO  tests.Methods - Test passed
13:28:36.364 INFO  manager.MyListener - Start find element--->By.xpath: //button[text()='Ok']
13:28:36.371 INFO  manager.MyListener - The element  with locator--->By.xpath: //button[text()='Ok']<---was found
13:28:36.372 INFO  manager.MyListener - Start find element--->By.xpath: //button[text()='Ok']
13:28:36.378 INFO  manager.MyListener - The element  with locator--->By.xpath: //button[text()='Ok']<---was found
13:28:36.393 INFO  tests.Methods - Finish test--->public void tests.LoginTests.loginSuccess(java.lang.String,java.lang.String)
13:28:36.394 INFO  tests.Methods - Start test --->public void tests.LoginTests.loginSuccess(java.lang.String,java.lang.String)
13:28:36.394 INFO  manager.MyListener - Start find element--->By.xpath: //*[text()=' Logout ']
13:28:36.402 INFO  manager.MyListener - The element  with locator--->By.xpath: //*[text()=' Logout ']<---was found
13:28:36.402 INFO  manager.MyListener - Start find element--->By.xpath: //*[text()=' Logout ']
13:28:36.407 INFO  manager.MyListener - The element  with locator--->By.xpath: //*[text()=' Logout ']<---was found
13:28:36.453 INFO  tests.Methods - Test needs logout
13:28:36.454 INFO  tests.Methods - Start test LoginSuccess
13:28:36.454 INFO  tests.Methods - The test starts with email: qdas1@mail.ruPassword: Qweasd12
13:28:36.454 INFO  manager.MyListener - Start find element--->By.xpath: //*[text()=' Log in ']
13:28:36.462 INFO  manager.MyListener - The element  with locator--->By.xpath: //*[text()=' Log in ']<---was found
13:28:36.478 INFO  manager.MyListener - Start find element--->By.xpath: //*[text()=' Log in ']
13:28:36.485 INFO  manager.MyListener - The element  with locator--->By.xpath: //*[text()=' Log in ']<---was found
13:28:36.517 INFO  manager.MyListener - Start find element--->By.cssSelector: #email
13:28:36.525 INFO  manager.MyListener - The element  with locator--->By.cssSelector: #email<---was found
13:28:37.119 INFO  manager.MyListener - Start find element--->By.cssSelector: #password
13:28:37.126 INFO  manager.MyListener - The element  with locator--->By.cssSelector: #password<---was found
13:28:37.693 INFO  manager.MyListener - Start find element--->By.xpath: //button[@type='submit']
13:28:37.699 INFO  manager.MyListener - The element  with locator--->By.xpath: //button[@type='submit']<---was found
13:28:37.717 INFO  manager.MyListener - Start find element--->By.xpath: //button[@type='submit']
13:28:37.722 INFO  manager.MyListener - The element  with locator--->By.xpath: //button[@type='submit']<---was found
13:28:38.749 INFO  manager.MyListener - Start find element--->By.cssSelector: .dialog-container h2
13:28:38.755 INFO  manager.MyListener - The element  with locator--->By.cssSelector: .dialog-container h2<---was found
13:28:38.766 INFO  manager.MyListener - Start find element--->By.cssSelector: .dialog-container h2
13:28:38.772 INFO  manager.MyListener - The element  with locator--->By.cssSelector: .dialog-container h2<---was found
13:28:38.781 INFO  manager.MyListener - Start find element--->By.xpath: //button[text()='Ok']
13:28:38.788 INFO  manager.MyListener - The element  with locator--->By.xpath: //button[text()='Ok']<---was found
13:28:38.788 INFO  manager.MyListener - Start find element--->By.xpath: //button[text()='Ok']
13:28:38.795 INFO  manager.MyListener - The element  with locator--->By.xpath: //button[text()='Ok']<---was found
13:28:38.819 INFO  tests.Methods - Test passed
13:28:38.820 INFO  manager.MyListener - Start find element--->By.xpath: //button[text()='Ok']
13:28:38.828 INFO  manager.MyListener - The element  with locator--->By.xpath: //button[text()='Ok']<---was found
13:28:38.828 INFO  manager.MyListener - Start find element--->By.xpath: //button[text()='Ok']
13:28:38.834 INFO  manager.MyListener - The element  with locator--->By.xpath: //button[text()='Ok']<---was found
13:28:38.850 INFO  tests.Methods - Finish test--->public void tests.LoginTests.loginSuccess(java.lang.String,java.lang.String)
13:28:38.851 INFO  tests.Methods - Start test --->public void tests.LoginTests.loginSuccessModel()
13:28:38.852 INFO  manager.MyListener - Start find element--->By.xpath: //*[text()=' Logout ']
13:28:38.859 INFO  manager.MyListener - The element  with locator--->By.xpath: //*[text()=' Logout ']<---was found
13:28:38.859 INFO  manager.MyListener - Start find element--->By.xpath: //*[text()=' Logout ']
13:28:38.867 INFO  manager.MyListener - The element  with locator--->By.xpath: //*[text()=' Logout ']<---was found
13:28:38.913 INFO  tests.Methods - Test needs logout
13:28:38.914 INFO  manager.MyListener - Start find element--->By.xpath: //*[text()=' Log in ']
13:28:38.921 INFO  manager.MyListener - The element  with locator--->By.xpath: //*[text()=' Log in ']<---was found
13:28:38.941 INFO  manager.MyListener - Start find element--->By.xpath: //*[text()=' Log in ']
13:28:38.948 INFO  manager.MyListener - The element  with locator--->By.xpath: //*[text()=' Log in ']<---was found
13:28:38.982 INFO  manager.MyListener - Start find element--->By.cssSelector: #email
13:28:38.989 INFO  manager.MyListener - The element  with locator--->By.cssSelector: #email<---was found
13:28:39.577 INFO  manager.MyListener - Start find element--->By.cssSelector: #password
13:28:39.584 INFO  manager.MyListener - The element  with locator--->By.cssSelector: #password<---was found
13:28:40.151 INFO  manager.MyListener - Start find element--->By.xpath: //button[@type='submit']
13:28:40.159 INFO  manager.MyListener - The element  with locator--->By.xpath: //button[@type='submit']<---was found
13:28:40.175 INFO  manager.MyListener - Start find element--->By.xpath: //button[@type='submit']
13:28:40.181 INFO  manager.MyListener - The element  with locator--->By.xpath: //button[@type='submit']<---was found
13:28:41.210 INFO  manager.MyListener - Start find element--->By.cssSelector: .dialog-container h2
13:28:41.215 INFO  manager.MyListener - The element  with locator--->By.cssSelector: .dialog-container h2<---was found
13:28:41.229 INFO  manager.MyListener - Start find element--->By.cssSelector: .dialog-container h2
13:28:41.234 INFO  manager.MyListener - The element  with locator--->By.cssSelector: .dialog-container h2<---was found
13:28:41.243 INFO  manager.MyListener - Start find element--->By.xpath: //button[text()='Ok']
13:28:41.249 INFO  manager.MyListener - The element  with locator--->By.xpath: //button[text()='Ok']<---was found
13:28:41.249 INFO  manager.MyListener - Start find element--->By.xpath: //button[text()='Ok']
13:28:41.255 INFO  manager.MyListener - The element  with locator--->By.xpath: //button[text()='Ok']<---was found
13:28:41.280 INFO  manager.MyListener - Start find element--->By.xpath: //button[text()='Ok']
13:28:41.287 INFO  manager.MyListener - The element  with locator--->By.xpath: //button[text()='Ok']<---was found
13:28:41.287 INFO  manager.MyListener - Start find element--->By.xpath: //button[text()='Ok']
13:28:41.293 INFO  manager.MyListener - The element  with locator--->By.xpath: //button[text()='Ok']<---was found
13:28:41.309 INFO  tests.Methods - Finish test--->public void tests.LoginTests.loginSuccessModel()
13:28:41.310 INFO  tests.Methods - Start test --->public void tests.LoginTests.loginSuccessNew(java.lang.String,java.lang.String)
13:28:41.310 INFO  manager.MyListener - Start find element--->By.xpath: //*[text()=' Logout ']
13:28:41.317 INFO  manager.MyListener - The element  with locator--->By.xpath: //*[text()=' Logout ']<---was found
13:28:41.317 INFO  manager.MyListener - Start find element--->By.xpath: //*[text()=' Logout ']
13:28:41.324 INFO  manager.MyListener - The element  with locator--->By.xpath: //*[text()=' Logout ']<---was found
13:28:41.367 INFO  tests.Methods - Test needs logout
13:28:41.368 INFO  manager.MyListener - Start find element--->By.xpath: //*[text()=' Log in ']
13:28:41.375 INFO  manager.MyListener - The element  with locator--->By.xpath: //*[text()=' Log in ']<---was found
13:28:41.394 INFO  manager.MyListener - Start find element--->By.xpath: //*[text()=' Log in ']
13:28:41.401 INFO  manager.MyListener - The element  with locator--->By.xpath: //*[text()=' Log in ']<---was found
13:28:41.436 INFO  manager.MyListener - Start find element--->By.cssSelector: #email
13:28:41.442 INFO  manager.MyListener - The element  with locator--->By.cssSelector: #email<---was found
13:28:42.028 INFO  manager.MyListener - Start find element--->By.cssSelector: #password
13:28:42.034 INFO  manager.MyListener - The element  with locator--->By.cssSelector: #password<---was found
13:28:42.598 INFO  manager.MyListener - Start find element--->By.xpath: //button[@type='submit']
13:28:42.607 INFO  manager.MyListener - The element  with locator--->By.xpath: //button[@type='submit']<---was found
13:28:42.624 INFO  manager.MyListener - Start find element--->By.xpath: //button[@type='submit']
13:28:42.631 INFO  manager.MyListener - The element  with locator--->By.xpath: //button[@type='submit']<---was found
13:28:43.659 INFO  manager.MyListener - Start find element--->By.cssSelector: .dialog-container h2
13:28:43.664 INFO  manager.MyListener - The element  with locator--->By.cssSelector: .dialog-container h2<---was found
13:28:43.675 INFO  manager.MyListener - Start find element--->By.cssSelector: .dialog-container h2
13:28:43.682 INFO  manager.MyListener - The element  with locator--->By.cssSelector: .dialog-container h2<---was found
13:28:43.691 INFO  manager.MyListener - Start find element--->By.xpath: //button[text()='Ok']
13:28:43.698 INFO  manager.MyListener - The element  with locator--->By.xpath: //button[text()='Ok']<---was found
13:28:43.698 INFO  manager.MyListener - Start find element--->By.xpath: //button[text()='Ok']
13:28:43.703 INFO  manager.MyListener - The element  with locator--->By.xpath: //button[text()='Ok']<---was found
13:28:43.726 INFO  manager.MyListener - Start find element--->By.xpath: //button[text()='Ok']
13:28:43.732 INFO  manager.MyListener - The element  with locator--->By.xpath: //button[text()='Ok']<---was found
13:28:43.732 INFO  manager.MyListener - Start find element--->By.xpath: //button[text()='Ok']
13:28:43.737 INFO  manager.MyListener - The element  with locator--->By.xpath: //button[text()='Ok']<---was found
13:28:43.754 INFO  tests.Methods - Finish test--->public void tests.LoginTests.loginSuccessNew(java.lang.String,java.lang.String)
13:28:43.754 INFO  tests.Methods - Start test --->public void tests.LoginTests.loginSuccessNew(java.lang.String,java.lang.String)
13:28:43.755 INFO  manager.MyListener - Start find element--->By.xpath: //*[text()=' Logout ']
13:28:43.761 INFO  manager.MyListener - The element  with locator--->By.xpath: //*[text()=' Logout ']<---was found
13:28:43.761 INFO  manager.MyListener - Start find element--->By.xpath: //*[text()=' Logout ']
13:28:43.767 INFO  manager.MyListener - The element  with locator--->By.xpath: //*[text()=' Logout ']<---was found
13:28:43.805 INFO  tests.Methods - Test needs logout
13:28:43.805 INFO  manager.MyListener - Start find element--->By.xpath: //*[text()=' Log in ']
13:28:43.816 INFO  manager.MyListener - The element  with locator--->By.xpath: //*[text()=' Log in ']<---was found
13:28:43.836 INFO  manager.MyListener - Start find element--->By.xpath: //*[text()=' Log in ']
13:28:43.844 INFO  manager.MyListener - The element  with locator--->By.xpath: //*[text()=' Log in ']<---was found
13:28:43.878 INFO  manager.MyListener - Start find element--->By.cssSelector: #email
13:28:43.885 INFO  manager.MyListener - The element  with locator--->By.cssSelector: #email<---was found
13:28:44.476 INFO  manager.MyListener - Start find element--->By.cssSelector: #password
13:28:44.481 INFO  manager.MyListener - The element  with locator--->By.cssSelector: #password<---was found
13:28:45.045 INFO  manager.MyListener - Start find element--->By.xpath: //button[@type='submit']
13:28:45.052 INFO  manager.MyListener - The element  with locator--->By.xpath: //button[@type='submit']<---was found
13:28:45.069 INFO  manager.MyListener - Start find element--->By.xpath: //button[@type='submit']
13:28:45.076 INFO  manager.MyListener - The element  with locator--->By.xpath: //button[@type='submit']<---was found
13:28:46.103 INFO  manager.MyListener - Start find element--->By.cssSelector: .dialog-container h2
13:28:46.108 INFO  manager.MyListener - The element  with locator--->By.cssSelector: .dialog-container h2<---was found
13:28:46.119 INFO  manager.MyListener - Start find element--->By.cssSelector: .dialog-container h2
13:28:46.125 INFO  manager.MyListener - The element  with locator--->By.cssSelector: .dialog-container h2<---was found
13:28:46.134 INFO  manager.MyListener - Start find element--->By.xpath: //button[text()='Ok']
13:28:46.140 INFO  manager.MyListener - The element  with locator--->By.xpath: //button[text()='Ok']<---was found
13:28:46.140 INFO  manager.MyListener - Start find element--->By.xpath: //button[text()='Ok']
13:28:46.146 INFO  manager.MyListener - The element  with locator--->By.xpath: //button[text()='Ok']<---was found
13:28:46.171 INFO  manager.MyListener - Start find element--->By.xpath: //button[text()='Ok']
13:28:46.179 INFO  manager.MyListener - The element  with locator--->By.xpath: //button[text()='Ok']<---was found
13:28:46.179 INFO  manager.MyListener - Start find element--->By.xpath: //button[text()='Ok']
13:28:46.184 INFO  manager.MyListener - The element  with locator--->By.xpath: //button[text()='Ok']<---was found
13:28:46.199 INFO  tests.Methods - Finish test--->public void tests.LoginTests.loginSuccessNew(java.lang.String,java.lang.String)
13:28:46.200 INFO  tests.Methods - Start test --->public void tests.LoginTests.loginSuccessNew(java.lang.String,java.lang.String)
13:28:46.200 INFO  manager.MyListener - Start find element--->By.xpath: //*[text()=' Logout ']
13:28:46.207 INFO  manager.MyListener - The element  with locator--->By.xpath: //*[text()=' Logout ']<---was found
13:28:46.207 INFO  manager.MyListener - Start find element--->By.xpath: //*[text()=' Logout ']
13:28:46.214 INFO  manager.MyListener - The element  with locator--->By.xpath: //*[text()=' Logout ']<---was found
13:28:46.259 INFO  tests.Methods - Test needs logout
13:28:46.259 INFO  manager.MyListener - Start find element--->By.xpath: //*[text()=' Log in ']
13:28:46.267 INFO  manager.MyListener - The element  with locator--->By.xpath: //*[text()=' Log in ']<---was found
13:28:46.286 INFO  manager.MyListener - Start find element--->By.xpath: //*[text()=' Log in ']
13:28:46.291 INFO  manager.MyListener - The element  with locator--->By.xpath: //*[text()=' Log in ']<---was found
13:28:46.326 INFO  manager.MyListener - Start find element--->By.cssSelector: #email
13:28:46.333 INFO  manager.MyListener - The element  with locator--->By.cssSelector: #email<---was found
13:28:46.921 INFO  manager.MyListener - Start find element--->By.cssSelector: #password
13:28:46.928 INFO  manager.MyListener - The element  with locator--->By.cssSelector: #password<---was found
13:28:47.492 INFO  manager.MyListener - Start find element--->By.xpath: //button[@type='submit']
13:28:47.498 INFO  manager.MyListener - The element  with locator--->By.xpath: //button[@type='submit']<---was found
13:28:47.516 INFO  manager.MyListener - Start find element--->By.xpath: //button[@type='submit']
13:28:47.523 INFO  manager.MyListener - The element  with locator--->By.xpath: //button[@type='submit']<---was found
13:28:48.554 INFO  manager.MyListener - Start find element--->By.cssSelector: .dialog-container h2
13:28:48.560 INFO  manager.MyListener - The element  with locator--->By.cssSelector: .dialog-container h2<---was found
13:28:48.572 INFO  manager.MyListener - Start find element--->By.cssSelector: .dialog-container h2
13:28:48.579 INFO  manager.MyListener - The element  with locator--->By.cssSelector: .dialog-container h2<---was found
13:28:48.588 INFO  manager.MyListener - Start find element--->By.xpath: //button[text()='Ok']
13:28:48.594 INFO  manager.MyListener - The element  with locator--->By.xpath: //button[text()='Ok']<---was found
13:28:48.594 INFO  manager.MyListener - Start find element--->By.xpath: //button[text()='Ok']
13:28:48.600 INFO  manager.MyListener - The element  with locator--->By.xpath: //button[text()='Ok']<---was found
13:28:48.623 INFO  manager.MyListener - Start find element--->By.xpath: //button[text()='Ok']
13:28:48.629 INFO  manager.MyListener - The element  with locator--->By.xpath: //button[text()='Ok']<---was found
13:28:48.630 INFO  manager.MyListener - Start find element--->By.xpath: //button[text()='Ok']
13:28:48.636 INFO  manager.MyListener - The element  with locator--->By.xpath: //button[text()='Ok']<---was found
13:28:48.652 INFO  tests.Methods - Finish test--->public void tests.LoginTests.loginSuccessNew(java.lang.String,java.lang.String)
13:28:48.654 INFO  tests.Methods - Start test --->public void tests.RegistrationTests.regSuccess()
13:28:48.654 INFO  manager.MyListener - Start find element--->By.xpath: //*[text()=' Logout ']
13:28:48.661 INFO  manager.MyListener - The element  with locator--->By.xpath: //*[text()=' Logout ']<---was found
13:28:48.662 INFO  manager.MyListener - Start find element--->By.xpath: //*[text()=' Logout ']
13:28:48.668 INFO  manager.MyListener - The element  with locator--->By.xpath: //*[text()=' Logout ']<---was found
13:28:48.713 INFO  tests.Methods - Test start with data:  Name:Anna 
13:28:48.715 INFO  manager.MyListener - Start find element--->By.xpath: //*[text()=' Log in ']
13:28:48.722 INFO  manager.MyListener - The element  with locator--->By.xpath: //*[text()=' Log in ']<---was found
13:28:48.757 INFO  manager.MyListener - Start find element--->By.xpath: //*[text()='Click here']
13:28:48.766 INFO  manager.MyListener - The element  with locator--->By.xpath: //*[text()='Click here']<---was found
13:28:48.801 INFO  manager.MyListener - Start find element--->By.cssSelector: #name
13:28:48.809 INFO  manager.MyListener - The element  with locator--->By.cssSelector: #name<---was found
13:28:49.385 INFO  manager.MyListener - Start find element--->By.cssSelector: #lastName
13:28:49.395 INFO  manager.MyListener - The element  with locator--->By.cssSelector: #lastName<---was found
13:28:49.974 INFO  manager.MyListener - Start find element--->By.cssSelector: #email
13:28:49.981 INFO  manager.MyListener - The element  with locator--->By.cssSelector: #email<---was found
13:28:50.596 INFO  manager.MyListener - Start find element--->By.cssSelector: #password
13:28:50.605 INFO  manager.MyListener - The element  with locator--->By.cssSelector: #password<---was found
13:28:51.193 INFO  manager.MyListener - Start find element--->By.cssSelector: label[for='terms-of-use']
13:28:51.212 INFO  manager.MyListener - The element  with locator--->By.cssSelector: label[for='terms-of-use']<---was found
13:28:51.553 INFO  manager.MyListener - Start find element--->By.xpath: //button[@type='submit']
13:28:51.560 INFO  manager.MyListener - The element  with locator--->By.xpath: //button[@type='submit']<---was found
13:28:51.579 INFO  manager.MyListener - Start find element--->By.xpath: //button[@type='submit']
13:28:51.587 INFO  manager.MyListener - The element  with locator--->By.xpath: //button[@type='submit']<---was found
13:28:51.616 INFO  manager.MyListener - Start find element--->By.cssSelector: .dialog-container h2
13:28:52.001 INFO  manager.MyListener - The element  with locator--->By.cssSelector: .dialog-container h2<---was found
13:28:52.015 INFO  manager.MyListener - Start find element--->By.cssSelector: .dialog-container h2
13:28:52.023 INFO  manager.MyListener - The element  with locator--->By.cssSelector: .dialog-container h2<---was found
13:28:52.035 INFO  manager.MyListener - Start find element--->By.xpath: //button[text()='Ok']
13:28:52.043 INFO  manager.MyListener - The element  with locator--->By.xpath: //button[text()='Ok']<---was found
13:28:52.044 INFO  manager.MyListener - Start find element--->By.xpath: //button[text()='Ok']
13:28:52.051 INFO  manager.MyListener - The element  with locator--->By.xpath: //button[text()='Ok']<---was found
13:28:52.078 INFO  tests.Methods - Finish test--->public void tests.RegistrationTests.regSuccess()
13:28:52.080 INFO  tests.Methods - Start test --->public void tests.RegistrationTests.regSuccessModel()
13:28:52.080 INFO  manager.MyListener - Start find element--->By.xpath: //*[text()=' Logout ']
13:28:52.089 INFO  manager.MyListener - The element  with locator--->By.xpath: //*[text()=' Logout ']<---was found
13:28:52.089 INFO  manager.MyListener - Start find element--->By.xpath: //*[text()=' Logout ']
13:28:52.098 INFO  manager.MyListener - The element  with locator--->By.xpath: //*[text()=' Logout ']<---was found
13:28:52.149 INFO  tests.Methods - Test start with data: User{email='akdx-1476zc@gmail.com', password='Zcvbb2ds2!'}
13:28:52.150 INFO  manager.MyListener - Start find element--->By.xpath: //*[text()=' Log in ']
13:28:52.159 INFO  manager.MyListener - The element  with locator--->By.xpath: //*[text()=' Log in ']<---was found
13:28:52.200 INFO  manager.MyListener - Start find element--->By.xpath: //*[text()='Click here']
13:28:52.209 INFO  manager.MyListener - The element  with locator--->By.xpath: //*[text()='Click here']<---was found
13:28:52.238 INFO  manager.MyListener - Start find element--->By.cssSelector: #name
13:28:52.246 INFO  manager.MyListener - The element  with locator--->By.cssSelector: #name<---was found
13:28:52.819 INFO  manager.MyListener - Start find element--->By.cssSelector: #lastName
13:28:52.826 INFO  manager.MyListener - The element  with locator--->By.cssSelector: #lastName<---was found
13:28:53.407 INFO  manager.MyListener - Start find element--->By.cssSelector: #email
13:28:53.414 INFO  manager.MyListener - The element  with locator--->By.cssSelector: #email<---was found
13:28:54.021 INFO  manager.MyListener - Start find element--->By.cssSelector: #password
13:28:54.027 INFO  manager.MyListener - The element  with locator--->By.cssSelector: #password<---was found
13:28:54.603 INFO  manager.MyListener - Start find element--->By.cssSelector: label[for='terms-of-use']
13:28:54.609 INFO  manager.MyListener - The element  with locator--->By.cssSelector: label[for='terms-of-use']<---was found
13:28:54.935 INFO  manager.MyListener - Start find element--->By.xpath: //button[@type='submit']
13:28:54.941 INFO  manager.MyListener - The element  with locator--->By.xpath: //button[@type='submit']<---was found
13:28:54.960 INFO  manager.MyListener - Start find element--->By.xpath: //button[@type='submit']
13:28:54.965 INFO  manager.MyListener - The element  with locator--->By.xpath: //button[@type='submit']<---was found
13:28:55.993 INFO  manager.MyListener - Start find element--->By.cssSelector: .dialog-container h2
13:28:55.998 INFO  manager.MyListener - The element  with locator--->By.cssSelector: .dialog-container h2<---was found
13:28:56.010 INFO  manager.MyListener - Start find element--->By.cssSelector: .dialog-container h2
13:28:56.016 INFO  manager.MyListener - The element  with locator--->By.cssSelector: .dialog-container h2<---was found
13:28:56.025 INFO  manager.MyListener - Start find element--->By.xpath: //button[text()='Ok']
13:28:56.030 INFO  manager.MyListener - The element  with locator--->By.xpath: //button[text()='Ok']<---was found
13:28:56.030 INFO  manager.MyListener - Start find element--->By.xpath: //button[text()='Ok']
13:28:56.036 INFO  manager.MyListener - The element  with locator--->By.xpath: //button[text()='Ok']<---was found
13:28:56.058 INFO  tests.Methods - Finish test--->public void tests.RegistrationTests.regSuccessModel()
13:28:56.059 INFO  tests.Methods - Start test --->public void tests.RegistrationTests.regSuccessWithMyData(java.lang.String,java.lang.String,java.lang.String,java.lang.String)
13:28:56.059 INFO  manager.MyListener - Start find element--->By.xpath: //*[text()=' Logout ']
13:28:56.067 INFO  manager.MyListener - The element  with locator--->By.xpath: //*[text()=' Logout ']<---was found
13:28:56.067 INFO  manager.MyListener - Start find element--->By.xpath: //*[text()=' Logout ']
13:28:56.074 INFO  manager.MyListener - The element  with locator--->By.xpath: //*[text()=' Logout ']<---was found
13:28:56.114 INFO  tests.Methods - Test start with data:  Name: Anna
13:28:56.114 INFO  manager.MyListener - Start find element--->By.xpath: //*[text()=' Log in ']
13:28:56.121 INFO  manager.MyListener - The element  with locator--->By.xpath: //*[text()=' Log in ']<---was found
13:28:56.158 INFO  manager.MyListener - Start find element--->By.xpath: //*[text()='Click here']
13:28:56.166 INFO  manager.MyListener - The element  with locator--->By.xpath: //*[text()='Click here']<---was found
13:28:56.193 INFO  manager.MyListener - Start find element--->By.cssSelector: #name
13:28:56.198 INFO  manager.MyListener - The element  with locator--->By.cssSelector: #name<---was found
13:28:56.765 INFO  manager.MyListener - Start find element--->By.cssSelector: #lastName
13:28:56.771 INFO  manager.MyListener - The element  with locator--->By.cssSelector: #lastName<---was found
13:28:57.340 INFO  manager.MyListener - Start find element--->By.cssSelector: #email
13:28:57.347 INFO  manager.MyListener - The element  with locator--->By.cssSelector: #email<---was found
13:28:57.949 INFO  manager.MyListener - Start find element--->By.cssSelector: #password
13:28:57.954 INFO  manager.MyListener - The element  with locator--->By.cssSelector: #password<---was found
13:28:58.524 INFO  manager.MyListener - Start find element--->By.cssSelector: label[for='terms-of-use']
13:28:58.534 INFO  manager.MyListener - The element  with locator--->By.cssSelector: label[for='terms-of-use']<---was found
13:28:58.863 INFO  manager.MyListener - Start find element--->By.xpath: //button[@type='submit']
13:28:58.868 INFO  manager.MyListener - The element  with locator--->By.xpath: //button[@type='submit']<---was found
13:28:58.887 INFO  manager.MyListener - Start find element--->By.xpath: //button[@type='submit']
13:28:58.892 INFO  manager.MyListener - The element  with locator--->By.xpath: //button[@type='submit']<---was found
13:28:58.919 INFO  manager.MyListener - Start find element--->By.cssSelector: .dialog-container h2
13:28:59.247 INFO  manager.MyListener - The element  with locator--->By.cssSelector: .dialog-container h2<---was found
13:28:59.260 INFO  manager.MyListener - Start find element--->By.cssSelector: .dialog-container h2
13:28:59.266 INFO  manager.MyListener - The element  with locator--->By.cssSelector: .dialog-container h2<---was found
13:28:59.276 INFO  manager.MyListener - Start find element--->By.xpath: //button[text()='Ok']
13:28:59.282 INFO  manager.MyListener - The element  with locator--->By.xpath: //button[text()='Ok']<---was found
13:28:59.282 INFO  manager.MyListener - Start find element--->By.xpath: //button[text()='Ok']
13:28:59.288 INFO  manager.MyListener - The element  with locator--->By.xpath: //button[text()='Ok']<---was found
13:28:59.312 INFO  tests.Methods - Finish test--->public void tests.RegistrationTests.regSuccessWithMyData(java.lang.String,java.lang.String,java.lang.String,java.lang.String)
13:28:59.313 INFO  tests.Methods - Start test --->public void tests.RegistrationTests.regSuccessWrongPasswordModel()
13:28:59.313 INFO  manager.MyListener - Start find element--->By.xpath: //*[text()=' Logout ']
13:28:59.320 INFO  manager.MyListener - The element  with locator--->By.xpath: //*[text()=' Logout ']<---was found
13:28:59.320 INFO  manager.MyListener - Start find element--->By.xpath: //*[text()=' Logout ']
13:28:59.326 INFO  manager.MyListener - The element  with locator--->By.xpath: //*[text()=' Logout ']<---was found
13:28:59.365 INFO  tests.Methods - Test start with data: User{email='akdxzc@gmail.com', password='12345'}
13:28:59.365 INFO  manager.MyListener - Start find element--->By.xpath: //*[text()=' Log in ']
13:28:59.373 INFO  manager.MyListener - The element  with locator--->By.xpath: //*[text()=' Log in ']<---was found
13:28:59.408 INFO  manager.MyListener - Start find element--->By.xpath: //*[text()='Click here']
13:28:59.416 INFO  manager.MyListener - The element  with locator--->By.xpath: //*[text()='Click here']<---was found
13:28:59.443 INFO  manager.MyListener - Start find element--->By.cssSelector: #name
13:28:59.448 INFO  manager.MyListener - The element  with locator--->By.cssSelector: #name<---was found
13:29:00.018 INFO  manager.MyListener - Start find element--->By.cssSelector: #lastName
13:29:00.025 INFO  manager.MyListener - The element  with locator--->By.cssSelector: #lastName<---was found
13:29:00.593 INFO  manager.MyListener - Start find element--->By.cssSelector: #email
13:29:00.599 INFO  manager.MyListener - The element  with locator--->By.cssSelector: #email<---was found
13:29:01.190 INFO  manager.MyListener - Start find element--->By.cssSelector: #password
13:29:01.196 INFO  manager.MyListener - The element  with locator--->By.cssSelector: #password<---was found
13:29:01.770 INFO  manager.MyListener - Start find element--->By.cssSelector: label[for='terms-of-use']
13:29:01.775 INFO  manager.MyListener - The element  with locator--->By.cssSelector: label[for='terms-of-use']<---was found
13:29:02.104 INFO  manager.MyListener - Start find element--->By.cssSelector: div.error :first-child
13:29:02.113 INFO  manager.MyListener - The element  with locator--->By.cssSelector: div.error :first-child<---was found
13:29:02.122 INFO  manager.MyListener - Start find element--->By.cssSelector: div.error :last-child
13:29:02.130 INFO  manager.MyListener - The element  with locator--->By.cssSelector: div.error :last-child<---was found
13:29:02.139 INFO  manager.MyListener - Start find element--->By.cssSelector: [type='submit']
13:29:02.146 INFO  manager.MyListener - The element  with locator--->By.cssSelector: [type='submit']<---was found
13:29:02.151 INFO  manager.MyListener - Start find element--->By.cssSelector: button[disabled]
13:29:02.160 INFO  manager.MyListener - The element  with locator--->By.cssSelector: button[disabled]<---was found
13:29:02.160 INFO  manager.MyListener - Start find element--->By.xpath: //button[text()='Ok']
13:29:07.210 INFO  manager.MyListener - The element  with locator--->By.xpath: //button[text()='Ok']<---was found
13:29:07.211 INFO  tests.Methods - Finish test--->public void tests.RegistrationTests.regSuccessWrongPasswordModel()
13:29:07.212 INFO  tests.Methods - Start test --->public void tests.AddNewCarTest.addNewCarSuccess()
13:29:08.213 INFO  manager.MyListener - Start find element--->By.xpath: //*[text()=' Logout ']
13:29:13.215 INFO  manager.MyListener - The element  with locator--->By.xpath: //*[text()=' Logout ']<---was found
13:29:13.215 INFO  manager.MyListener - Start find element--->By.xpath: //*[text()=' Log in ']
13:29:13.220 INFO  manager.MyListener - The element  with locator--->By.xpath: //*[text()=' Log in ']<---was found
13:29:13.237 INFO  manager.MyListener - Start find element--->By.xpath: //*[text()=' Log in ']
13:29:13.243 INFO  manager.MyListener - The element  with locator--->By.xpath: //*[text()=' Log in ']<---was found
13:29:13.267 INFO  manager.MyListener - Start find element--->By.cssSelector: #email
13:29:13.275 INFO  manager.MyListener - The element  with locator--->By.cssSelector: #email<---was found
13:29:13.854 INFO  manager.MyListener - Start find element--->By.cssSelector: #password
13:29:13.860 INFO  manager.MyListener - The element  with locator--->By.cssSelector: #password<---was found
13:29:14.425 INFO  manager.MyListener - Start find element--->By.xpath: //button[@type='submit']
13:29:14.432 INFO  manager.MyListener - The element  with locator--->By.xpath: //button[@type='submit']<---was found
13:29:58.185 INFO  tests.Methods - Finish test--->public void tests.AddNewCarTest.addNewCarSuccess()
13:29:58.187 INFO  tests.Methods - Start test --->public void tests.AddNewCarTest.addNewCarSuccessWithDataProvider(java.lang.String,java.lang.String,java.lang.String,java.lang.String,java.lang.String,java.lang.String,java.lang.String,java.lang.String,java.lang.String,java.lang.String,java.lang.String,java.lang.String,java.lang.String,java.lang.String,java.lang.String,java.lang.String,java.lang.String)
13:29:58.188 INFO  tests.Methods - Finish test--->public void tests.AddNewCarTest.addNewCarSuccessWithDataProvider(java.lang.String,java.lang.String,java.lang.String,java.lang.String,java.lang.String,java.lang.String,java.lang.String,java.lang.String,java.lang.String,java.lang.String,java.lang.String,java.lang.String,java.lang.String,java.lang.String,java.lang.String,java.lang.String,java.lang.String)
13:29:58.189 INFO  tests.Methods - Start test --->public void tests.SearchTests.searchAnyPeriod()
13:29:58.189 INFO  manager.MyListener - Start find element--->By.cssSelector: [alt='logo']
13:30:22.212 INFO  tests.Methods - Finish test--->public void tests.SearchTests.searchAnyPeriod()
13:30:22.212 INFO  tests.Methods - Start test --->public void tests.SearchTests.searchAnyPeriodWithMyData(java.lang.String,java.lang.String,java.lang.String)
13:30:22.213 INFO  tests.Methods - Finish test--->public void tests.SearchTests.searchAnyPeriodWithMyData(java.lang.String,java.lang.String,java.lang.String)
13:30:22.214 INFO  tests.Methods - Start test --->public void tests.SearchTests.searchAnyPeriodWithMyData(java.lang.String,java.lang.String,java.lang.String)
13:30:22.214 INFO  tests.Methods - Finish test--->public void tests.SearchTests.searchAnyPeriodWithMyData(java.lang.String,java.lang.String,java.lang.String)
13:30:22.215 INFO  tests.Methods - Start test --->public void tests.SearchTests.searchCurrentMonth()
13:30:22.216 INFO  tests.Methods - Finish test--->public void tests.SearchTests.searchCurrentMonth()
13:30:22.217 INFO  tests.Methods - Start test --->public void tests.SearchTests.searchCurrentMonthInPast()
13:30:22.217 INFO  tests.Methods - Finish test--->public void tests.SearchTests.searchCurrentMonthInPast()
