12:11:36.559 INFO  manager.ApplicationManager - All tests start in 'ChromeDriver'
12:11:38.035 INFO  tests.Methods - Finish test--->public void tests.LoginTests.loginSuccess(java.lang.String,java.lang.String)
12:11:38.036 INFO  tests.Methods - Start test --->public void tests.LoginTests.loginSuccess(java.lang.String,java.lang.String)
12:11:38.037 INFO  manager.MyListener - Start find element--->By.xpath: //*[text()=' Logout ']
12:11:43.078 INFO  manager.MyListener - The element  with locator--->By.xpath: //*[text()=' Logout ']<---was found
12:11:43.079 INFO  tests.Methods - Start test LoginSuccess
12:11:43.083 INFO  tests.Methods - The test starts with email: qdas1@mail.ruPassword: Qweasd12
12:11:43.084 INFO  manager.MyListener - Start find element--->By.xpath: //*[text()=' Log in ']
12:11:43.095 INFO  manager.MyListener - The element  with locator--->By.xpath: //*[text()=' Log in ']<---was found
12:11:43.147 INFO  manager.MyListener - Start find element--->By.cssSelector: #email
12:11:43.159 INFO  manager.MyListener - The element  with locator--->By.cssSelector: #email<---was found
12:11:43.756 INFO  manager.MyListener - Start find element--->By.cssSelector: #password
12:11:43.765 INFO  manager.MyListener - The element  with locator--->By.cssSelector: #password<---was found
12:11:44.336 INFO  manager.MyListener - Start find element--->By.xpath: //button[@type='submit']
12:11:44.347 INFO  manager.MyListener - The element  with locator--->By.xpath: //button[@type='submit']<---was found
12:11:44.382 INFO  manager.MyListener - Start find element--->By.xpath: //button[@type='submit']
12:11:44.389 INFO  manager.MyListener - The element  with locator--->By.xpath: //button[@type='submit']<---was found
12:11:45.418 INFO  manager.MyListener - Start find element--->By.cssSelector: .dialog-container h2
12:11:45.429 INFO  manager.MyListener - The element  with locator--->By.cssSelector: .dialog-container h2<---was found
12:11:45.447 INFO  manager.MyListener - Start find element--->By.cssSelector: .dialog-container h2
12:11:45.454 INFO  manager.MyListener - The element  with locator--->By.cssSelector: .dialog-container h2<---was found
12:11:45.466 INFO  manager.MyListener - Start find element--->By.xpath: //button[text()='Ok']
12:11:45.474 INFO  manager.MyListener - The element  with locator--->By.xpath: //button[text()='Ok']<---was found
12:11:45.474 INFO  manager.MyListener - Start find element--->By.xpath: //button[text()='Ok']
12:11:45.484 INFO  manager.MyListener - The element  with locator--->By.xpath: //button[text()='Ok']<---was found
12:11:45.509 INFO  tests.Methods - Test passed
12:11:45.511 INFO  manager.MyListener - Start find element--->By.xpath: //button[text()='Ok']
12:11:45.519 INFO  manager.MyListener - The element  with locator--->By.xpath: //button[text()='Ok']<---was found
12:11:45.519 INFO  manager.MyListener - Start find element--->By.xpath: //button[text()='Ok']
12:11:45.526 INFO  manager.MyListener - The element  with locator--->By.xpath: //button[text()='Ok']<---was found
12:11:45.544 INFO  tests.Methods - Finish test--->public void tests.LoginTests.loginSuccess(java.lang.String,java.lang.String)
12:11:45.544 INFO  tests.Methods - Start test --->public void tests.LoginTests.loginSuccess(java.lang.String,java.lang.String)
12:11:45.544 INFO  manager.MyListener - Start find element--->By.xpath: //*[text()=' Logout ']
12:11:45.552 INFO  manager.MyListener - The element  with locator--->By.xpath: //*[text()=' Logout ']<---was found
12:11:45.552 INFO  manager.MyListener - Start find element--->By.xpath: //*[text()=' Logout ']
12:11:45.562 INFO  manager.MyListener - The element  with locator--->By.xpath: //*[text()=' Logout ']<---was found
12:11:45.621 INFO  tests.Methods - Test needs logout
12:11:45.621 INFO  tests.Methods - Start test LoginSuccess
12:11:45.621 INFO  tests.Methods - The test starts with email: qdas1@mail.ruPassword: Qweasd12
12:11:45.621 INFO  manager.MyListener - Start find element--->By.xpath: //*[text()=' Log in ']
12:11:45.628 INFO  manager.MyListener - The element  with locator--->By.xpath: //*[text()=' Log in ']<---was found
12:11:45.664 INFO  manager.MyListener - Start find element--->By.cssSelector: #email
12:11:45.673 INFO  manager.MyListener - The element  with locator--->By.cssSelector: #email<---was found
12:11:46.265 INFO  manager.MyListener - Start find element--->By.cssSelector: #password
12:11:46.271 INFO  manager.MyListener - The element  with locator--->By.cssSelector: #password<---was found
12:11:46.838 INFO  manager.MyListener - Start find element--->By.xpath: //button[@type='submit']
12:11:46.846 INFO  manager.MyListener - The element  with locator--->By.xpath: //button[@type='submit']<---was found
12:11:46.865 INFO  manager.MyListener - Start find element--->By.xpath: //button[@type='submit']
12:11:46.872 INFO  manager.MyListener - The element  with locator--->By.xpath: //button[@type='submit']<---was found
12:11:47.900 INFO  manager.MyListener - Start find element--->By.cssSelector: .dialog-container h2
12:11:47.907 INFO  manager.MyListener - The element  with locator--->By.cssSelector: .dialog-container h2<---was found
12:11:47.922 INFO  manager.MyListener - Start find element--->By.cssSelector: .dialog-container h2
12:11:47.927 INFO  manager.MyListener - The element  with locator--->By.cssSelector: .dialog-container h2<---was found
12:11:47.936 INFO  manager.MyListener - Start find element--->By.xpath: //button[text()='Ok']
12:11:47.943 INFO  manager.MyListener - The element  with locator--->By.xpath: //button[text()='Ok']<---was found
12:11:47.944 INFO  manager.MyListener - Start find element--->By.xpath: //button[text()='Ok']
12:11:47.949 INFO  manager.MyListener - The element  with locator--->By.xpath: //button[text()='Ok']<---was found
12:11:47.972 INFO  tests.Methods - Test passed
12:11:47.973 INFO  manager.MyListener - Start find element--->By.xpath: //button[text()='Ok']
12:11:47.981 INFO  manager.MyListener - The element  with locator--->By.xpath: //button[text()='Ok']<---was found
12:11:47.981 INFO  manager.MyListener - Start find element--->By.xpath: //button[text()='Ok']
12:11:47.988 INFO  manager.MyListener - The element  with locator--->By.xpath: //button[text()='Ok']<---was found
12:11:48.005 INFO  tests.Methods - Finish test--->public void tests.LoginTests.loginSuccess(java.lang.String,java.lang.String)
12:11:48.005 INFO  tests.Methods - Start test --->public void tests.LoginTests.loginSuccess(java.lang.String,java.lang.String)
12:11:48.006 INFO  manager.MyListener - Start find element--->By.xpath: //*[text()=' Logout ']
12:11:48.013 INFO  manager.MyListener - The element  with locator--->By.xpath: //*[text()=' Logout ']<---was found
12:11:48.013 INFO  manager.MyListener - Start find element--->By.xpath: //*[text()=' Logout ']
12:11:48.020 INFO  manager.MyListener - The element  with locator--->By.xpath: //*[text()=' Logout ']<---was found
12:11:48.065 INFO  tests.Methods - Test needs logout
12:11:48.066 INFO  tests.Methods - Start test LoginSuccess
12:11:48.066 INFO  tests.Methods - The test starts with email: qdas1@mail.ruPassword: Qweasd12
12:11:48.066 INFO  manager.MyListener - Start find element--->By.xpath: //*[text()=' Log in ']
12:11:48.074 INFO  manager.MyListener - The element  with locator--->By.xpath: //*[text()=' Log in ']<---was found
12:11:48.108 INFO  manager.MyListener - Start find element--->By.cssSelector: #email
12:11:48.116 INFO  manager.MyListener - The element  with locator--->By.cssSelector: #email<---was found
12:11:48.710 INFO  manager.MyListener - Start find element--->By.cssSelector: #password
12:11:48.716 INFO  manager.MyListener - The element  with locator--->By.cssSelector: #password<---was found
12:11:49.282 INFO  manager.MyListener - Start find element--->By.xpath: //button[@type='submit']
12:11:49.289 INFO  manager.MyListener - The element  with locator--->By.xpath: //button[@type='submit']<---was found
12:11:49.310 INFO  manager.MyListener - Start find element--->By.xpath: //button[@type='submit']
12:11:49.316 INFO  manager.MyListener - The element  with locator--->By.xpath: //button[@type='submit']<---was found
12:11:50.343 INFO  manager.MyListener - Start find element--->By.cssSelector: .dialog-container h2
12:11:50.350 INFO  manager.MyListener - The element  with locator--->By.cssSelector: .dialog-container h2<---was found
12:11:50.362 INFO  manager.MyListener - Start find element--->By.cssSelector: .dialog-container h2
12:11:50.369 INFO  manager.MyListener - The element  with locator--->By.cssSelector: .dialog-container h2<---was found
12:11:50.378 INFO  manager.MyListener - Start find element--->By.xpath: //button[text()='Ok']
12:11:50.385 INFO  manager.MyListener - The element  with locator--->By.xpath: //button[text()='Ok']<---was found
12:11:50.385 INFO  manager.MyListener - Start find element--->By.xpath: //button[text()='Ok']
12:11:50.392 INFO  manager.MyListener - The element  with locator--->By.xpath: //button[text()='Ok']<---was found
12:11:50.416 INFO  tests.Methods - Test passed
12:11:50.417 INFO  manager.MyListener - Start find element--->By.xpath: //button[text()='Ok']
12:11:50.425 INFO  manager.MyListener - The element  with locator--->By.xpath: //button[text()='Ok']<---was found
12:11:50.425 INFO  manager.MyListener - Start find element--->By.xpath: //button[text()='Ok']
12:11:50.431 INFO  manager.MyListener - The element  with locator--->By.xpath: //button[text()='Ok']<---was found
12:11:50.449 INFO  tests.Methods - Finish test--->public void tests.LoginTests.loginSuccessModel()
12:11:50.449 INFO  tests.Methods - Start test --->public void tests.LoginTests.loginSuccessModel()
12:11:50.450 INFO  manager.MyListener - Start find element--->By.xpath: //*[text()=' Logout ']
12:11:50.458 INFO  manager.MyListener - The element  with locator--->By.xpath: //*[text()=' Logout ']<---was found
12:11:50.458 INFO  manager.MyListener - Start find element--->By.xpath: //*[text()=' Logout ']
12:11:50.465 INFO  manager.MyListener - The element  with locator--->By.xpath: //*[text()=' Logout ']<---was found
12:11:50.510 INFO  tests.Methods - Test needs logout
12:11:50.512 INFO  manager.MyListener - Start find element--->By.xpath: //*[text()=' Log in ']
12:11:50.519 INFO  manager.MyListener - The element  with locator--->By.xpath: //*[text()=' Log in ']<---was found
12:11:50.554 INFO  manager.MyListener - Start find element--->By.cssSelector: #email
12:11:50.562 INFO  manager.MyListener - The element  with locator--->By.cssSelector: #email<---was found
12:11:51.155 INFO  manager.MyListener - Start find element--->By.cssSelector: #password
12:11:51.161 INFO  manager.MyListener - The element  with locator--->By.cssSelector: #password<---was found
12:11:51.729 INFO  manager.MyListener - Start find element--->By.xpath: //button[@type='submit']
12:11:51.736 INFO  manager.MyListener - The element  with locator--->By.xpath: //button[@type='submit']<---was found
12:11:51.753 INFO  manager.MyListener - Start find element--->By.xpath: //button[@type='submit']
12:11:51.761 INFO  manager.MyListener - The element  with locator--->By.xpath: //button[@type='submit']<---was found
12:11:52.788 INFO  manager.MyListener - Start find element--->By.cssSelector: .dialog-container h2
12:11:52.793 INFO  manager.MyListener - The element  with locator--->By.cssSelector: .dialog-container h2<---was found
12:11:52.804 INFO  manager.MyListener - Start find element--->By.cssSelector: .dialog-container h2
12:11:52.810 INFO  manager.MyListener - The element  with locator--->By.cssSelector: .dialog-container h2<---was found
12:11:52.819 INFO  manager.MyListener - Start find element--->By.xpath: //button[text()='Ok']
12:11:52.825 INFO  manager.MyListener - The element  with locator--->By.xpath: //button[text()='Ok']<---was found
12:11:52.825 INFO  manager.MyListener - Start find element--->By.xpath: //button[text()='Ok']
12:11:52.832 INFO  manager.MyListener - The element  with locator--->By.xpath: //button[text()='Ok']<---was found
12:11:52.855 INFO  manager.MyListener - Start find element--->By.xpath: //button[text()='Ok']
12:11:52.862 INFO  manager.MyListener - The element  with locator--->By.xpath: //button[text()='Ok']<---was found
12:11:52.862 INFO  manager.MyListener - Start find element--->By.xpath: //button[text()='Ok']
12:11:52.869 INFO  manager.MyListener - The element  with locator--->By.xpath: //button[text()='Ok']<---was found
12:11:52.886 INFO  tests.Methods - Finish test--->public void tests.LoginTests.loginSuccessNew(java.lang.String,java.lang.String)
12:11:52.887 INFO  tests.Methods - Start test --->public void tests.LoginTests.loginSuccessNew(java.lang.String,java.lang.String)
12:11:52.887 INFO  manager.MyListener - Start find element--->By.xpath: //*[text()=' Logout ']
12:11:52.895 INFO  manager.MyListener - The element  with locator--->By.xpath: //*[text()=' Logout ']<---was found
12:11:52.895 INFO  manager.MyListener - Start find element--->By.xpath: //*[text()=' Logout ']
12:11:52.901 INFO  manager.MyListener - The element  with locator--->By.xpath: //*[text()=' Logout ']<---was found
12:11:52.944 INFO  tests.Methods - Test needs logout
12:11:52.945 INFO  manager.MyListener - Start find element--->By.xpath: //*[text()=' Log in ']
12:11:52.953 INFO  manager.MyListener - The element  with locator--->By.xpath: //*[text()=' Log in ']<---was found
12:11:52.988 INFO  manager.MyListener - Start find element--->By.cssSelector: #email
12:11:52.995 INFO  manager.MyListener - The element  with locator--->By.cssSelector: #email<---was found
12:11:53.586 INFO  manager.MyListener - Start find element--->By.cssSelector: #password
12:11:53.592 INFO  manager.MyListener - The element  with locator--->By.cssSelector: #password<---was found
12:11:54.158 INFO  manager.MyListener - Start find element--->By.xpath: //button[@type='submit']
12:11:54.166 INFO  manager.MyListener - The element  with locator--->By.xpath: //button[@type='submit']<---was found
12:11:54.183 INFO  manager.MyListener - Start find element--->By.xpath: //button[@type='submit']
12:11:54.189 INFO  manager.MyListener - The element  with locator--->By.xpath: //button[@type='submit']<---was found
12:11:55.216 INFO  manager.MyListener - Start find element--->By.cssSelector: .dialog-container h2
12:11:55.221 INFO  manager.MyListener - The element  with locator--->By.cssSelector: .dialog-container h2<---was found
12:11:55.231 INFO  manager.MyListener - Start find element--->By.cssSelector: .dialog-container h2
12:11:55.238 INFO  manager.MyListener - The element  with locator--->By.cssSelector: .dialog-container h2<---was found
12:11:55.247 INFO  manager.MyListener - Start find element--->By.xpath: //button[text()='Ok']
12:11:55.252 INFO  manager.MyListener - The element  with locator--->By.xpath: //button[text()='Ok']<---was found
12:11:55.252 INFO  manager.MyListener - Start find element--->By.xpath: //button[text()='Ok']
12:11:55.259 INFO  manager.MyListener - The element  with locator--->By.xpath: //button[text()='Ok']<---was found
12:11:55.284 INFO  manager.MyListener - Start find element--->By.xpath: //button[text()='Ok']
12:11:55.292 INFO  manager.MyListener - The element  with locator--->By.xpath: //button[text()='Ok']<---was found
12:11:55.292 INFO  manager.MyListener - Start find element--->By.xpath: //button[text()='Ok']
12:11:55.299 INFO  manager.MyListener - The element  with locator--->By.xpath: //button[text()='Ok']<---was found
12:11:55.315 INFO  tests.Methods - Finish test--->public void tests.LoginTests.loginSuccessNew(java.lang.String,java.lang.String)
12:11:55.315 INFO  tests.Methods - Start test --->public void tests.LoginTests.loginSuccessNew(java.lang.String,java.lang.String)
12:11:55.315 INFO  manager.MyListener - Start find element--->By.xpath: //*[text()=' Logout ']
12:11:55.322 INFO  manager.MyListener - The element  with locator--->By.xpath: //*[text()=' Logout ']<---was found
12:11:55.322 INFO  manager.MyListener - Start find element--->By.xpath: //*[text()=' Logout ']
12:11:55.328 INFO  manager.MyListener - The element  with locator--->By.xpath: //*[text()=' Logout ']<---was found
12:11:55.373 INFO  tests.Methods - Test needs logout
12:11:55.374 INFO  manager.MyListener - Start find element--->By.xpath: //*[text()=' Log in ']
12:11:55.382 INFO  manager.MyListener - The element  with locator--->By.xpath: //*[text()=' Log in ']<---was found
12:11:55.419 INFO  manager.MyListener - Start find element--->By.cssSelector: #email
12:11:55.426 INFO  manager.MyListener - The element  with locator--->By.cssSelector: #email<---was found
12:11:56.016 INFO  manager.MyListener - Start find element--->By.cssSelector: #password
12:11:56.022 INFO  manager.MyListener - The element  with locator--->By.cssSelector: #password<---was found
12:11:56.590 INFO  manager.MyListener - Start find element--->By.xpath: //button[@type='submit']
12:11:56.596 INFO  manager.MyListener - The element  with locator--->By.xpath: //button[@type='submit']<---was found
12:11:56.612 INFO  manager.MyListener - Start find element--->By.xpath: //button[@type='submit']
12:11:56.617 INFO  manager.MyListener - The element  with locator--->By.xpath: //button[@type='submit']<---was found
12:11:57.652 INFO  manager.MyListener - Start find element--->By.cssSelector: .dialog-container h2
12:11:57.657 INFO  manager.MyListener - The element  with locator--->By.cssSelector: .dialog-container h2<---was found
12:11:57.668 INFO  manager.MyListener - Start find element--->By.cssSelector: .dialog-container h2
12:11:57.674 INFO  manager.MyListener - The element  with locator--->By.cssSelector: .dialog-container h2<---was found
12:11:57.683 INFO  manager.MyListener - Start find element--->By.xpath: //button[text()='Ok']
12:11:57.689 INFO  manager.MyListener - The element  with locator--->By.xpath: //button[text()='Ok']<---was found
12:11:57.689 INFO  manager.MyListener - Start find element--->By.xpath: //button[text()='Ok']
12:11:57.695 INFO  manager.MyListener - The element  with locator--->By.xpath: //button[text()='Ok']<---was found
12:11:57.718 INFO  manager.MyListener - Start find element--->By.xpath: //button[text()='Ok']
12:11:57.725 INFO  manager.MyListener - The element  with locator--->By.xpath: //button[text()='Ok']<---was found
12:11:57.725 INFO  manager.MyListener - Start find element--->By.xpath: //button[text()='Ok']
12:11:57.730 INFO  manager.MyListener - The element  with locator--->By.xpath: //button[text()='Ok']<---was found
12:11:57.746 INFO  tests.Methods - Finish test--->public void tests.LoginTests.loginSuccessNew(java.lang.String,java.lang.String)
12:11:57.746 INFO  tests.Methods - Start test --->public void tests.LoginTests.loginSuccessNew(java.lang.String,java.lang.String)
12:11:57.746 INFO  manager.MyListener - Start find element--->By.xpath: //*[text()=' Logout ']
12:11:57.754 INFO  manager.MyListener - The element  with locator--->By.xpath: //*[text()=' Logout ']<---was found
12:11:57.754 INFO  manager.MyListener - Start find element--->By.xpath: //*[text()=' Logout ']
12:11:57.759 INFO  manager.MyListener - The element  with locator--->By.xpath: //*[text()=' Logout ']<---was found
12:11:57.802 INFO  tests.Methods - Test needs logout
12:11:57.803 INFO  manager.MyListener - Start find element--->By.xpath: //*[text()=' Log in ']
12:11:57.810 INFO  manager.MyListener - The element  with locator--->By.xpath: //*[text()=' Log in ']<---was found
12:11:57.843 INFO  manager.MyListener - Start find element--->By.cssSelector: #email
12:11:57.850 INFO  manager.MyListener - The element  with locator--->By.cssSelector: #email<---was found
12:11:58.441 INFO  manager.MyListener - Start find element--->By.cssSelector: #password
12:11:58.447 INFO  manager.MyListener - The element  with locator--->By.cssSelector: #password<---was found
12:11:59.014 INFO  manager.MyListener - Start find element--->By.xpath: //button[@type='submit']
12:11:59.021 INFO  manager.MyListener - The element  with locator--->By.xpath: //button[@type='submit']<---was found
12:11:59.037 INFO  manager.MyListener - Start find element--->By.xpath: //button[@type='submit']
12:11:59.044 INFO  manager.MyListener - The element  with locator--->By.xpath: //button[@type='submit']<---was found
12:12:00.071 INFO  manager.MyListener - Start find element--->By.cssSelector: .dialog-container h2
12:12:00.076 INFO  manager.MyListener - The element  with locator--->By.cssSelector: .dialog-container h2<---was found
12:12:00.087 INFO  manager.MyListener - Start find element--->By.cssSelector: .dialog-container h2
12:12:00.093 INFO  manager.MyListener - The element  with locator--->By.cssSelector: .dialog-container h2<---was found
12:12:00.102 INFO  manager.MyListener - Start find element--->By.xpath: //button[text()='Ok']
12:12:00.109 INFO  manager.MyListener - The element  with locator--->By.xpath: //button[text()='Ok']<---was found
12:12:00.109 INFO  manager.MyListener - Start find element--->By.xpath: //button[text()='Ok']
12:12:00.116 INFO  manager.MyListener - The element  with locator--->By.xpath: //button[text()='Ok']<---was found
12:12:00.139 INFO  manager.MyListener - Start find element--->By.xpath: //button[text()='Ok']
12:12:00.146 INFO  manager.MyListener - The element  with locator--->By.xpath: //button[text()='Ok']<---was found
12:12:00.146 INFO  manager.MyListener - Start find element--->By.xpath: //button[text()='Ok']
12:12:00.152 INFO  manager.MyListener - The element  with locator--->By.xpath: //button[text()='Ok']<---was found
12:12:00.171 INFO  tests.Methods - Finish test--->public void tests.RegistrationTests.regSuccess()
12:12:00.171 INFO  tests.Methods - Start test --->public void tests.RegistrationTests.regSuccess()
12:12:00.171 INFO  manager.MyListener - Start find element--->By.xpath: //*[text()=' Logout ']
12:12:00.178 INFO  manager.MyListener - The element  with locator--->By.xpath: //*[text()=' Logout ']<---was found
12:12:00.178 INFO  manager.MyListener - Start find element--->By.xpath: //*[text()=' Logout ']
12:12:00.183 INFO  manager.MyListener - The element  with locator--->By.xpath: //*[text()=' Logout ']<---was found
12:12:00.228 INFO  tests.Methods - Test start with data:  Name:Anna 
12:12:00.230 INFO  manager.MyListener - Start find element--->By.xpath: //*[text()=' Log in ']
12:12:00.237 INFO  manager.MyListener - The element  with locator--->By.xpath: //*[text()=' Log in ']<---was found
12:12:00.273 INFO  manager.MyListener - Start find element--->By.xpath: //*[text()='Click here']
12:12:00.283 INFO  manager.MyListener - The element  with locator--->By.xpath: //*[text()='Click here']<---was found
12:12:00.320 INFO  manager.MyListener - Start find element--->By.cssSelector: #name
12:12:00.334 INFO  manager.MyListener - The element  with locator--->By.cssSelector: #name<---was found
12:12:00.908 INFO  manager.MyListener - Start find element--->By.cssSelector: #lastName
12:12:00.917 INFO  manager.MyListener - The element  with locator--->By.cssSelector: #lastName<---was found
12:12:01.488 INFO  manager.MyListener - Start find element--->By.cssSelector: #email
12:12:01.494 INFO  manager.MyListener - The element  with locator--->By.cssSelector: #email<---was found
12:12:02.097 INFO  manager.MyListener - Start find element--->By.cssSelector: #password
12:12:02.104 INFO  manager.MyListener - The element  with locator--->By.cssSelector: #password<---was found
12:12:02.674 INFO  manager.MyListener - Start find element--->By.cssSelector: label[for='terms-of-use']
12:12:02.683 INFO  manager.MyListener - The element  with locator--->By.cssSelector: label[for='terms-of-use']<---was found
12:12:03.023 INFO  manager.MyListener - Start find element--->By.xpath: //button[@type='submit']
12:12:03.030 INFO  manager.MyListener - The element  with locator--->By.xpath: //button[@type='submit']<---was found
12:12:03.047 INFO  manager.MyListener - Start find element--->By.xpath: //button[@type='submit']
12:12:03.054 INFO  manager.MyListener - The element  with locator--->By.xpath: //button[@type='submit']<---was found
12:12:03.082 INFO  manager.MyListener - Start find element--->By.cssSelector: .dialog-container h2
12:12:03.515 INFO  manager.MyListener - The element  with locator--->By.cssSelector: .dialog-container h2<---was found
12:12:03.528 INFO  manager.MyListener - Start find element--->By.cssSelector: .dialog-container h2
12:12:03.533 INFO  manager.MyListener - The element  with locator--->By.cssSelector: .dialog-container h2<---was found
12:12:03.544 INFO  manager.MyListener - Start find element--->By.xpath: //button[text()='Ok']
12:12:03.549 INFO  manager.MyListener - The element  with locator--->By.xpath: //button[text()='Ok']<---was found
12:12:03.550 INFO  manager.MyListener - Start find element--->By.xpath: //button[text()='Ok']
12:12:03.556 INFO  manager.MyListener - The element  with locator--->By.xpath: //button[text()='Ok']<---was found
12:12:03.582 INFO  tests.Methods - Finish test--->public void tests.RegistrationTests.regSuccessModel()
12:12:03.582 INFO  tests.Methods - Start test --->public void tests.RegistrationTests.regSuccessModel()
12:12:03.583 INFO  manager.MyListener - Start find element--->By.xpath: //*[text()=' Logout ']
12:12:03.590 INFO  manager.MyListener - The element  with locator--->By.xpath: //*[text()=' Logout ']<---was found
12:12:03.590 INFO  manager.MyListener - Start find element--->By.xpath: //*[text()=' Logout ']
12:12:03.597 INFO  manager.MyListener - The element  with locator--->By.xpath: //*[text()=' Logout ']<---was found
12:12:03.643 INFO  tests.Methods - Test start with data: User{email='akdx-2485zc@gmail.com', password='Zcvbb2ds2!'}
12:12:03.643 INFO  manager.MyListener - Start find element--->By.xpath: //*[text()=' Log in ']
12:12:03.650 INFO  manager.MyListener - The element  with locator--->By.xpath: //*[text()=' Log in ']<---was found
12:12:03.689 INFO  manager.MyListener - Start find element--->By.xpath: //*[text()='Click here']
12:12:03.697 INFO  manager.MyListener - The element  with locator--->By.xpath: //*[text()='Click here']<---was found
12:12:03.726 INFO  manager.MyListener - Start find element--->By.cssSelector: #name
12:12:03.737 INFO  manager.MyListener - The element  with locator--->By.cssSelector: #name<---was found
12:12:04.309 INFO  manager.MyListener - Start find element--->By.cssSelector: #lastName
12:12:04.315 INFO  manager.MyListener - The element  with locator--->By.cssSelector: #lastName<---was found
12:12:04.886 INFO  manager.MyListener - Start find element--->By.cssSelector: #email
12:12:04.893 INFO  manager.MyListener - The element  with locator--->By.cssSelector: #email<---was found
12:12:05.496 INFO  manager.MyListener - Start find element--->By.cssSelector: #password
12:12:05.502 INFO  manager.MyListener - The element  with locator--->By.cssSelector: #password<---was found
12:12:06.070 INFO  manager.MyListener - Start find element--->By.cssSelector: label[for='terms-of-use']
12:12:06.077 INFO  manager.MyListener - The element  with locator--->By.cssSelector: label[for='terms-of-use']<---was found
12:12:06.402 INFO  manager.MyListener - Start find element--->By.xpath: //button[@type='submit']
12:12:06.410 INFO  manager.MyListener - The element  with locator--->By.xpath: //button[@type='submit']<---was found
12:12:06.428 INFO  manager.MyListener - Start find element--->By.xpath: //button[@type='submit']
12:12:06.436 INFO  manager.MyListener - The element  with locator--->By.xpath: //button[@type='submit']<---was found
12:12:07.464 INFO  manager.MyListener - Start find element--->By.cssSelector: .dialog-container h2
12:12:07.469 INFO  manager.MyListener - The element  with locator--->By.cssSelector: .dialog-container h2<---was found
12:12:07.481 INFO  manager.MyListener - Start find element--->By.cssSelector: .dialog-container h2
12:12:07.488 INFO  manager.MyListener - The element  with locator--->By.cssSelector: .dialog-container h2<---was found
12:12:07.497 INFO  manager.MyListener - Start find element--->By.xpath: //button[text()='Ok']
12:12:07.503 INFO  manager.MyListener - The element  with locator--->By.xpath: //button[text()='Ok']<---was found
12:12:07.503 INFO  manager.MyListener - Start find element--->By.xpath: //button[text()='Ok']
12:12:07.509 INFO  manager.MyListener - The element  with locator--->By.xpath: //button[text()='Ok']<---was found
12:12:07.534 INFO  tests.Methods - Finish test--->public void tests.RegistrationTests.regSuccessWithMyData(java.lang.String,java.lang.String,java.lang.String,java.lang.String)
12:12:07.535 INFO  tests.Methods - Start test --->public void tests.RegistrationTests.regSuccessWithMyData(java.lang.String,java.lang.String,java.lang.String,java.lang.String)
12:12:07.535 INFO  manager.MyListener - Start find element--->By.xpath: //*[text()=' Logout ']
12:12:07.540 INFO  manager.MyListener - The element  with locator--->By.xpath: //*[text()=' Logout ']<---was found
12:12:07.540 INFO  manager.MyListener - Start find element--->By.xpath: //*[text()=' Logout ']
12:12:07.546 INFO  manager.MyListener - The element  with locator--->By.xpath: //*[text()=' Logout ']<---was found
12:12:07.587 INFO  tests.Methods - Test start with data:  Name: Anna
12:12:07.587 INFO  manager.MyListener - Start find element--->By.xpath: //*[text()=' Log in ']
12:12:07.594 INFO  manager.MyListener - The element  with locator--->By.xpath: //*[text()=' Log in ']<---was found
12:12:07.629 INFO  manager.MyListener - Start find element--->By.xpath: //*[text()='Click here']
12:12:07.637 INFO  manager.MyListener - The element  with locator--->By.xpath: //*[text()='Click here']<---was found
12:12:07.664 INFO  manager.MyListener - Start find element--->By.cssSelector: #name
12:12:07.671 INFO  manager.MyListener - The element  with locator--->By.cssSelector: #name<---was found
12:12:08.243 INFO  manager.MyListener - Start find element--->By.cssSelector: #lastName
12:12:08.248 INFO  manager.MyListener - The element  with locator--->By.cssSelector: #lastName<---was found
12:12:08.821 INFO  manager.MyListener - Start find element--->By.cssSelector: #email
12:12:08.827 INFO  manager.MyListener - The element  with locator--->By.cssSelector: #email<---was found
12:12:09.429 INFO  manager.MyListener - Start find element--->By.cssSelector: #password
12:12:09.436 INFO  manager.MyListener - The element  with locator--->By.cssSelector: #password<---was found
12:12:10.005 INFO  manager.MyListener - Start find element--->By.cssSelector: label[for='terms-of-use']
12:12:10.011 INFO  manager.MyListener - The element  with locator--->By.cssSelector: label[for='terms-of-use']<---was found
12:12:10.335 INFO  manager.MyListener - Start find element--->By.xpath: //button[@type='submit']
12:12:10.343 INFO  manager.MyListener - The element  with locator--->By.xpath: //button[@type='submit']<---was found
12:12:10.360 INFO  manager.MyListener - Start find element--->By.xpath: //button[@type='submit']
12:12:10.368 INFO  manager.MyListener - The element  with locator--->By.xpath: //button[@type='submit']<---was found
12:12:10.394 INFO  manager.MyListener - Start find element--->By.cssSelector: .dialog-container h2
12:12:10.721 INFO  manager.MyListener - The element  with locator--->By.cssSelector: .dialog-container h2<---was found
12:12:10.735 INFO  manager.MyListener - Start find element--->By.cssSelector: .dialog-container h2
12:12:10.740 INFO  manager.MyListener - The element  with locator--->By.cssSelector: .dialog-container h2<---was found
12:12:10.750 INFO  manager.MyListener - Start find element--->By.xpath: //button[text()='Ok']
12:12:10.757 INFO  manager.MyListener - The element  with locator--->By.xpath: //button[text()='Ok']<---was found
12:12:10.757 INFO  manager.MyListener - Start find element--->By.xpath: //button[text()='Ok']
12:12:10.764 INFO  manager.MyListener - The element  with locator--->By.xpath: //button[text()='Ok']<---was found
12:12:10.789 INFO  tests.Methods - Finish test--->public void tests.RegistrationTests.regSuccessWrongPasswordModel()
12:12:10.790 INFO  tests.Methods - Start test --->public void tests.RegistrationTests.regSuccessWrongPasswordModel()
12:12:10.790 INFO  manager.MyListener - Start find element--->By.xpath: //*[text()=' Logout ']
12:12:10.797 INFO  manager.MyListener - The element  with locator--->By.xpath: //*[text()=' Logout ']<---was found
12:12:10.797 INFO  manager.MyListener - Start find element--->By.xpath: //*[text()=' Logout ']
12:12:10.804 INFO  manager.MyListener - The element  with locator--->By.xpath: //*[text()=' Logout ']<---was found
12:12:10.845 INFO  tests.Methods - Test start with data: User{email='akdxzc@gmail.com', password='12345'}
12:12:10.845 INFO  manager.MyListener - Start find element--->By.xpath: //*[text()=' Log in ']
12:12:10.853 INFO  manager.MyListener - The element  with locator--->By.xpath: //*[text()=' Log in ']<---was found
12:12:10.889 INFO  manager.MyListener - Start find element--->By.xpath: //*[text()='Click here']
12:12:10.898 INFO  manager.MyListener - The element  with locator--->By.xpath: //*[text()='Click here']<---was found
12:12:10.925 INFO  manager.MyListener - Start find element--->By.cssSelector: #name
12:12:10.932 INFO  manager.MyListener - The element  with locator--->By.cssSelector: #name<---was found
12:12:11.511 INFO  manager.MyListener - Start find element--->By.cssSelector: #lastName
12:12:11.517 INFO  manager.MyListener - The element  with locator--->By.cssSelector: #lastName<---was found
12:12:12.085 INFO  manager.MyListener - Start find element--->By.cssSelector: #email
12:12:12.091 INFO  manager.MyListener - The element  with locator--->By.cssSelector: #email<---was found
12:12:12.686 INFO  manager.MyListener - Start find element--->By.cssSelector: #password
12:12:12.691 INFO  manager.MyListener - The element  with locator--->By.cssSelector: #password<---was found
12:12:13.255 INFO  manager.MyListener - Start find element--->By.cssSelector: label[for='terms-of-use']
12:12:13.262 INFO  manager.MyListener - The element  with locator--->By.cssSelector: label[for='terms-of-use']<---was found
12:12:13.592 INFO  manager.MyListener - Start find element--->By.cssSelector: div.error :first-child
12:12:13.601 INFO  manager.MyListener - The element  with locator--->By.cssSelector: div.error :first-child<---was found
12:12:13.610 INFO  manager.MyListener - Start find element--->By.cssSelector: div.error :last-child
12:12:13.619 INFO  manager.MyListener - The element  with locator--->By.cssSelector: div.error :last-child<---was found
12:12:13.628 INFO  manager.MyListener - Start find element--->By.cssSelector: [type='submit']
12:12:13.635 INFO  manager.MyListener - The element  with locator--->By.cssSelector: [type='submit']<---was found
12:12:13.640 INFO  manager.MyListener - Start find element--->By.cssSelector: button[disabled]
12:12:13.649 INFO  manager.MyListener - The element  with locator--->By.cssSelector: button[disabled]<---was found
12:12:13.649 INFO  manager.MyListener - Start find element--->By.xpath: //button[text()='Ok']
12:12:18.653 INFO  manager.MyListener - The element  with locator--->By.xpath: //button[text()='Ok']<---was found
12:12:18.655 INFO  tests.Methods - Finish test--->public void tests.AddNewCarTest.addNewCarSuccess()
12:12:18.655 INFO  tests.Methods - Start test --->public void tests.AddNewCarTest.addNewCarSuccess()
12:12:18.655 INFO  manager.MyListener - Start find element--->By.xpath: //*[text()=' Logout ']
12:12:23.661 INFO  manager.MyListener - The element  with locator--->By.xpath: //*[text()=' Logout ']<---was found
12:12:23.662 INFO  manager.MyListener - Start find element--->By.xpath: //*[text()=' Log in ']
12:12:23.671 INFO  manager.MyListener - The element  with locator--->By.xpath: //*[text()=' Log in ']<---was found
12:12:23.701 INFO  manager.MyListener - Start find element--->By.cssSelector: #email
12:12:23.708 INFO  manager.MyListener - The element  with locator--->By.cssSelector: #email<---was found
12:12:24.286 INFO  manager.MyListener - Start find element--->By.cssSelector: #password
12:12:24.294 INFO  manager.MyListener - The element  with locator--->By.cssSelector: #password<---was found
12:12:24.864 INFO  manager.MyListener - Start find element--->By.xpath: //button[@type='submit']
12:12:24.873 INFO  manager.MyListener - The element  with locator--->By.xpath: //button[@type='submit']<---was found
12:12:35.195 INFO  tests.Methods - Finish test--->public void tests.SearchTests.searchAnyPeriod()
12:12:35.196 INFO  tests.Methods - Start test --->public void tests.SearchTests.searchAnyPeriod()
12:12:35.196 INFO  manager.MyListener - Start find element--->By.cssSelector: [alt='logo']
12:12:35.205 INFO  manager.MyListener - The element  with locator--->By.cssSelector: [alt='logo']<---was found
12:12:35.432 INFO  manager.MyListener - Start find element--->By.id: city
12:12:35.442 INFO  manager.MyListener - The element  with locator--->By.id: city<---was found
12:12:36.025 INFO  manager.MyListener - Start find element--->By.cssSelector: .pac-item
12:12:36.407 INFO  manager.MyListener - The element  with locator--->By.cssSelector: .pac-item<---was found
12:12:37.441 INFO  manager.MyListener - Start find element--->By.id: dates
12:12:37.450 INFO  manager.MyListener - The element  with locator--->By.id: dates<---was found
12:12:37.525 INFO  manager.MyListener - Start find element--->By.xpath: //div[text()=' 5 ']
12:12:37.535 INFO  manager.MyListener - The element  with locator--->By.xpath: //div[text()=' 5 ']<---was found
12:12:37.575 INFO  manager.MyListener - Start find element--->By.xpath: //button[@aria-label='Next month']
12:12:37.585 INFO  manager.MyListener - The element  with locator--->By.xpath: //button[@aria-label='Next month']<---was found
12:12:37.632 INFO  manager.MyListener - Start find element--->By.xpath: //button[@aria-label='Next month']
12:12:37.641 INFO  manager.MyListener - The element  with locator--->By.xpath: //button[@aria-label='Next month']<---was found
12:12:37.677 INFO  manager.MyListener - Start find element--->By.xpath: //button[@aria-label='Next month']
12:12:37.685 INFO  manager.MyListener - The element  with locator--->By.xpath: //button[@aria-label='Next month']<---was found
12:12:37.717 INFO  manager.MyListener - Start find element--->By.xpath: //button[@aria-label='Next month']
12:12:37.724 INFO  manager.MyListener - The element  with locator--->By.xpath: //button[@aria-label='Next month']<---was found
12:12:37.758 INFO  manager.MyListener - Start find element--->By.xpath: //button[@aria-label='Next month']
12:12:37.766 INFO  manager.MyListener - The element  with locator--->By.xpath: //button[@aria-label='Next month']<---was found
12:12:37.796 INFO  manager.MyListener - Start find element--->By.xpath: //button[@aria-label='Next month']
12:12:37.802 INFO  manager.MyListener - The element  with locator--->By.xpath: //button[@aria-label='Next month']<---was found
12:12:37.847 INFO  manager.MyListener - Start find element--->By.xpath: //button[@aria-label='Next month']
12:12:37.853 INFO  manager.MyListener - The element  with locator--->By.xpath: //button[@aria-label='Next month']<---was found
12:12:37.883 INFO  manager.MyListener - Start find element--->By.xpath: //button[@aria-label='Next month']
12:12:37.889 INFO  manager.MyListener - The element  with locator--->By.xpath: //button[@aria-label='Next month']<---was found
12:12:37.918 INFO  manager.MyListener - Start find element--->By.xpath: //button[@aria-label='Next month']
12:12:37.923 INFO  manager.MyListener - The element  with locator--->By.xpath: //button[@aria-label='Next month']<---was found
12:12:37.952 INFO  manager.MyListener - Start find element--->By.xpath: //button[@aria-label='Next month']
12:12:37.958 INFO  manager.MyListener - The element  with locator--->By.xpath: //button[@aria-label='Next month']<---was found
12:12:37.988 INFO  manager.MyListener - Start find element--->By.xpath: //button[@aria-label='Next month']
12:12:37.994 INFO  manager.MyListener - The element  with locator--->By.xpath: //button[@aria-label='Next month']<---was found
12:12:38.025 INFO  manager.MyListener - Start find element--->By.xpath: //div[text()=' 5 ']
12:12:38.031 INFO  manager.MyListener - The element  with locator--->By.xpath: //div[text()=' 5 ']<---was found
12:12:38.073 INFO  manager.MyListener - Start find element--->By.xpath: //button[@type='submit']
12:12:38.083 INFO  manager.MyListener - The element  with locator--->By.xpath: //button[@type='submit']<---was found
12:12:38.103 INFO  manager.MyListener - Start find element--->By.xpath: //button[@type='submit']
12:12:38.110 INFO  manager.MyListener - The element  with locator--->By.xpath: //button[@type='submit']<---was found
12:12:38.176 INFO  tests.Methods - Finish test--->public void tests.SearchTests.searchAnyPeriodWithMyData(java.lang.String,java.lang.String,java.lang.String)
12:12:38.176 INFO  tests.Methods - Start test --->public void tests.SearchTests.searchAnyPeriodWithMyData(java.lang.String,java.lang.String,java.lang.String)
12:12:38.177 INFO  manager.MyListener - Start find element--->By.cssSelector: [alt='logo']
12:12:38.184 INFO  manager.MyListener - The element  with locator--->By.cssSelector: [alt='logo']<---was found
12:12:38.346 INFO  manager.MyListener - Start find element--->By.id: city
12:12:38.353 INFO  manager.MyListener - The element  with locator--->By.id: city<---was found
12:12:38.947 INFO  manager.MyListener - Start find element--->By.cssSelector: .pac-item
12:12:38.955 INFO  manager.MyListener - The element  with locator--->By.cssSelector: .pac-item<---was found
12:12:39.981 INFO  manager.MyListener - Start find element--->By.id: dates
12:12:39.987 INFO  manager.MyListener - The element  with locator--->By.id: dates<---was found
12:12:40.046 INFO  manager.MyListener - Start find element--->By.xpath: //div[text()=' 5 ']
12:12:40.052 INFO  manager.MyListener - The element  with locator--->By.xpath: //div[text()=' 5 ']<---was found
12:12:40.093 INFO  manager.MyListener - Start find element--->By.xpath: //button[@aria-label='Next month']
12:12:40.098 INFO  manager.MyListener - The element  with locator--->By.xpath: //button[@aria-label='Next month']<---was found
12:12:40.137 INFO  manager.MyListener - Start find element--->By.xpath: //button[@aria-label='Next month']
12:12:40.143 INFO  manager.MyListener - The element  with locator--->By.xpath: //button[@aria-label='Next month']<---was found
12:12:40.177 INFO  manager.MyListener - Start find element--->By.xpath: //button[@aria-label='Next month']
12:12:40.184 INFO  manager.MyListener - The element  with locator--->By.xpath: //button[@aria-label='Next month']<---was found
12:12:40.218 INFO  manager.MyListener - Start find element--->By.xpath: //button[@aria-label='Next month']
12:12:40.226 INFO  manager.MyListener - The element  with locator--->By.xpath: //button[@aria-label='Next month']<---was found
12:12:40.257 INFO  manager.MyListener - Start find element--->By.xpath: //button[@aria-label='Next month']
12:12:40.263 INFO  manager.MyListener - The element  with locator--->By.xpath: //button[@aria-label='Next month']<---was found
12:12:40.296 INFO  manager.MyListener - Start find element--->By.xpath: //button[@aria-label='Next month']
12:12:40.302 INFO  manager.MyListener - The element  with locator--->By.xpath: //button[@aria-label='Next month']<---was found
12:12:40.332 INFO  manager.MyListener - Start find element--->By.xpath: //button[@aria-label='Next month']
12:12:40.338 INFO  manager.MyListener - The element  with locator--->By.xpath: //button[@aria-label='Next month']<---was found
12:12:40.367 INFO  manager.MyListener - Start find element--->By.xpath: //button[@aria-label='Next month']
12:12:40.374 INFO  manager.MyListener - The element  with locator--->By.xpath: //button[@aria-label='Next month']<---was found
12:12:40.403 INFO  manager.MyListener - Start find element--->By.xpath: //button[@aria-label='Next month']
12:12:40.409 INFO  manager.MyListener - The element  with locator--->By.xpath: //button[@aria-label='Next month']<---was found
12:12:40.438 INFO  manager.MyListener - Start find element--->By.xpath: //button[@aria-label='Next month']
12:12:40.444 INFO  manager.MyListener - The element  with locator--->By.xpath: //button[@aria-label='Next month']<---was found
12:12:40.475 INFO  manager.MyListener - Start find element--->By.xpath: //button[@aria-label='Next month']
12:12:40.482 INFO  manager.MyListener - The element  with locator--->By.xpath: //button[@aria-label='Next month']<---was found
12:12:40.514 INFO  manager.MyListener - Start find element--->By.xpath: //div[text()=' 5 ']
12:12:40.521 INFO  manager.MyListener - The element  with locator--->By.xpath: //div[text()=' 5 ']<---was found
12:12:40.562 INFO  manager.MyListener - Start find element--->By.xpath: //button[@type='submit']
12:12:40.568 INFO  manager.MyListener - The element  with locator--->By.xpath: //button[@type='submit']<---was found
12:12:40.584 INFO  manager.MyListener - Start find element--->By.xpath: //button[@type='submit']
12:12:40.591 INFO  manager.MyListener - The element  with locator--->By.xpath: //button[@type='submit']<---was found
12:12:40.653 INFO  tests.Methods - Finish test--->public void tests.SearchTests.searchAnyPeriodWithMyData(java.lang.String,java.lang.String,java.lang.String)
12:12:40.653 INFO  tests.Methods - Start test --->public void tests.SearchTests.searchAnyPeriodWithMyData(java.lang.String,java.lang.String,java.lang.String)
12:12:40.654 INFO  manager.MyListener - Start find element--->By.cssSelector: [alt='logo']
12:12:40.660 INFO  manager.MyListener - The element  with locator--->By.cssSelector: [alt='logo']<---was found
12:12:40.805 INFO  manager.MyListener - Start find element--->By.id: city
12:12:40.811 INFO  manager.MyListener - The element  with locator--->By.id: city<---was found
12:12:41.406 INFO  manager.MyListener - Start find element--->By.cssSelector: .pac-item
12:12:41.414 INFO  manager.MyListener - The element  with locator--->By.cssSelector: .pac-item<---was found
12:12:42.442 INFO  manager.MyListener - Start find element--->By.id: dates
12:12:42.447 INFO  manager.MyListener - The element  with locator--->By.id: dates<---was found
12:12:42.508 INFO  manager.MyListener - Start find element--->By.xpath: //button[@aria-label='Next month']
12:12:42.515 INFO  manager.MyListener - The element  with locator--->By.xpath: //button[@aria-label='Next month']<---was found
12:12:42.555 INFO  manager.MyListener - Start find element--->By.xpath: //div[text()=' 5 ']
12:12:42.562 INFO  manager.MyListener - The element  with locator--->By.xpath: //div[text()=' 5 ']<---was found
12:12:42.603 INFO  manager.MyListener - Start find element--->By.xpath: //button[@aria-label='Next month']
12:12:42.609 INFO  manager.MyListener - The element  with locator--->By.xpath: //button[@aria-label='Next month']<---was found
12:12:42.646 INFO  manager.MyListener - Start find element--->By.xpath: //button[@aria-label='Next month']
12:12:42.653 INFO  manager.MyListener - The element  with locator--->By.xpath: //button[@aria-label='Next month']<---was found
12:12:42.685 INFO  manager.MyListener - Start find element--->By.xpath: //button[@aria-label='Next month']
12:12:42.692 INFO  manager.MyListener - The element  with locator--->By.xpath: //button[@aria-label='Next month']<---was found
12:12:42.722 INFO  manager.MyListener - Start find element--->By.xpath: //button[@aria-label='Next month']
12:12:42.729 INFO  manager.MyListener - The element  with locator--->By.xpath: //button[@aria-label='Next month']<---was found
12:12:42.761 INFO  manager.MyListener - Start find element--->By.xpath: //button[@aria-label='Next month']
12:12:42.767 INFO  manager.MyListener - The element  with locator--->By.xpath: //button[@aria-label='Next month']<---was found
12:12:42.797 INFO  manager.MyListener - Start find element--->By.xpath: //button[@aria-label='Next month']
12:12:42.803 INFO  manager.MyListener - The element  with locator--->By.xpath: //button[@aria-label='Next month']<---was found
12:12:42.834 INFO  manager.MyListener - Start find element--->By.xpath: //button[@aria-label='Next month']
12:12:42.841 INFO  manager.MyListener - The element  with locator--->By.xpath: //button[@aria-label='Next month']<---was found
12:12:42.874 INFO  manager.MyListener - Start find element--->By.xpath: //button[@aria-label='Next month']
12:12:42.880 INFO  manager.MyListener - The element  with locator--->By.xpath: //button[@aria-label='Next month']<---was found
12:12:42.908 INFO  manager.MyListener - Start find element--->By.xpath: //button[@aria-label='Next month']
12:12:42.916 INFO  manager.MyListener - The element  with locator--->By.xpath: //button[@aria-label='Next month']<---was found
12:12:42.948 INFO  manager.MyListener - Start find element--->By.xpath: //div[text()=' 5 ']
12:12:42.953 INFO  manager.MyListener - The element  with locator--->By.xpath: //div[text()=' 5 ']<---was found
12:12:42.994 INFO  manager.MyListener - Start find element--->By.xpath: //button[@type='submit']
12:12:43.002 INFO  manager.MyListener - The element  with locator--->By.xpath: //button[@type='submit']<---was found
12:12:43.018 INFO  manager.MyListener - Start find element--->By.xpath: //button[@type='submit']
12:12:43.023 INFO  manager.MyListener - The element  with locator--->By.xpath: //button[@type='submit']<---was found
12:12:43.085 INFO  tests.Methods - Finish test--->public void tests.SearchTests.searchCurrentMonth()
12:12:43.086 INFO  tests.Methods - Start test --->public void tests.SearchTests.searchCurrentMonth()
12:12:43.086 INFO  manager.MyListener - Start find element--->By.cssSelector: [alt='logo']
12:12:43.095 INFO  manager.MyListener - The element  with locator--->By.cssSelector: [alt='logo']<---was found
12:12:43.246 INFO  manager.MyListener - Start find element--->By.id: city
12:12:43.253 INFO  manager.MyListener - The element  with locator--->By.id: city<---was found
12:12:43.850 INFO  manager.MyListener - Start find element--->By.cssSelector: .pac-item
12:12:43.855 INFO  manager.MyListener - The element  with locator--->By.cssSelector: .pac-item<---was found
12:12:44.883 INFO  manager.MyListener - Start find element--->By.id: dates
12:12:44.891 INFO  manager.MyListener - The element  with locator--->By.id: dates<---was found
12:12:44.956 INFO  manager.MyListener - Start find element--->By.xpath: //*[text()=' 10 ']
12:12:44.966 INFO  manager.MyListener - The element  with locator--->By.xpath: //*[text()=' 10 ']<---was found
12:12:45.007 INFO  manager.MyListener - Start find element--->By.xpath: //*[text()=' 20 ']
12:12:45.016 INFO  manager.MyListener - The element  with locator--->By.xpath: //*[text()=' 20 ']<---was found
12:12:45.060 INFO  manager.MyListener - Start find element--->By.xpath: //button[@type='submit']
12:12:45.067 INFO  manager.MyListener - The element  with locator--->By.xpath: //button[@type='submit']<---was found
12:12:45.084 INFO  manager.MyListener - Start find element--->By.xpath: //button[@type='submit']
12:12:45.090 INFO  manager.MyListener - The element  with locator--->By.xpath: //button[@type='submit']<---was found
12:12:45.155 INFO  manager.MyListener - Start find element--->By.xpath: //*[@class='car-container ng-star-inserted']
12:12:46.050 INFO  manager.MyListener - The element  with locator--->By.xpath: //*[@class='car-container ng-star-inserted']<---was found
12:12:46.051 INFO  tests.Methods - Finish test--->public void tests.SearchTests.searchCurrentMonthInPast()
12:12:46.051 INFO  tests.Methods - Start test --->public void tests.SearchTests.searchCurrentMonthInPast()
12:12:46.051 INFO  manager.MyListener - Start find element--->By.cssSelector: [alt='logo']
12:12:46.059 INFO  manager.MyListener - The element  with locator--->By.cssSelector: [alt='logo']<---was found
12:12:46.202 INFO  manager.MyListener - Start find element--->By.id: city
12:12:46.209 INFO  manager.MyListener - The element  with locator--->By.id: city<---was found
12:12:46.805 INFO  manager.MyListener - Start find element--->By.cssSelector: .pac-item
12:12:46.812 INFO  manager.MyListener - The element  with locator--->By.cssSelector: .pac-item<---was found
12:12:47.837 INFO  manager.MyListener - Start find element--->By.cssSelector: #dates
12:12:47.844 INFO  manager.MyListener - The element  with locator--->By.cssSelector: #dates<---was found
12:12:47.892 INFO  manager.MyListener - Start find element--->By.cssSelector: #dates
12:12:47.898 INFO  manager.MyListener - The element  with locator--->By.cssSelector: #dates<---was found
12:12:49.438 INFO  manager.MyListener - Start find element--->By.cssSelector: button[disabled]
12:12:49.448 INFO  manager.MyListener - The element  with locator--->By.cssSelector: button[disabled]<---was found
12:12:49.448 INFO  manager.MyListener - Start find element--->By.xpath: //div[@class='ng-star-inserted']
12:12:49.458 INFO  manager.MyListener - The element  with locator--->By.xpath: //div[@class='ng-star-inserted']<---was found
