13:18:29.023 INFO  manager.ApplicationManager - All tests start in 'ChromeDriver'
13:18:30.601 INFO  tests.Methods - Start test --->public void tests.LoginTests.loginSuccess(java.lang.String,java.lang.String)
13:18:30.603 INFO  manager.MyListener - Start find element--->By.xpath: //*[text()=' Logout ']
13:18:35.637 INFO  manager.MyListener - The element  with locator--->By.xpath: //*[text()=' Logout ']<---was found
13:18:35.638 INFO  tests.Methods - Start test LoginSuccess
13:18:35.643 INFO  tests.Methods - The test starts with email: qdas1@mail.ruPassword: Qweasd12
13:18:35.644 INFO  manager.MyListener - Start find element--->By.xpath: //*[text()=' Log in ']
13:18:35.656 INFO  manager.MyListener - The element  with locator--->By.xpath: //*[text()=' Log in ']<---was found
13:18:35.695 INFO  manager.MyListener - Start find element--->By.xpath: //*[text()=' Log in ']
13:18:35.703 INFO  manager.MyListener - The element  with locator--->By.xpath: //*[text()=' Log in ']<---was found
13:18:35.749 INFO  manager.MyListener - Start find element--->By.cssSelector: #email
13:18:35.760 INFO  manager.MyListener - The element  with locator--->By.cssSelector: #email<---was found
13:18:36.357 INFO  manager.MyListener - Start find element--->By.cssSelector: #password
13:18:36.366 INFO  manager.MyListener - The element  with locator--->By.cssSelector: #password<---was found
13:18:36.933 INFO  manager.MyListener - Start find element--->By.xpath: //button[@type='submit']
13:18:36.942 INFO  manager.MyListener - The element  with locator--->By.xpath: //button[@type='submit']<---was found
13:18:36.965 INFO  manager.MyListener - Start find element--->By.xpath: //button[@type='submit']
13:18:36.972 INFO  manager.MyListener - The element  with locator--->By.xpath: //button[@type='submit']<---was found
13:18:38.002 INFO  manager.MyListener - Start find element--->By.cssSelector: .dialog-container h2
13:18:38.011 INFO  manager.MyListener - The element  with locator--->By.cssSelector: .dialog-container h2<---was found
13:18:38.025 INFO  manager.MyListener - Start find element--->By.cssSelector: .dialog-container h2
13:18:38.030 INFO  manager.MyListener - The element  with locator--->By.cssSelector: .dialog-container h2<---was found
13:18:38.042 INFO  manager.MyListener - Start find element--->By.xpath: //button[text()='Ok']
13:18:38.051 INFO  manager.MyListener - The element  with locator--->By.xpath: //button[text()='Ok']<---was found
13:18:38.051 INFO  manager.MyListener - Start find element--->By.xpath: //button[text()='Ok']
13:18:38.060 INFO  manager.MyListener - The element  with locator--->By.xpath: //button[text()='Ok']<---was found
13:18:38.085 INFO  tests.Methods - Test passed
13:18:38.088 INFO  manager.MyListener - Start find element--->By.xpath: //button[text()='Ok']
13:18:38.098 INFO  manager.MyListener - The element  with locator--->By.xpath: //button[text()='Ok']<---was found
13:18:38.098 INFO  manager.MyListener - Start find element--->By.xpath: //button[text()='Ok']
13:18:38.105 INFO  manager.MyListener - The element  with locator--->By.xpath: //button[text()='Ok']<---was found
13:18:38.123 INFO  tests.Methods - Finish test--->public void tests.LoginTests.loginSuccess(java.lang.String,java.lang.String)
13:18:38.124 INFO  tests.Methods - Start test --->public void tests.LoginTests.loginSuccess(java.lang.String,java.lang.String)
13:18:38.124 INFO  manager.MyListener - Start find element--->By.xpath: //*[text()=' Logout ']
13:18:38.131 INFO  manager.MyListener - The element  with locator--->By.xpath: //*[text()=' Logout ']<---was found
13:18:38.131 INFO  manager.MyListener - Start find element--->By.xpath: //*[text()=' Logout ']
13:18:38.141 INFO  manager.MyListener - The element  with locator--->By.xpath: //*[text()=' Logout ']<---was found
13:18:38.197 INFO  tests.Methods - Test needs logout
13:18:38.198 INFO  tests.Methods - Start test LoginSuccess
13:18:38.198 INFO  tests.Methods - The test starts with email: qdas1@mail.ruPassword: Qweasd12
13:18:38.199 INFO  manager.MyListener - Start find element--->By.xpath: //*[text()=' Log in ']
13:18:38.207 INFO  manager.MyListener - The element  with locator--->By.xpath: //*[text()=' Log in ']<---was found
13:18:38.232 INFO  manager.MyListener - Start find element--->By.xpath: //*[text()=' Log in ']
13:18:38.241 INFO  manager.MyListener - The element  with locator--->By.xpath: //*[text()=' Log in ']<---was found
13:18:38.276 INFO  manager.MyListener - Start find element--->By.cssSelector: #email
13:18:38.285 INFO  manager.MyListener - The element  with locator--->By.cssSelector: #email<---was found
13:18:38.875 INFO  manager.MyListener - Start find element--->By.cssSelector: #password
13:18:38.880 INFO  manager.MyListener - The element  with locator--->By.cssSelector: #password<---was found
13:18:39.449 INFO  manager.MyListener - Start find element--->By.xpath: //button[@type='submit']
13:18:39.457 INFO  manager.MyListener - The element  with locator--->By.xpath: //button[@type='submit']<---was found
13:18:39.473 INFO  manager.MyListener - Start find element--->By.xpath: //button[@type='submit']
13:18:39.480 INFO  manager.MyListener - The element  with locator--->By.xpath: //button[@type='submit']<---was found
13:18:40.507 INFO  manager.MyListener - Start find element--->By.cssSelector: .dialog-container h2
13:18:40.513 INFO  manager.MyListener - The element  with locator--->By.cssSelector: .dialog-container h2<---was found
13:18:40.525 INFO  manager.MyListener - Start find element--->By.cssSelector: .dialog-container h2
13:18:40.532 INFO  manager.MyListener - The element  with locator--->By.cssSelector: .dialog-container h2<---was found
13:18:40.541 INFO  manager.MyListener - Start find element--->By.xpath: //button[text()='Ok']
13:18:40.548 INFO  manager.MyListener - The element  with locator--->By.xpath: //button[text()='Ok']<---was found
13:18:40.549 INFO  manager.MyListener - Start find element--->By.xpath: //button[text()='Ok']
13:18:40.555 INFO  manager.MyListener - The element  with locator--->By.xpath: //button[text()='Ok']<---was found
13:18:40.578 INFO  tests.Methods - Test passed
13:18:40.578 INFO  manager.MyListener - Start find element--->By.xpath: //button[text()='Ok']
13:18:40.585 INFO  manager.MyListener - The element  with locator--->By.xpath: //button[text()='Ok']<---was found
13:18:40.585 INFO  manager.MyListener - Start find element--->By.xpath: //button[text()='Ok']
13:18:40.592 INFO  manager.MyListener - The element  with locator--->By.xpath: //button[text()='Ok']<---was found
13:18:40.607 INFO  tests.Methods - Finish test--->public void tests.LoginTests.loginSuccess(java.lang.String,java.lang.String)
13:18:40.608 INFO  tests.Methods - Start test --->public void tests.LoginTests.loginSuccess(java.lang.String,java.lang.String)
13:18:40.609 INFO  manager.MyListener - Start find element--->By.xpath: //*[text()=' Logout ']
13:18:40.615 INFO  manager.MyListener - The element  with locator--->By.xpath: //*[text()=' Logout ']<---was found
13:18:40.615 INFO  manager.MyListener - Start find element--->By.xpath: //*[text()=' Logout ']
13:18:40.621 INFO  manager.MyListener - The element  with locator--->By.xpath: //*[text()=' Logout ']<---was found
13:18:40.666 INFO  tests.Methods - Test needs logout
13:18:40.667 INFO  tests.Methods - Start test LoginSuccess
13:18:40.667 INFO  tests.Methods - The test starts with email: qdas1@mail.ruPassword: Qweasd12
13:18:40.667 INFO  manager.MyListener - Start find element--->By.xpath: //*[text()=' Log in ']
13:18:40.675 INFO  manager.MyListener - The element  with locator--->By.xpath: //*[text()=' Log in ']<---was found
13:18:40.693 INFO  manager.MyListener - Start find element--->By.xpath: //*[text()=' Log in ']
13:18:40.700 INFO  manager.MyListener - The element  with locator--->By.xpath: //*[text()=' Log in ']<---was found
13:18:40.734 INFO  manager.MyListener - Start find element--->By.cssSelector: #email
13:18:40.741 INFO  manager.MyListener - The element  with locator--->By.cssSelector: #email<---was found
13:18:41.332 INFO  manager.MyListener - Start find element--->By.cssSelector: #password
13:18:41.339 INFO  manager.MyListener - The element  with locator--->By.cssSelector: #password<---was found
13:18:41.907 INFO  manager.MyListener - Start find element--->By.xpath: //button[@type='submit']
13:18:41.915 INFO  manager.MyListener - The element  with locator--->By.xpath: //button[@type='submit']<---was found
13:18:41.932 INFO  manager.MyListener - Start find element--->By.xpath: //button[@type='submit']
13:18:41.938 INFO  manager.MyListener - The element  with locator--->By.xpath: //button[@type='submit']<---was found
13:18:42.966 INFO  manager.MyListener - Start find element--->By.cssSelector: .dialog-container h2
13:18:42.973 INFO  manager.MyListener - The element  with locator--->By.cssSelector: .dialog-container h2<---was found
13:18:42.983 INFO  manager.MyListener - Start find element--->By.cssSelector: .dialog-container h2
13:18:42.990 INFO  manager.MyListener - The element  with locator--->By.cssSelector: .dialog-container h2<---was found
13:18:42.999 INFO  manager.MyListener - Start find element--->By.xpath: //button[text()='Ok']
13:18:43.006 INFO  manager.MyListener - The element  with locator--->By.xpath: //button[text()='Ok']<---was found
13:18:43.006 INFO  manager.MyListener - Start find element--->By.xpath: //button[text()='Ok']
13:18:43.012 INFO  manager.MyListener - The element  with locator--->By.xpath: //button[text()='Ok']<---was found
13:18:43.035 INFO  tests.Methods - Test passed
13:18:43.036 INFO  manager.MyListener - Start find element--->By.xpath: //button[text()='Ok']
13:18:43.042 INFO  manager.MyListener - The element  with locator--->By.xpath: //button[text()='Ok']<---was found
13:18:43.042 INFO  manager.MyListener - Start find element--->By.xpath: //button[text()='Ok']
13:18:43.048 INFO  manager.MyListener - The element  with locator--->By.xpath: //button[text()='Ok']<---was found
13:18:43.064 INFO  tests.Methods - Finish test--->public void tests.LoginTests.loginSuccess(java.lang.String,java.lang.String)
13:18:43.066 INFO  tests.Methods - Start test --->public void tests.LoginTests.loginSuccessModel()
13:18:43.066 INFO  manager.MyListener - Start find element--->By.xpath: //*[text()=' Logout ']
13:18:43.073 INFO  manager.MyListener - The element  with locator--->By.xpath: //*[text()=' Logout ']<---was found
13:18:43.073 INFO  manager.MyListener - Start find element--->By.xpath: //*[text()=' Logout ']
13:18:43.079 INFO  manager.MyListener - The element  with locator--->By.xpath: //*[text()=' Logout ']<---was found
13:18:43.122 INFO  tests.Methods - Test needs logout
13:18:43.124 INFO  manager.MyListener - Start find element--->By.xpath: //*[text()=' Log in ']
13:18:43.131 INFO  manager.MyListener - The element  with locator--->By.xpath: //*[text()=' Log in ']<---was found
13:18:43.149 INFO  manager.MyListener - Start find element--->By.xpath: //*[text()=' Log in ']
13:18:43.155 INFO  manager.MyListener - The element  with locator--->By.xpath: //*[text()=' Log in ']<---was found
13:18:43.189 INFO  manager.MyListener - Start find element--->By.cssSelector: #email
13:18:43.196 INFO  manager.MyListener - The element  with locator--->By.cssSelector: #email<---was found
13:18:43.787 INFO  manager.MyListener - Start find element--->By.cssSelector: #password
13:18:43.794 INFO  manager.MyListener - The element  with locator--->By.cssSelector: #password<---was found
13:18:44.362 INFO  manager.MyListener - Start find element--->By.xpath: //button[@type='submit']
13:18:44.368 INFO  manager.MyListener - The element  with locator--->By.xpath: //button[@type='submit']<---was found
13:18:44.386 INFO  manager.MyListener - Start find element--->By.xpath: //button[@type='submit']
13:18:44.396 INFO  manager.MyListener - The element  with locator--->By.xpath: //button[@type='submit']<---was found
13:18:45.424 INFO  manager.MyListener - Start find element--->By.cssSelector: .dialog-container h2
13:18:45.429 INFO  manager.MyListener - The element  with locator--->By.cssSelector: .dialog-container h2<---was found
13:18:45.440 INFO  manager.MyListener - Start find element--->By.cssSelector: .dialog-container h2
13:18:45.447 INFO  manager.MyListener - The element  with locator--->By.cssSelector: .dialog-container h2<---was found
13:18:45.456 INFO  manager.MyListener - Start find element--->By.xpath: //button[text()='Ok']
13:18:45.461 INFO  manager.MyListener - The element  with locator--->By.xpath: //button[text()='Ok']<---was found
13:18:45.461 INFO  manager.MyListener - Start find element--->By.xpath: //button[text()='Ok']
13:18:45.468 INFO  manager.MyListener - The element  with locator--->By.xpath: //button[text()='Ok']<---was found
13:18:45.493 INFO  manager.MyListener - Start find element--->By.xpath: //button[text()='Ok']
13:18:45.499 INFO  manager.MyListener - The element  with locator--->By.xpath: //button[text()='Ok']<---was found
13:18:45.499 INFO  manager.MyListener - Start find element--->By.xpath: //button[text()='Ok']
13:18:45.505 INFO  manager.MyListener - The element  with locator--->By.xpath: //button[text()='Ok']<---was found
13:18:45.521 INFO  tests.Methods - Finish test--->public void tests.LoginTests.loginSuccessModel()
13:18:45.522 INFO  tests.Methods - Start test --->public void tests.LoginTests.loginSuccessNew(java.lang.String,java.lang.String)
13:18:45.522 INFO  manager.MyListener - Start find element--->By.xpath: //*[text()=' Logout ']
13:18:45.530 INFO  manager.MyListener - The element  with locator--->By.xpath: //*[text()=' Logout ']<---was found
13:18:45.530 INFO  manager.MyListener - Start find element--->By.xpath: //*[text()=' Logout ']
13:18:45.537 INFO  manager.MyListener - The element  with locator--->By.xpath: //*[text()=' Logout ']<---was found
13:18:45.578 INFO  tests.Methods - Test needs logout
13:18:45.579 INFO  manager.MyListener - Start find element--->By.xpath: //*[text()=' Log in ']
13:18:45.586 INFO  manager.MyListener - The element  with locator--->By.xpath: //*[text()=' Log in ']<---was found
13:18:45.603 INFO  manager.MyListener - Start find element--->By.xpath: //*[text()=' Log in ']
13:18:45.611 INFO  manager.MyListener - The element  with locator--->By.xpath: //*[text()=' Log in ']<---was found
13:18:45.645 INFO  manager.MyListener - Start find element--->By.cssSelector: #email
13:18:45.653 INFO  manager.MyListener - The element  with locator--->By.cssSelector: #email<---was found
13:18:46.243 INFO  manager.MyListener - Start find element--->By.cssSelector: #password
13:18:46.250 INFO  manager.MyListener - The element  with locator--->By.cssSelector: #password<---was found
13:18:46.818 INFO  manager.MyListener - Start find element--->By.xpath: //button[@type='submit']
13:18:46.824 INFO  manager.MyListener - The element  with locator--->By.xpath: //button[@type='submit']<---was found
13:18:46.841 INFO  manager.MyListener - Start find element--->By.xpath: //button[@type='submit']
13:18:46.846 INFO  manager.MyListener - The element  with locator--->By.xpath: //button[@type='submit']<---was found
13:18:47.872 INFO  manager.MyListener - Start find element--->By.cssSelector: .dialog-container h2
13:18:47.877 INFO  manager.MyListener - The element  with locator--->By.cssSelector: .dialog-container h2<---was found
13:18:47.889 INFO  manager.MyListener - Start find element--->By.cssSelector: .dialog-container h2
13:18:47.895 INFO  manager.MyListener - The element  with locator--->By.cssSelector: .dialog-container h2<---was found
13:18:47.905 INFO  manager.MyListener - Start find element--->By.xpath: //button[text()='Ok']
13:18:47.910 INFO  manager.MyListener - The element  with locator--->By.xpath: //button[text()='Ok']<---was found
13:18:47.910 INFO  manager.MyListener - Start find element--->By.xpath: //button[text()='Ok']
13:18:47.916 INFO  manager.MyListener - The element  with locator--->By.xpath: //button[text()='Ok']<---was found
13:18:47.938 INFO  manager.MyListener - Start find element--->By.xpath: //button[text()='Ok']
13:18:47.946 INFO  manager.MyListener - The element  with locator--->By.xpath: //button[text()='Ok']<---was found
13:18:47.946 INFO  manager.MyListener - Start find element--->By.xpath: //button[text()='Ok']
13:18:47.951 INFO  manager.MyListener - The element  with locator--->By.xpath: //button[text()='Ok']<---was found
13:18:47.968 INFO  tests.Methods - Finish test--->public void tests.LoginTests.loginSuccessNew(java.lang.String,java.lang.String)
13:18:47.968 INFO  tests.Methods - Start test --->public void tests.LoginTests.loginSuccessNew(java.lang.String,java.lang.String)
13:18:47.969 INFO  manager.MyListener - Start find element--->By.xpath: //*[text()=' Logout ']
13:18:47.977 INFO  manager.MyListener - The element  with locator--->By.xpath: //*[text()=' Logout ']<---was found
13:18:47.977 INFO  manager.MyListener - Start find element--->By.xpath: //*[text()=' Logout ']
13:18:47.983 INFO  manager.MyListener - The element  with locator--->By.xpath: //*[text()=' Logout ']<---was found
13:18:48.030 INFO  tests.Methods - Test needs logout
13:18:48.030 INFO  manager.MyListener - Start find element--->By.xpath: //*[text()=' Log in ']
13:18:48.037 INFO  manager.MyListener - The element  with locator--->By.xpath: //*[text()=' Log in ']<---was found
13:18:48.056 INFO  manager.MyListener - Start find element--->By.xpath: //*[text()=' Log in ']
13:18:48.064 INFO  manager.MyListener - The element  with locator--->By.xpath: //*[text()=' Log in ']<---was found
13:18:48.098 INFO  manager.MyListener - Start find element--->By.cssSelector: #email
13:18:48.106 INFO  manager.MyListener - The element  with locator--->By.cssSelector: #email<---was found
13:18:48.697 INFO  manager.MyListener - Start find element--->By.cssSelector: #password
13:18:48.704 INFO  manager.MyListener - The element  with locator--->By.cssSelector: #password<---was found
13:18:49.269 INFO  manager.MyListener - Start find element--->By.xpath: //button[@type='submit']
13:18:49.275 INFO  manager.MyListener - The element  with locator--->By.xpath: //button[@type='submit']<---was found
13:18:49.292 INFO  manager.MyListener - Start find element--->By.xpath: //button[@type='submit']
13:18:49.298 INFO  manager.MyListener - The element  with locator--->By.xpath: //button[@type='submit']<---was found
13:18:50.324 INFO  manager.MyListener - Start find element--->By.cssSelector: .dialog-container h2
13:18:50.329 INFO  manager.MyListener - The element  with locator--->By.cssSelector: .dialog-container h2<---was found
13:18:50.342 INFO  manager.MyListener - Start find element--->By.cssSelector: .dialog-container h2
13:18:50.347 INFO  manager.MyListener - The element  with locator--->By.cssSelector: .dialog-container h2<---was found
13:18:50.358 INFO  manager.MyListener - Start find element--->By.xpath: //button[text()='Ok']
13:18:50.363 INFO  manager.MyListener - The element  with locator--->By.xpath: //button[text()='Ok']<---was found
13:18:50.363 INFO  manager.MyListener - Start find element--->By.xpath: //button[text()='Ok']
13:18:50.369 INFO  manager.MyListener - The element  with locator--->By.xpath: //button[text()='Ok']<---was found
13:18:50.394 INFO  manager.MyListener - Start find element--->By.xpath: //button[text()='Ok']
13:18:50.402 INFO  manager.MyListener - The element  with locator--->By.xpath: //button[text()='Ok']<---was found
13:18:50.402 INFO  manager.MyListener - Start find element--->By.xpath: //button[text()='Ok']
13:18:50.409 INFO  manager.MyListener - The element  with locator--->By.xpath: //button[text()='Ok']<---was found
13:18:50.424 INFO  tests.Methods - Finish test--->public void tests.LoginTests.loginSuccessNew(java.lang.String,java.lang.String)
13:18:50.425 INFO  tests.Methods - Start test --->public void tests.LoginTests.loginSuccessNew(java.lang.String,java.lang.String)
13:18:50.425 INFO  manager.MyListener - Start find element--->By.xpath: //*[text()=' Logout ']
13:18:50.432 INFO  manager.MyListener - The element  with locator--->By.xpath: //*[text()=' Logout ']<---was found
13:18:50.433 INFO  manager.MyListener - Start find element--->By.xpath: //*[text()=' Logout ']
13:18:50.439 INFO  manager.MyListener - The element  with locator--->By.xpath: //*[text()=' Logout ']<---was found
13:18:50.485 INFO  tests.Methods - Test needs logout
13:18:50.486 INFO  manager.MyListener - Start find element--->By.xpath: //*[text()=' Log in ']
13:18:50.493 INFO  manager.MyListener - The element  with locator--->By.xpath: //*[text()=' Log in ']<---was found
13:18:50.513 INFO  manager.MyListener - Start find element--->By.xpath: //*[text()=' Log in ']
13:18:50.519 INFO  manager.MyListener - The element  with locator--->By.xpath: //*[text()=' Log in ']<---was found
13:18:50.551 INFO  manager.MyListener - Start find element--->By.cssSelector: #email
13:18:50.558 INFO  manager.MyListener - The element  with locator--->By.cssSelector: #email<---was found
13:18:51.149 INFO  manager.MyListener - Start find element--->By.cssSelector: #password
13:18:51.155 INFO  manager.MyListener - The element  with locator--->By.cssSelector: #password<---was found
13:18:51.722 INFO  manager.MyListener - Start find element--->By.xpath: //button[@type='submit']
13:18:51.729 INFO  manager.MyListener - The element  with locator--->By.xpath: //button[@type='submit']<---was found
13:18:51.746 INFO  manager.MyListener - Start find element--->By.xpath: //button[@type='submit']
13:18:51.753 INFO  manager.MyListener - The element  with locator--->By.xpath: //button[@type='submit']<---was found
13:18:52.782 INFO  manager.MyListener - Start find element--->By.cssSelector: .dialog-container h2
13:18:52.787 INFO  manager.MyListener - The element  with locator--->By.cssSelector: .dialog-container h2<---was found
13:18:52.799 INFO  manager.MyListener - Start find element--->By.cssSelector: .dialog-container h2
13:18:52.805 INFO  manager.MyListener - The element  with locator--->By.cssSelector: .dialog-container h2<---was found
13:18:52.815 INFO  manager.MyListener - Start find element--->By.xpath: //button[text()='Ok']
13:18:52.821 INFO  manager.MyListener - The element  with locator--->By.xpath: //button[text()='Ok']<---was found
13:18:52.821 INFO  manager.MyListener - Start find element--->By.xpath: //button[text()='Ok']
13:18:52.828 INFO  manager.MyListener - The element  with locator--->By.xpath: //button[text()='Ok']<---was found
13:18:52.850 INFO  manager.MyListener - Start find element--->By.xpath: //button[text()='Ok']
13:18:52.857 INFO  manager.MyListener - The element  with locator--->By.xpath: //button[text()='Ok']<---was found
13:18:52.857 INFO  manager.MyListener - Start find element--->By.xpath: //button[text()='Ok']
13:18:52.862 INFO  manager.MyListener - The element  with locator--->By.xpath: //button[text()='Ok']<---was found
13:18:52.878 INFO  tests.Methods - Finish test--->public void tests.LoginTests.loginSuccessNew(java.lang.String,java.lang.String)
13:18:52.881 INFO  tests.Methods - Start test --->public void tests.RegistrationTests.regSuccess()
13:18:52.881 INFO  manager.MyListener - Start find element--->By.xpath: //*[text()=' Logout ']
13:18:52.888 INFO  manager.MyListener - The element  with locator--->By.xpath: //*[text()=' Logout ']<---was found
13:18:52.888 INFO  manager.MyListener - Start find element--->By.xpath: //*[text()=' Logout ']
13:18:52.894 INFO  manager.MyListener - The element  with locator--->By.xpath: //*[text()=' Logout ']<---was found
13:18:52.939 INFO  tests.Methods - Test start with data:  Name:Anna 
13:18:52.940 INFO  manager.MyListener - Start find element--->By.xpath: //*[text()=' Log in ']
13:18:52.947 INFO  manager.MyListener - The element  with locator--->By.xpath: //*[text()=' Log in ']<---was found
13:18:52.979 INFO  manager.MyListener - Start find element--->By.xpath: //*[text()='Click here']
13:18:52.990 INFO  manager.MyListener - The element  with locator--->By.xpath: //*[text()='Click here']<---was found
13:18:53.024 INFO  manager.MyListener - Start find element--->By.cssSelector: #name
13:18:53.034 INFO  manager.MyListener - The element  with locator--->By.cssSelector: #name<---was found
13:18:53.610 INFO  manager.MyListener - Start find element--->By.cssSelector: #lastName
13:18:53.619 INFO  manager.MyListener - The element  with locator--->By.cssSelector: #lastName<---was found
13:18:54.187 INFO  manager.MyListener - Start find element--->By.cssSelector: #email
13:18:54.193 INFO  manager.MyListener - The element  with locator--->By.cssSelector: #email<---was found
13:18:54.792 INFO  manager.MyListener - Start find element--->By.cssSelector: #password
13:18:54.798 INFO  manager.MyListener - The element  with locator--->By.cssSelector: #password<---was found
13:18:55.364 INFO  manager.MyListener - Start find element--->By.cssSelector: label[for='terms-of-use']
13:18:55.373 INFO  manager.MyListener - The element  with locator--->By.cssSelector: label[for='terms-of-use']<---was found
13:18:55.705 INFO  manager.MyListener - Start find element--->By.xpath: //button[@type='submit']
13:18:55.711 INFO  manager.MyListener - The element  with locator--->By.xpath: //button[@type='submit']<---was found
13:18:55.732 INFO  manager.MyListener - Start find element--->By.xpath: //button[@type='submit']
13:18:55.738 INFO  manager.MyListener - The element  with locator--->By.xpath: //button[@type='submit']<---was found
13:18:55.771 INFO  manager.MyListener - Start find element--->By.cssSelector: .dialog-container h2
13:18:56.206 INFO  manager.MyListener - The element  with locator--->By.cssSelector: .dialog-container h2<---was found
13:18:56.217 INFO  manager.MyListener - Start find element--->By.cssSelector: .dialog-container h2
13:18:56.222 INFO  manager.MyListener - The element  with locator--->By.cssSelector: .dialog-container h2<---was found
13:18:56.233 INFO  manager.MyListener - Start find element--->By.xpath: //button[text()='Ok']
13:18:56.239 INFO  manager.MyListener - The element  with locator--->By.xpath: //button[text()='Ok']<---was found
13:18:56.239 INFO  manager.MyListener - Start find element--->By.xpath: //button[text()='Ok']
13:18:56.245 INFO  manager.MyListener - The element  with locator--->By.xpath: //button[text()='Ok']<---was found
13:18:56.272 INFO  tests.Methods - Finish test--->public void tests.RegistrationTests.regSuccess()
13:18:56.273 INFO  tests.Methods - Start test --->public void tests.RegistrationTests.regSuccessModel()
13:18:56.273 INFO  manager.MyListener - Start find element--->By.xpath: //*[text()=' Logout ']
13:18:56.281 INFO  manager.MyListener - The element  with locator--->By.xpath: //*[text()=' Logout ']<---was found
13:18:56.282 INFO  manager.MyListener - Start find element--->By.xpath: //*[text()=' Logout ']
13:18:56.287 INFO  manager.MyListener - The element  with locator--->By.xpath: //*[text()=' Logout ']<---was found
13:18:56.335 INFO  tests.Methods - Test start with data: User{email='akdx-2072zc@gmail.com', password='Zcvbb2ds2!'}
13:18:56.335 INFO  manager.MyListener - Start find element--->By.xpath: //*[text()=' Log in ']
13:18:56.341 INFO  manager.MyListener - The element  with locator--->By.xpath: //*[text()=' Log in ']<---was found
13:18:56.376 INFO  manager.MyListener - Start find element--->By.xpath: //*[text()='Click here']
13:18:56.383 INFO  manager.MyListener - The element  with locator--->By.xpath: //*[text()='Click here']<---was found
13:18:56.412 INFO  manager.MyListener - Start find element--->By.cssSelector: #name
13:18:56.419 INFO  manager.MyListener - The element  with locator--->By.cssSelector: #name<---was found
13:18:56.987 INFO  manager.MyListener - Start find element--->By.cssSelector: #lastName
13:18:56.994 INFO  manager.MyListener - The element  with locator--->By.cssSelector: #lastName<---was found
13:18:57.564 INFO  manager.MyListener - Start find element--->By.cssSelector: #email
13:18:57.570 INFO  manager.MyListener - The element  with locator--->By.cssSelector: #email<---was found
13:18:58.169 INFO  manager.MyListener - Start find element--->By.cssSelector: #password
13:18:58.175 INFO  manager.MyListener - The element  with locator--->By.cssSelector: #password<---was found
13:18:58.744 INFO  manager.MyListener - Start find element--->By.cssSelector: label[for='terms-of-use']
13:18:58.751 INFO  manager.MyListener - The element  with locator--->By.cssSelector: label[for='terms-of-use']<---was found
13:18:59.077 INFO  manager.MyListener - Start find element--->By.xpath: //button[@type='submit']
13:18:59.084 INFO  manager.MyListener - The element  with locator--->By.xpath: //button[@type='submit']<---was found
13:18:59.107 INFO  manager.MyListener - Start find element--->By.xpath: //button[@type='submit']
13:18:59.115 INFO  manager.MyListener - The element  with locator--->By.xpath: //button[@type='submit']<---was found
13:19:00.141 INFO  manager.MyListener - Start find element--->By.cssSelector: .dialog-container h2
13:19:00.147 INFO  manager.MyListener - The element  with locator--->By.cssSelector: .dialog-container h2<---was found
13:19:00.157 INFO  manager.MyListener - Start find element--->By.cssSelector: .dialog-container h2
13:19:00.163 INFO  manager.MyListener - The element  with locator--->By.cssSelector: .dialog-container h2<---was found
13:19:00.172 INFO  manager.MyListener - Start find element--->By.xpath: //button[text()='Ok']
13:19:00.177 INFO  manager.MyListener - The element  with locator--->By.xpath: //button[text()='Ok']<---was found
13:19:00.177 INFO  manager.MyListener - Start find element--->By.xpath: //button[text()='Ok']
13:19:00.183 INFO  manager.MyListener - The element  with locator--->By.xpath: //button[text()='Ok']<---was found
13:19:00.207 INFO  tests.Methods - Finish test--->public void tests.RegistrationTests.regSuccessModel()
13:19:00.208 INFO  tests.Methods - Start test --->public void tests.RegistrationTests.regSuccessWithMyData(java.lang.String,java.lang.String,java.lang.String,java.lang.String)
13:19:00.208 INFO  manager.MyListener - Start find element--->By.xpath: //*[text()=' Logout ']
13:19:00.215 INFO  manager.MyListener - The element  with locator--->By.xpath: //*[text()=' Logout ']<---was found
13:19:00.215 INFO  manager.MyListener - Start find element--->By.xpath: //*[text()=' Logout ']
13:19:00.221 INFO  manager.MyListener - The element  with locator--->By.xpath: //*[text()=' Logout ']<---was found
13:19:00.260 INFO  tests.Methods - Test start with data:  Name: Anna
13:19:00.260 INFO  manager.MyListener - Start find element--->By.xpath: //*[text()=' Log in ']
13:19:00.267 INFO  manager.MyListener - The element  with locator--->By.xpath: //*[text()=' Log in ']<---was found
13:19:00.302 INFO  manager.MyListener - Start find element--->By.xpath: //*[text()='Click here']
13:19:00.309 INFO  manager.MyListener - The element  with locator--->By.xpath: //*[text()='Click here']<---was found
13:19:00.336 INFO  manager.MyListener - Start find element--->By.cssSelector: #name
13:19:00.343 INFO  manager.MyListener - The element  with locator--->By.cssSelector: #name<---was found
13:19:00.913 INFO  manager.MyListener - Start find element--->By.cssSelector: #lastName
13:19:00.919 INFO  manager.MyListener - The element  with locator--->By.cssSelector: #lastName<---was found
13:19:01.491 INFO  manager.MyListener - Start find element--->By.cssSelector: #email
13:19:01.497 INFO  manager.MyListener - The element  with locator--->By.cssSelector: #email<---was found
13:19:02.097 INFO  manager.MyListener - Start find element--->By.cssSelector: #password
13:19:02.103 INFO  manager.MyListener - The element  with locator--->By.cssSelector: #password<---was found
13:19:02.670 INFO  manager.MyListener - Start find element--->By.cssSelector: label[for='terms-of-use']
13:19:02.676 INFO  manager.MyListener - The element  with locator--->By.cssSelector: label[for='terms-of-use']<---was found
13:19:03.001 INFO  manager.MyListener - Start find element--->By.xpath: //button[@type='submit']
13:19:03.008 INFO  manager.MyListener - The element  with locator--->By.xpath: //button[@type='submit']<---was found
13:19:03.033 INFO  manager.MyListener - Start find element--->By.xpath: //button[@type='submit']
13:19:03.040 INFO  manager.MyListener - The element  with locator--->By.xpath: //button[@type='submit']<---was found
13:19:03.066 INFO  manager.MyListener - Start find element--->By.cssSelector: .dialog-container h2
13:19:03.445 INFO  manager.MyListener - The element  with locator--->By.cssSelector: .dialog-container h2<---was found
13:19:03.456 INFO  manager.MyListener - Start find element--->By.cssSelector: .dialog-container h2
13:19:03.462 INFO  manager.MyListener - The element  with locator--->By.cssSelector: .dialog-container h2<---was found
13:19:03.472 INFO  manager.MyListener - Start find element--->By.xpath: //button[text()='Ok']
13:19:03.478 INFO  manager.MyListener - The element  with locator--->By.xpath: //button[text()='Ok']<---was found
13:19:03.479 INFO  manager.MyListener - Start find element--->By.xpath: //button[text()='Ok']
13:19:03.484 INFO  manager.MyListener - The element  with locator--->By.xpath: //button[text()='Ok']<---was found
13:19:03.510 INFO  tests.Methods - Finish test--->public void tests.RegistrationTests.regSuccessWithMyData(java.lang.String,java.lang.String,java.lang.String,java.lang.String)
13:19:03.510 INFO  tests.Methods - Start test --->public void tests.RegistrationTests.regSuccessWrongPasswordModel()
13:19:03.511 INFO  manager.MyListener - Start find element--->By.xpath: //*[text()=' Logout ']
13:19:03.517 INFO  manager.MyListener - The element  with locator--->By.xpath: //*[text()=' Logout ']<---was found
13:19:03.518 INFO  manager.MyListener - Start find element--->By.xpath: //*[text()=' Logout ']
13:19:03.524 INFO  manager.MyListener - The element  with locator--->By.xpath: //*[text()=' Logout ']<---was found
13:19:03.564 INFO  tests.Methods - Test start with data: User{email='akdxzc@gmail.com', password='12345'}
13:19:03.565 INFO  manager.MyListener - Start find element--->By.xpath: //*[text()=' Log in ']
13:19:03.571 INFO  manager.MyListener - The element  with locator--->By.xpath: //*[text()=' Log in ']<---was found
13:19:03.607 INFO  manager.MyListener - Start find element--->By.xpath: //*[text()='Click here']
13:19:03.615 INFO  manager.MyListener - The element  with locator--->By.xpath: //*[text()='Click here']<---was found
13:19:03.642 INFO  manager.MyListener - Start find element--->By.cssSelector: #name
13:19:03.649 INFO  manager.MyListener - The element  with locator--->By.cssSelector: #name<---was found
13:19:04.217 INFO  manager.MyListener - Start find element--->By.cssSelector: #lastName
13:19:04.223 INFO  manager.MyListener - The element  with locator--->By.cssSelector: #lastName<---was found
13:19:04.794 INFO  manager.MyListener - Start find element--->By.cssSelector: #email
13:19:04.801 INFO  manager.MyListener - The element  with locator--->By.cssSelector: #email<---was found
13:19:05.392 INFO  manager.MyListener - Start find element--->By.cssSelector: #password
13:19:05.399 INFO  manager.MyListener - The element  with locator--->By.cssSelector: #password<---was found
13:19:05.963 INFO  manager.MyListener - Start find element--->By.cssSelector: label[for='terms-of-use']
13:19:05.969 INFO  manager.MyListener - The element  with locator--->By.cssSelector: label[for='terms-of-use']<---was found
13:19:06.299 INFO  manager.MyListener - Start find element--->By.cssSelector: div.error :first-child
13:19:06.310 INFO  manager.MyListener - The element  with locator--->By.cssSelector: div.error :first-child<---was found
13:19:06.326 INFO  manager.MyListener - Start find element--->By.cssSelector: div.error :last-child
13:19:06.335 INFO  manager.MyListener - The element  with locator--->By.cssSelector: div.error :last-child<---was found
13:19:06.343 INFO  manager.MyListener - Start find element--->By.cssSelector: [type='submit']
13:19:06.352 INFO  manager.MyListener - The element  with locator--->By.cssSelector: [type='submit']<---was found
13:19:06.357 INFO  manager.MyListener - Start find element--->By.cssSelector: button[disabled]
13:19:06.366 INFO  manager.MyListener - The element  with locator--->By.cssSelector: button[disabled]<---was found
13:19:06.366 INFO  manager.MyListener - Start find element--->By.xpath: //button[text()='Ok']
13:19:11.370 INFO  manager.MyListener - The element  with locator--->By.xpath: //button[text()='Ok']<---was found
13:19:11.371 INFO  tests.Methods - Finish test--->public void tests.RegistrationTests.regSuccessWrongPasswordModel()
13:19:11.372 INFO  tests.Methods - Start test --->public void tests.AddNewCarTest.addNewCarSuccess()
13:19:11.372 INFO  manager.MyListener - Start find element--->By.xpath: //*[text()=' Logout ']
13:19:16.424 INFO  manager.MyListener - The element  with locator--->By.xpath: //*[text()=' Logout ']<---was found
13:19:16.424 INFO  manager.MyListener - Start find element--->By.xpath: //*[text()=' Log in ']
13:19:16.430 INFO  manager.MyListener - The element  with locator--->By.xpath: //*[text()=' Log in ']<---was found
13:19:16.445 INFO  manager.MyListener - Start find element--->By.xpath: //*[text()=' Log in ']
13:19:16.450 INFO  manager.MyListener - The element  with locator--->By.xpath: //*[text()=' Log in ']<---was found
13:19:16.476 INFO  manager.MyListener - Start find element--->By.cssSelector: #email
13:19:16.483 INFO  manager.MyListener - The element  with locator--->By.cssSelector: #email<---was found
13:19:17.062 INFO  manager.MyListener - Start find element--->By.cssSelector: #password
13:19:17.068 INFO  manager.MyListener - The element  with locator--->By.cssSelector: #password<---was found
13:19:17.635 INFO  manager.MyListener - Start find element--->By.xpath: //button[@type='submit']
13:19:17.640 INFO  manager.MyListener - The element  with locator--->By.xpath: //button[@type='submit']<---was found
13:19:27.927 INFO  tests.Methods - Finish test--->public void tests.AddNewCarTest.addNewCarSuccess()
13:19:27.930 INFO  tests.Methods - Start test --->public void tests.AddNewCarTest.addNewCarSuccessWithDataProvider(java.lang.String,java.lang.String,java.lang.String,java.lang.String,java.lang.String,java.lang.String,java.lang.String,java.lang.String,java.lang.String,java.lang.String,java.lang.String,java.lang.String,java.lang.String,java.lang.String,java.lang.String,java.lang.String,java.lang.String)
13:19:27.931 INFO  tests.Methods - Finish test--->public void tests.AddNewCarTest.addNewCarSuccessWithDataProvider(java.lang.String,java.lang.String,java.lang.String,java.lang.String,java.lang.String,java.lang.String,java.lang.String,java.lang.String,java.lang.String,java.lang.String,java.lang.String,java.lang.String,java.lang.String,java.lang.String,java.lang.String,java.lang.String,java.lang.String)
13:19:27.931 INFO  tests.Methods - Start test --->public void tests.SearchTests.searchAnyPeriod()
13:19:27.932 INFO  manager.MyListener - Start find element--->By.cssSelector: [alt='logo']
13:19:27.940 INFO  manager.MyListener - The element  with locator--->By.cssSelector: [alt='logo']<---was found
13:19:28.160 INFO  manager.MyListener - Start find element--->By.id: city
13:19:28.171 INFO  manager.MyListener - The element  with locator--->By.id: city<---was found
13:19:28.750 INFO  manager.MyListener - Start find element--->By.cssSelector: .pac-item
13:19:29.130 INFO  manager.MyListener - The element  with locator--->By.cssSelector: .pac-item<---was found
13:19:30.163 INFO  manager.MyListener - Start find element--->By.id: dates
13:19:30.172 INFO  manager.MyListener - The element  with locator--->By.id: dates<---was found
13:19:30.247 INFO  manager.MyListener - Start find element--->By.xpath: //div[text()=' 5 ']
13:19:30.258 INFO  manager.MyListener - The element  with locator--->By.xpath: //div[text()=' 5 ']<---was found
13:19:30.299 INFO  manager.MyListener - Start find element--->By.xpath: //button[@aria-label='Next month']
13:19:30.308 INFO  manager.MyListener - The element  with locator--->By.xpath: //button[@aria-label='Next month']<---was found
13:19:30.355 INFO  manager.MyListener - Start find element--->By.xpath: //button[@aria-label='Next month']
13:19:30.364 INFO  manager.MyListener - The element  with locator--->By.xpath: //button[@aria-label='Next month']<---was found
13:19:30.400 INFO  manager.MyListener - Start find element--->By.xpath: //button[@aria-label='Next month']
13:19:30.408 INFO  manager.MyListener - The element  with locator--->By.xpath: //button[@aria-label='Next month']<---was found
13:19:30.440 INFO  manager.MyListener - Start find element--->By.xpath: //button[@aria-label='Next month']
13:19:30.447 INFO  manager.MyListener - The element  with locator--->By.xpath: //button[@aria-label='Next month']<---was found
13:19:30.477 INFO  manager.MyListener - Start find element--->By.xpath: //button[@aria-label='Next month']
13:19:30.484 INFO  manager.MyListener - The element  with locator--->By.xpath: //button[@aria-label='Next month']<---was found
13:19:30.516 INFO  manager.MyListener - Start find element--->By.xpath: //button[@aria-label='Next month']
13:19:30.529 INFO  manager.MyListener - The element  with locator--->By.xpath: //button[@aria-label='Next month']<---was found
13:19:30.561 INFO  manager.MyListener - Start find element--->By.xpath: //button[@aria-label='Next month']
13:19:30.567 INFO  manager.MyListener - The element  with locator--->By.xpath: //button[@aria-label='Next month']<---was found
13:19:30.597 INFO  manager.MyListener - Start find element--->By.xpath: //button[@aria-label='Next month']
13:19:30.604 INFO  manager.MyListener - The element  with locator--->By.xpath: //button[@aria-label='Next month']<---was found
13:19:30.632 INFO  manager.MyListener - Start find element--->By.xpath: //button[@aria-label='Next month']
13:19:30.640 INFO  manager.MyListener - The element  with locator--->By.xpath: //button[@aria-label='Next month']<---was found
13:19:30.669 INFO  manager.MyListener - Start find element--->By.xpath: //button[@aria-label='Next month']
13:19:30.676 INFO  manager.MyListener - The element  with locator--->By.xpath: //button[@aria-label='Next month']<---was found
13:19:30.705 INFO  manager.MyListener - Start find element--->By.xpath: //button[@aria-label='Next month']
13:19:30.711 INFO  manager.MyListener - The element  with locator--->By.xpath: //button[@aria-label='Next month']<---was found
13:19:30.739 INFO  manager.MyListener - Start find element--->By.xpath: //div[text()=' 5 ']
13:19:30.746 INFO  manager.MyListener - The element  with locator--->By.xpath: //div[text()=' 5 ']<---was found
13:19:30.787 INFO  manager.MyListener - Start find element--->By.xpath: //button[@type='submit']
13:19:30.798 INFO  manager.MyListener - The element  with locator--->By.xpath: //button[@type='submit']<---was found
13:19:30.818 INFO  manager.MyListener - Start find element--->By.xpath: //button[@type='submit']
13:19:30.824 INFO  manager.MyListener - The element  with locator--->By.xpath: //button[@type='submit']<---was found
13:19:30.895 INFO  tests.Methods - Finish test--->public void tests.SearchTests.searchAnyPeriod()
13:19:30.896 INFO  tests.Methods - Start test --->public void tests.SearchTests.searchAnyPeriodWithMyData(java.lang.String,java.lang.String,java.lang.String)
13:19:30.896 INFO  manager.MyListener - Start find element--->By.cssSelector: [alt='logo']
13:19:30.904 INFO  manager.MyListener - The element  with locator--->By.cssSelector: [alt='logo']<---was found
13:19:31.059 INFO  manager.MyListener - Start find element--->By.id: city
13:19:31.065 INFO  manager.MyListener - The element  with locator--->By.id: city<---was found
13:19:31.662 INFO  manager.MyListener - Start find element--->By.cssSelector: .pac-item
13:19:31.669 INFO  manager.MyListener - The element  with locator--->By.cssSelector: .pac-item<---was found
13:19:32.698 INFO  manager.MyListener - Start find element--->By.id: dates
13:19:32.703 INFO  manager.MyListener - The element  with locator--->By.id: dates<---was found
13:19:32.762 INFO  manager.MyListener - Start find element--->By.xpath: //div[text()=' 5 ']
13:19:32.767 INFO  manager.MyListener - The element  with locator--->By.xpath: //div[text()=' 5 ']<---was found
13:19:32.806 INFO  manager.MyListener - Start find element--->By.xpath: //button[@aria-label='Next month']
13:19:32.814 INFO  manager.MyListener - The element  with locator--->By.xpath: //button[@aria-label='Next month']<---was found
13:19:32.854 INFO  manager.MyListener - Start find element--->By.xpath: //button[@aria-label='Next month']
13:19:32.859 INFO  manager.MyListener - The element  with locator--->By.xpath: //button[@aria-label='Next month']<---was found
13:19:32.895 INFO  manager.MyListener - Start find element--->By.xpath: //button[@aria-label='Next month']
13:19:32.901 INFO  manager.MyListener - The element  with locator--->By.xpath: //button[@aria-label='Next month']<---was found
13:19:32.933 INFO  manager.MyListener - Start find element--->By.xpath: //button[@aria-label='Next month']
13:19:32.940 INFO  manager.MyListener - The element  with locator--->By.xpath: //button[@aria-label='Next month']<---was found
13:19:32.970 INFO  manager.MyListener - Start find element--->By.xpath: //button[@aria-label='Next month']
13:19:32.977 INFO  manager.MyListener - The element  with locator--->By.xpath: //button[@aria-label='Next month']<---was found
13:19:33.009 INFO  manager.MyListener - Start find element--->By.xpath: //button[@aria-label='Next month']
13:19:33.016 INFO  manager.MyListener - The element  with locator--->By.xpath: //button[@aria-label='Next month']<---was found
13:19:33.047 INFO  manager.MyListener - Start find element--->By.xpath: //button[@aria-label='Next month']
13:19:33.053 INFO  manager.MyListener - The element  with locator--->By.xpath: //button[@aria-label='Next month']<---was found
13:19:33.083 INFO  manager.MyListener - Start find element--->By.xpath: //button[@aria-label='Next month']
13:19:33.091 INFO  manager.MyListener - The element  with locator--->By.xpath: //button[@aria-label='Next month']<---was found
13:19:33.122 INFO  manager.MyListener - Start find element--->By.xpath: //button[@aria-label='Next month']
13:19:33.128 INFO  manager.MyListener - The element  with locator--->By.xpath: //button[@aria-label='Next month']<---was found
13:19:33.157 INFO  manager.MyListener - Start find element--->By.xpath: //button[@aria-label='Next month']
13:19:33.165 INFO  manager.MyListener - The element  with locator--->By.xpath: //button[@aria-label='Next month']<---was found
13:19:33.200 INFO  manager.MyListener - Start find element--->By.xpath: //button[@aria-label='Next month']
13:19:33.206 INFO  manager.MyListener - The element  with locator--->By.xpath: //button[@aria-label='Next month']<---was found
13:19:33.238 INFO  manager.MyListener - Start find element--->By.xpath: //div[text()=' 5 ']
13:19:33.246 INFO  manager.MyListener - The element  with locator--->By.xpath: //div[text()=' 5 ']<---was found
13:19:33.284 INFO  manager.MyListener - Start find element--->By.xpath: //button[@type='submit']
13:19:33.290 INFO  manager.MyListener - The element  with locator--->By.xpath: //button[@type='submit']<---was found
13:19:33.308 INFO  manager.MyListener - Start find element--->By.xpath: //button[@type='submit']
13:19:33.315 INFO  manager.MyListener - The element  with locator--->By.xpath: //button[@type='submit']<---was found
13:19:33.374 INFO  tests.Methods - Finish test--->public void tests.SearchTests.searchAnyPeriodWithMyData(java.lang.String,java.lang.String,java.lang.String)
13:19:33.376 INFO  tests.Methods - Start test --->public void tests.SearchTests.searchAnyPeriodWithMyData(java.lang.String,java.lang.String,java.lang.String)
13:19:33.376 INFO  manager.MyListener - Start find element--->By.cssSelector: [alt='logo']
13:19:33.385 INFO  manager.MyListener - The element  with locator--->By.cssSelector: [alt='logo']<---was found
13:19:33.527 INFO  manager.MyListener - Start find element--->By.id: city
13:19:33.535 INFO  manager.MyListener - The element  with locator--->By.id: city<---was found
13:19:34.136 INFO  manager.MyListener - Start find element--->By.cssSelector: .pac-item
13:19:34.143 INFO  manager.MyListener - The element  with locator--->By.cssSelector: .pac-item<---was found
13:19:35.169 INFO  manager.MyListener - Start find element--->By.id: dates
13:19:35.174 INFO  manager.MyListener - The element  with locator--->By.id: dates<---was found
13:19:35.235 INFO  manager.MyListener - Start find element--->By.xpath: //button[@aria-label='Next month']
13:19:35.243 INFO  manager.MyListener - The element  with locator--->By.xpath: //button[@aria-label='Next month']<---was found
13:19:35.283 INFO  manager.MyListener - Start find element--->By.xpath: //div[text()=' 5 ']
13:19:35.290 INFO  manager.MyListener - The element  with locator--->By.xpath: //div[text()=' 5 ']<---was found
13:19:35.329 INFO  manager.MyListener - Start find element--->By.xpath: //button[@aria-label='Next month']
13:19:35.337 INFO  manager.MyListener - The element  with locator--->By.xpath: //button[@aria-label='Next month']<---was found
13:19:35.373 INFO  manager.MyListener - Start find element--->By.xpath: //button[@aria-label='Next month']
13:19:35.379 INFO  manager.MyListener - The element  with locator--->By.xpath: //button[@aria-label='Next month']<---was found
13:19:35.414 INFO  manager.MyListener - Start find element--->By.xpath: //button[@aria-label='Next month']
13:19:35.421 INFO  manager.MyListener - The element  with locator--->By.xpath: //button[@aria-label='Next month']<---was found
13:19:35.454 INFO  manager.MyListener - Start find element--->By.xpath: //button[@aria-label='Next month']
13:19:35.462 INFO  manager.MyListener - The element  with locator--->By.xpath: //button[@aria-label='Next month']<---was found
13:19:35.495 INFO  manager.MyListener - Start find element--->By.xpath: //button[@aria-label='Next month']
13:19:35.502 INFO  manager.MyListener - The element  with locator--->By.xpath: //button[@aria-label='Next month']<---was found
13:19:35.533 INFO  manager.MyListener - Start find element--->By.xpath: //button[@aria-label='Next month']
13:19:35.540 INFO  manager.MyListener - The element  with locator--->By.xpath: //button[@aria-label='Next month']<---was found
13:19:35.569 INFO  manager.MyListener - Start find element--->By.xpath: //button[@aria-label='Next month']
13:19:35.574 INFO  manager.MyListener - The element  with locator--->By.xpath: //button[@aria-label='Next month']<---was found
13:19:35.604 INFO  manager.MyListener - Start find element--->By.xpath: //button[@aria-label='Next month']
13:19:35.612 INFO  manager.MyListener - The element  with locator--->By.xpath: //button[@aria-label='Next month']<---was found
13:19:35.647 INFO  manager.MyListener - Start find element--->By.xpath: //button[@aria-label='Next month']
13:19:35.654 INFO  manager.MyListener - The element  with locator--->By.xpath: //button[@aria-label='Next month']<---was found
13:19:35.686 INFO  manager.MyListener - Start find element--->By.xpath: //div[text()=' 5 ']
13:19:35.693 INFO  manager.MyListener - The element  with locator--->By.xpath: //div[text()=' 5 ']<---was found
13:19:35.734 INFO  manager.MyListener - Start find element--->By.xpath: //button[@type='submit']
13:19:35.742 INFO  manager.MyListener - The element  with locator--->By.xpath: //button[@type='submit']<---was found
13:19:35.765 INFO  manager.MyListener - Start find element--->By.xpath: //button[@type='submit']
13:19:35.772 INFO  manager.MyListener - The element  with locator--->By.xpath: //button[@type='submit']<---was found
13:19:35.832 INFO  tests.Methods - Finish test--->public void tests.SearchTests.searchAnyPeriodWithMyData(java.lang.String,java.lang.String,java.lang.String)
13:19:35.833 INFO  tests.Methods - Start test --->public void tests.SearchTests.searchCurrentMonth()
13:19:35.834 INFO  manager.MyListener - Start find element--->By.cssSelector: [alt='logo']
13:19:35.842 INFO  manager.MyListener - The element  with locator--->By.cssSelector: [alt='logo']<---was found
13:19:35.987 INFO  manager.MyListener - Start find element--->By.id: city
13:19:35.995 INFO  manager.MyListener - The element  with locator--->By.id: city<---was found
13:19:36.594 INFO  manager.MyListener - Start find element--->By.cssSelector: .pac-item
13:19:36.601 INFO  manager.MyListener - The element  with locator--->By.cssSelector: .pac-item<---was found
13:19:37.627 INFO  manager.MyListener - Start find element--->By.id: dates
13:19:37.633 INFO  manager.MyListener - The element  with locator--->By.id: dates<---was found
13:19:37.695 INFO  manager.MyListener - Start find element--->By.xpath: //*[text()=' 10 ']
13:19:37.705 INFO  manager.MyListener - The element  with locator--->By.xpath: //*[text()=' 10 ']<---was found
13:19:37.745 INFO  manager.MyListener - Start find element--->By.xpath: //*[text()=' 20 ']
13:19:37.754 INFO  manager.MyListener - The element  with locator--->By.xpath: //*[text()=' 20 ']<---was found
13:19:37.794 INFO  manager.MyListener - Start find element--->By.xpath: //button[@type='submit']
13:19:37.802 INFO  manager.MyListener - The element  with locator--->By.xpath: //button[@type='submit']<---was found
13:19:37.820 INFO  manager.MyListener - Start find element--->By.xpath: //button[@type='submit']
13:19:37.826 INFO  manager.MyListener - The element  with locator--->By.xpath: //button[@type='submit']<---was found
13:19:37.887 INFO  manager.MyListener - Start find element--->By.xpath: //*[@class='car-container ng-star-inserted']
13:19:38.783 INFO  manager.MyListener - The element  with locator--->By.xpath: //*[@class='car-container ng-star-inserted']<---was found
13:19:38.783 INFO  tests.Methods - Finish test--->public void tests.SearchTests.searchCurrentMonth()
13:19:38.784 INFO  tests.Methods - Start test --->public void tests.SearchTests.searchCurrentMonthInPast()
13:19:38.784 INFO  manager.MyListener - Start find element--->By.cssSelector: [alt='logo']
13:19:38.790 INFO  manager.MyListener - The element  with locator--->By.cssSelector: [alt='logo']<---was found
13:19:38.941 INFO  manager.MyListener - Start find element--->By.id: city
13:19:38.947 INFO  manager.MyListener - The element  with locator--->By.id: city<---was found
13:19:39.546 INFO  manager.MyListener - Start find element--->By.cssSelector: .pac-item
13:19:39.552 INFO  manager.MyListener - The element  with locator--->By.cssSelector: .pac-item<---was found
13:19:40.578 INFO  manager.MyListener - Start find element--->By.cssSelector: #dates
13:19:40.584 INFO  manager.MyListener - The element  with locator--->By.cssSelector: #dates<---was found
13:19:40.636 INFO  manager.MyListener - Start find element--->By.cssSelector: #dates
13:19:40.642 INFO  manager.MyListener - The element  with locator--->By.cssSelector: #dates<---was found
13:19:42.198 INFO  manager.MyListener - Start find element--->By.cssSelector: button[disabled]
13:19:42.207 INFO  manager.MyListener - The element  with locator--->By.cssSelector: button[disabled]<---was found
13:19:42.207 INFO  manager.MyListener - Start find element--->By.xpath: //div[@class='ng-star-inserted']
13:19:42.215 INFO  manager.MyListener - The element  with locator--->By.xpath: //div[@class='ng-star-inserted']<---was found
13:19:42.224 INFO  tests.Methods - Finish test--->public void tests.SearchTests.searchCurrentMonthInPast()
